[2023-08-31 13:21:41,558] {taskinstance.py:851} INFO - Dependencies all met for <TaskInstance: our_first_dag_v5.thrid_task 2021-08-20T00:00:00+00:00 [queued]>
[2023-08-31 13:21:41,656] {taskinstance.py:851} INFO - Dependencies all met for <TaskInstance: our_first_dag_v5.thrid_task 2021-08-20T00:00:00+00:00 [queued]>
[2023-08-31 13:21:41,661] {taskinstance.py:1042} INFO - 
--------------------------------------------------------------------------------
[2023-08-31 13:21:41,664] {taskinstance.py:1043} INFO - Starting attempt 1 of 6
[2023-08-31 13:21:41,665] {taskinstance.py:1044} INFO - 
--------------------------------------------------------------------------------
[2023-08-31 13:21:41,723] {taskinstance.py:1063} INFO - Executing <Task(BashOperator): thrid_task> on 2021-08-20T00:00:00+00:00
[2023-08-31 13:21:41,733] {standard_task_runner.py:52} INFO - Started process 1918 to run task
[2023-08-31 13:21:41,750] {standard_task_runner.py:76} INFO - Running: ['airflow', 'tasks', 'run', 'our_first_dag_v5', 'thrid_task', '2021-08-20T00:00:00+00:00', '--job-id', '70', '--pool', 'default_pool', '--raw', '--subdir', 'DAGS_FOLDER/our_first_dag.py', '--cfg-path', '/tmp/tmpikev6eks', '--error-file', '/tmp/tmpyec3a7i4']
[2023-08-31 13:21:41,760] {standard_task_runner.py:77} INFO - Job 70: Subtask thrid_task
[2023-08-31 13:21:41,914] {logging_mixin.py:104} INFO - Running <TaskInstance: our_first_dag_v5.thrid_task 2021-08-20T00:00:00+00:00 [running]> on host e7718740c1e6
[2023-08-31 13:21:42,089] {taskinstance.py:1257} INFO - Exporting the following env vars:
AIRFLOW_CTX_DAG_OWNER=devendra
AIRFLOW_CTX_DAG_ID=our_first_dag_v5
AIRFLOW_CTX_TASK_ID=thrid_task
AIRFLOW_CTX_EXECUTION_DATE=2021-08-20T00:00:00+00:00
AIRFLOW_CTX_DAG_RUN_ID=scheduled__2021-08-20T00:00:00+00:00
[2023-08-31 13:21:42,091] {bash.py:135} INFO - Tmp dir root location: 
 /tmp
[2023-08-31 13:21:42,092] {bash.py:158} INFO - Running command: echo hey, I am task3 and will be running after task1 at the same time as task2!
[2023-08-31 13:21:42,118] {bash.py:169} INFO - Output:
[2023-08-31 13:21:42,228] {bash.py:173} INFO - hey, I am task3 and will be running after task1 at the same time as task2!
[2023-08-31 13:21:42,244] {bash.py:177} INFO - Command exited with return code 0
[2023-08-31 13:21:42,323] {taskinstance.py:1166} INFO - Marking task as SUCCESS. dag_id=our_first_dag_v5, task_id=thrid_task, execution_date=20210820T000000, start_date=20230831T132141, end_date=20230831T132142
[2023-08-31 13:21:42,426] {taskinstance.py:1220} INFO - 0 downstream tasks scheduled from follow-on schedule check
[2023-08-31 13:21:42,496] {local_task_job.py:146} INFO - Task exited with return code 0
