[2023-08-31 13:23:37,924] {taskinstance.py:851} INFO - Dependencies all met for <TaskInstance: our_first_dag_v5.first_task 2022-01-22T00:00:00+00:00 [queued]>
[2023-08-31 13:23:37,980] {taskinstance.py:851} INFO - Dependencies all met for <TaskInstance: our_first_dag_v5.first_task 2022-01-22T00:00:00+00:00 [queued]>
[2023-08-31 13:23:37,987] {taskinstance.py:1042} INFO - 
--------------------------------------------------------------------------------
[2023-08-31 13:23:37,988] {taskinstance.py:1043} INFO - Starting attempt 1 of 6
[2023-08-31 13:23:37,989] {taskinstance.py:1044} INFO - 
--------------------------------------------------------------------------------
[2023-08-31 13:23:38,034] {taskinstance.py:1063} INFO - Executing <Task(BashOperator): first_task> on 2022-01-22T00:00:00+00:00
[2023-08-31 13:23:38,049] {standard_task_runner.py:52} INFO - Started process 5678 to run task
[2023-08-31 13:23:38,073] {standard_task_runner.py:76} INFO - Running: ['airflow', 'tasks', 'run', 'our_first_dag_v5', 'first_task', '2022-01-22T00:00:00+00:00', '--job-id', '524', '--pool', 'default_pool', '--raw', '--subdir', 'DAGS_FOLDER/our_first_dag.py', '--cfg-path', '/tmp/tmpwoqd3kac', '--error-file', '/tmp/tmpdru8mz1c']
[2023-08-31 13:23:38,084] {standard_task_runner.py:77} INFO - Job 524: Subtask first_task
[2023-08-31 13:23:38,297] {logging_mixin.py:104} INFO - Running <TaskInstance: our_first_dag_v5.first_task 2022-01-22T00:00:00+00:00 [running]> on host e7718740c1e6
[2023-08-31 13:23:38,512] {taskinstance.py:1257} INFO - Exporting the following env vars:
AIRFLOW_CTX_DAG_OWNER=devendra
AIRFLOW_CTX_DAG_ID=our_first_dag_v5
AIRFLOW_CTX_TASK_ID=first_task
AIRFLOW_CTX_EXECUTION_DATE=2022-01-22T00:00:00+00:00
AIRFLOW_CTX_DAG_RUN_ID=scheduled__2022-01-22T00:00:00+00:00
[2023-08-31 13:23:38,516] {bash.py:135} INFO - Tmp dir root location: 
 /tmp
[2023-08-31 13:23:38,521] {bash.py:158} INFO - Running command: echo hello world, this is the first task!
[2023-08-31 13:23:38,557] {bash.py:169} INFO - Output:
[2023-08-31 13:23:38,645] {bash.py:173} INFO - hello world, this is the first task!
[2023-08-31 13:23:38,658] {bash.py:177} INFO - Command exited with return code 0
[2023-08-31 13:23:38,725] {taskinstance.py:1166} INFO - Marking task as SUCCESS. dag_id=our_first_dag_v5, task_id=first_task, execution_date=20220122T000000, start_date=20230831T132337, end_date=20230831T132338
[2023-08-31 13:23:38,975] {taskinstance.py:1220} INFO - 2 downstream tasks scheduled from follow-on schedule check
[2023-08-31 13:23:39,044] {local_task_job.py:146} INFO - Task exited with return code 0
