[2023-08-31 13:23:20,874] {taskinstance.py:851} INFO - Dependencies all met for <TaskInstance: our_first_dag_v5.first_task 2021-12-31T00:00:00+00:00 [queued]>
[2023-08-31 13:23:20,958] {taskinstance.py:851} INFO - Dependencies all met for <TaskInstance: our_first_dag_v5.first_task 2021-12-31T00:00:00+00:00 [queued]>
[2023-08-31 13:23:20,959] {taskinstance.py:1042} INFO - 
--------------------------------------------------------------------------------
[2023-08-31 13:23:20,960] {taskinstance.py:1043} INFO - Starting attempt 1 of 6
[2023-08-31 13:23:20,961] {taskinstance.py:1044} INFO - 
--------------------------------------------------------------------------------
[2023-08-31 13:23:21,000] {taskinstance.py:1063} INFO - Executing <Task(BashOperator): first_task> on 2021-12-31T00:00:00+00:00
[2023-08-31 13:23:21,012] {standard_task_runner.py:52} INFO - Started process 5108 to run task
[2023-08-31 13:23:21,066] {standard_task_runner.py:76} INFO - Running: ['airflow', 'tasks', 'run', 'our_first_dag_v5', 'first_task', '2021-12-31T00:00:00+00:00', '--job-id', '456', '--pool', 'default_pool', '--raw', '--subdir', 'DAGS_FOLDER/our_first_dag.py', '--cfg-path', '/tmp/tmpfs9iv3ia', '--error-file', '/tmp/tmp_t99q1ml']
[2023-08-31 13:23:21,077] {standard_task_runner.py:77} INFO - Job 456: Subtask first_task
[2023-08-31 13:23:21,324] {logging_mixin.py:104} INFO - Running <TaskInstance: our_first_dag_v5.first_task 2021-12-31T00:00:00+00:00 [running]> on host e7718740c1e6
[2023-08-31 13:23:21,512] {taskinstance.py:1257} INFO - Exporting the following env vars:
AIRFLOW_CTX_DAG_OWNER=devendra
AIRFLOW_CTX_DAG_ID=our_first_dag_v5
AIRFLOW_CTX_TASK_ID=first_task
AIRFLOW_CTX_EXECUTION_DATE=2021-12-31T00:00:00+00:00
AIRFLOW_CTX_DAG_RUN_ID=scheduled__2021-12-31T00:00:00+00:00
[2023-08-31 13:23:21,514] {bash.py:135} INFO - Tmp dir root location: 
 /tmp
[2023-08-31 13:23:21,516] {bash.py:158} INFO - Running command: echo hello world, this is the first task!
[2023-08-31 13:23:21,541] {bash.py:169} INFO - Output:
[2023-08-31 13:23:21,624] {bash.py:173} INFO - hello world, this is the first task!
[2023-08-31 13:23:21,633] {bash.py:177} INFO - Command exited with return code 0
[2023-08-31 13:23:21,754] {taskinstance.py:1166} INFO - Marking task as SUCCESS. dag_id=our_first_dag_v5, task_id=first_task, execution_date=20211231T000000, start_date=20230831T132320, end_date=20230831T132321
[2023-08-31 13:23:21,881] {taskinstance.py:1220} INFO - 2 downstream tasks scheduled from follow-on schedule check
[2023-08-31 13:23:21,934] {local_task_job.py:146} INFO - Task exited with return code 0
