[2023-08-31 13:22:29,019] {taskinstance.py:851} INFO - Dependencies all met for <TaskInstance: our_first_dag_v5.thrid_task 2021-10-19T00:00:00+00:00 [queued]>
[2023-08-31 13:22:29,083] {taskinstance.py:851} INFO - Dependencies all met for <TaskInstance: our_first_dag_v5.thrid_task 2021-10-19T00:00:00+00:00 [queued]>
[2023-08-31 13:22:29,084] {taskinstance.py:1042} INFO - 
--------------------------------------------------------------------------------
[2023-08-31 13:22:29,085] {taskinstance.py:1043} INFO - Starting attempt 1 of 6
[2023-08-31 13:22:29,085] {taskinstance.py:1044} INFO - 
--------------------------------------------------------------------------------
[2023-08-31 13:22:29,139] {taskinstance.py:1063} INFO - Executing <Task(BashOperator): thrid_task> on 2021-10-19T00:00:00+00:00
[2023-08-31 13:22:29,151] {standard_task_runner.py:52} INFO - Started process 3408 to run task
[2023-08-31 13:22:29,167] {standard_task_runner.py:76} INFO - Running: ['airflow', 'tasks', 'run', 'our_first_dag_v5', 'thrid_task', '2021-10-19T00:00:00+00:00', '--job-id', '250', '--pool', 'default_pool', '--raw', '--subdir', 'DAGS_FOLDER/our_first_dag.py', '--cfg-path', '/tmp/tmp_nm5cwi9', '--error-file', '/tmp/tmp1z88fx47']
[2023-08-31 13:22:29,176] {standard_task_runner.py:77} INFO - Job 250: Subtask thrid_task
[2023-08-31 13:22:29,408] {logging_mixin.py:104} INFO - Running <TaskInstance: our_first_dag_v5.thrid_task 2021-10-19T00:00:00+00:00 [running]> on host e7718740c1e6
[2023-08-31 13:22:29,639] {taskinstance.py:1257} INFO - Exporting the following env vars:
AIRFLOW_CTX_DAG_OWNER=devendra
AIRFLOW_CTX_DAG_ID=our_first_dag_v5
AIRFLOW_CTX_TASK_ID=thrid_task
AIRFLOW_CTX_EXECUTION_DATE=2021-10-19T00:00:00+00:00
AIRFLOW_CTX_DAG_RUN_ID=scheduled__2021-10-19T00:00:00+00:00
[2023-08-31 13:22:29,645] {bash.py:135} INFO - Tmp dir root location: 
 /tmp
[2023-08-31 13:22:29,649] {bash.py:158} INFO - Running command: echo hey, I am task3 and will be running after task1 at the same time as task2!
[2023-08-31 13:22:29,695] {bash.py:169} INFO - Output:
[2023-08-31 13:22:29,838] {bash.py:173} INFO - hey, I am task3 and will be running after task1 at the same time as task2!
[2023-08-31 13:22:29,849] {bash.py:177} INFO - Command exited with return code 0
[2023-08-31 13:22:29,962] {taskinstance.py:1166} INFO - Marking task as SUCCESS. dag_id=our_first_dag_v5, task_id=thrid_task, execution_date=20211019T000000, start_date=20230831T132229, end_date=20230831T132229
[2023-08-31 13:22:30,587] {taskinstance.py:1220} INFO - 0 downstream tasks scheduled from follow-on schedule check
[2023-08-31 13:22:30,676] {local_task_job.py:146} INFO - Task exited with return code 0
