[2023-08-31 13:23:41,450] {taskinstance.py:851} INFO - Dependencies all met for <TaskInstance: our_first_dag_v5.thrid_task 2022-01-23T00:00:00+00:00 [queued]>
[2023-08-31 13:23:41,556] {taskinstance.py:851} INFO - Dependencies all met for <TaskInstance: our_first_dag_v5.thrid_task 2022-01-23T00:00:00+00:00 [queued]>
[2023-08-31 13:23:41,558] {taskinstance.py:1042} INFO - 
--------------------------------------------------------------------------------
[2023-08-31 13:23:41,558] {taskinstance.py:1043} INFO - Starting attempt 1 of 6
[2023-08-31 13:23:41,559] {taskinstance.py:1044} INFO - 
--------------------------------------------------------------------------------
[2023-08-31 13:23:41,645] {taskinstance.py:1063} INFO - Executing <Task(BashOperator): thrid_task> on 2022-01-23T00:00:00+00:00
[2023-08-31 13:23:41,661] {standard_task_runner.py:52} INFO - Started process 5784 to run task
[2023-08-31 13:23:41,701] {standard_task_runner.py:76} INFO - Running: ['airflow', 'tasks', 'run', 'our_first_dag_v5', 'thrid_task', '2022-01-23T00:00:00+00:00', '--job-id', '539', '--pool', 'default_pool', '--raw', '--subdir', 'DAGS_FOLDER/our_first_dag.py', '--cfg-path', '/tmp/tmpsovgczxa', '--error-file', '/tmp/tmpvnthga7m']
[2023-08-31 13:23:41,717] {standard_task_runner.py:77} INFO - Job 539: Subtask thrid_task
[2023-08-31 13:23:41,918] {logging_mixin.py:104} INFO - Running <TaskInstance: our_first_dag_v5.thrid_task 2022-01-23T00:00:00+00:00 [running]> on host e7718740c1e6
[2023-08-31 13:23:42,089] {taskinstance.py:1257} INFO - Exporting the following env vars:
AIRFLOW_CTX_DAG_OWNER=devendra
AIRFLOW_CTX_DAG_ID=our_first_dag_v5
AIRFLOW_CTX_TASK_ID=thrid_task
AIRFLOW_CTX_EXECUTION_DATE=2022-01-23T00:00:00+00:00
AIRFLOW_CTX_DAG_RUN_ID=scheduled__2022-01-23T00:00:00+00:00
[2023-08-31 13:23:42,091] {bash.py:135} INFO - Tmp dir root location: 
 /tmp
[2023-08-31 13:23:42,095] {bash.py:158} INFO - Running command: echo hey, I am task3 and will be running after task1 at the same time as task2!
[2023-08-31 13:23:42,131] {bash.py:169} INFO - Output:
[2023-08-31 13:23:42,258] {bash.py:173} INFO - hey, I am task3 and will be running after task1 at the same time as task2!
[2023-08-31 13:23:42,285] {bash.py:177} INFO - Command exited with return code 0
[2023-08-31 13:23:42,378] {taskinstance.py:1166} INFO - Marking task as SUCCESS. dag_id=our_first_dag_v5, task_id=thrid_task, execution_date=20220123T000000, start_date=20230831T132341, end_date=20230831T132342
[2023-08-31 13:23:42,466] {taskinstance.py:1220} INFO - 0 downstream tasks scheduled from follow-on schedule check
[2023-08-31 13:23:42,503] {local_task_job.py:146} INFO - Task exited with return code 0
