[2023-08-31 13:22:21,669] {taskinstance.py:851} INFO - Dependencies all met for <TaskInstance: our_first_dag_v5.first_task 2021-10-13T00:00:00+00:00 [queued]>
[2023-08-31 13:22:21,711] {taskinstance.py:851} INFO - Dependencies all met for <TaskInstance: our_first_dag_v5.first_task 2021-10-13T00:00:00+00:00 [queued]>
[2023-08-31 13:22:21,712] {taskinstance.py:1042} INFO - 
--------------------------------------------------------------------------------
[2023-08-31 13:22:21,713] {taskinstance.py:1043} INFO - Starting attempt 1 of 6
[2023-08-31 13:22:21,714] {taskinstance.py:1044} INFO - 
--------------------------------------------------------------------------------
[2023-08-31 13:22:21,743] {taskinstance.py:1063} INFO - Executing <Task(BashOperator): first_task> on 2021-10-13T00:00:00+00:00
[2023-08-31 13:22:21,751] {standard_task_runner.py:52} INFO - Started process 3178 to run task
[2023-08-31 13:22:21,771] {standard_task_runner.py:76} INFO - Running: ['airflow', 'tasks', 'run', 'our_first_dag_v5', 'first_task', '2021-10-13T00:00:00+00:00', '--job-id', '221', '--pool', 'default_pool', '--raw', '--subdir', 'DAGS_FOLDER/our_first_dag.py', '--cfg-path', '/tmp/tmpyhg5k66w', '--error-file', '/tmp/tmp6q4s0h0y']
[2023-08-31 13:22:21,776] {standard_task_runner.py:77} INFO - Job 221: Subtask first_task
[2023-08-31 13:22:21,857] {logging_mixin.py:104} INFO - Running <TaskInstance: our_first_dag_v5.first_task 2021-10-13T00:00:00+00:00 [running]> on host e7718740c1e6
[2023-08-31 13:22:21,950] {taskinstance.py:1257} INFO - Exporting the following env vars:
AIRFLOW_CTX_DAG_OWNER=devendra
AIRFLOW_CTX_DAG_ID=our_first_dag_v5
AIRFLOW_CTX_TASK_ID=first_task
AIRFLOW_CTX_EXECUTION_DATE=2021-10-13T00:00:00+00:00
AIRFLOW_CTX_DAG_RUN_ID=scheduled__2021-10-13T00:00:00+00:00
[2023-08-31 13:22:21,952] {bash.py:135} INFO - Tmp dir root location: 
 /tmp
[2023-08-31 13:22:21,954] {bash.py:158} INFO - Running command: echo hello world, this is the first task!
[2023-08-31 13:22:21,970] {bash.py:169} INFO - Output:
[2023-08-31 13:22:22,010] {bash.py:173} INFO - hello world, this is the first task!
[2023-08-31 13:22:22,014] {bash.py:177} INFO - Command exited with return code 0
[2023-08-31 13:22:22,100] {taskinstance.py:1166} INFO - Marking task as SUCCESS. dag_id=our_first_dag_v5, task_id=first_task, execution_date=20211013T000000, start_date=20230831T132221, end_date=20230831T132222
[2023-08-31 13:22:22,270] {taskinstance.py:1220} INFO - 2 downstream tasks scheduled from follow-on schedule check
[2023-08-31 13:22:22,302] {local_task_job.py:146} INFO - Task exited with return code 0
