[2023-08-31 13:21:47,047] {taskinstance.py:851} INFO - Dependencies all met for <TaskInstance: our_first_dag_v5.first_task 2021-08-30T00:00:00+00:00 [queued]>
[2023-08-31 13:21:47,105] {taskinstance.py:851} INFO - Dependencies all met for <TaskInstance: our_first_dag_v5.first_task 2021-08-30T00:00:00+00:00 [queued]>
[2023-08-31 13:21:47,106] {taskinstance.py:1042} INFO - 
--------------------------------------------------------------------------------
[2023-08-31 13:21:47,107] {taskinstance.py:1043} INFO - Starting attempt 1 of 6
[2023-08-31 13:21:47,108] {taskinstance.py:1044} INFO - 
--------------------------------------------------------------------------------
[2023-08-31 13:21:47,147] {taskinstance.py:1063} INFO - Executing <Task(BashOperator): first_task> on 2021-08-30T00:00:00+00:00
[2023-08-31 13:21:47,154] {standard_task_runner.py:52} INFO - Started process 2098 to run task
[2023-08-31 13:21:47,180] {standard_task_runner.py:76} INFO - Running: ['airflow', 'tasks', 'run', 'our_first_dag_v5', 'first_task', '2021-08-30T00:00:00+00:00', '--job-id', '91', '--pool', 'default_pool', '--raw', '--subdir', 'DAGS_FOLDER/our_first_dag.py', '--cfg-path', '/tmp/tmp3wv0_p0c', '--error-file', '/tmp/tmpayso4qzk']
[2023-08-31 13:21:47,194] {standard_task_runner.py:77} INFO - Job 91: Subtask first_task
[2023-08-31 13:21:47,354] {logging_mixin.py:104} INFO - Running <TaskInstance: our_first_dag_v5.first_task 2021-08-30T00:00:00+00:00 [running]> on host e7718740c1e6
[2023-08-31 13:21:47,584] {taskinstance.py:1257} INFO - Exporting the following env vars:
AIRFLOW_CTX_DAG_OWNER=devendra
AIRFLOW_CTX_DAG_ID=our_first_dag_v5
AIRFLOW_CTX_TASK_ID=first_task
AIRFLOW_CTX_EXECUTION_DATE=2021-08-30T00:00:00+00:00
AIRFLOW_CTX_DAG_RUN_ID=scheduled__2021-08-30T00:00:00+00:00
[2023-08-31 13:21:47,588] {bash.py:135} INFO - Tmp dir root location: 
 /tmp
[2023-08-31 13:21:47,590] {bash.py:158} INFO - Running command: echo hello world, this is the first task!
[2023-08-31 13:21:47,609] {bash.py:169} INFO - Output:
[2023-08-31 13:21:47,702] {bash.py:173} INFO - hello world, this is the first task!
[2023-08-31 13:21:47,728] {bash.py:177} INFO - Command exited with return code 0
[2023-08-31 13:21:47,804] {taskinstance.py:1166} INFO - Marking task as SUCCESS. dag_id=our_first_dag_v5, task_id=first_task, execution_date=20210830T000000, start_date=20230831T132147, end_date=20230831T132147
[2023-08-31 13:21:47,947] {taskinstance.py:1220} INFO - 2 downstream tasks scheduled from follow-on schedule check
[2023-08-31 13:21:47,985] {local_task_job.py:146} INFO - Task exited with return code 0
