[2023-08-31 13:21:33,005] {taskinstance.py:851} INFO - Dependencies all met for <TaskInstance: our_first_dag_v5.first_task 2021-08-13T00:00:00+00:00 [queued]>
[2023-08-31 13:21:33,065] {taskinstance.py:851} INFO - Dependencies all met for <TaskInstance: our_first_dag_v5.first_task 2021-08-13T00:00:00+00:00 [queued]>
[2023-08-31 13:21:33,067] {taskinstance.py:1042} INFO - 
--------------------------------------------------------------------------------
[2023-08-31 13:21:33,067] {taskinstance.py:1043} INFO - Starting attempt 1 of 6
[2023-08-31 13:21:33,070] {taskinstance.py:1044} INFO - 
--------------------------------------------------------------------------------
[2023-08-31 13:21:33,132] {taskinstance.py:1063} INFO - Executing <Task(BashOperator): first_task> on 2021-08-13T00:00:00+00:00
[2023-08-31 13:21:33,136] {standard_task_runner.py:52} INFO - Started process 1636 to run task
[2023-08-31 13:21:33,165] {standard_task_runner.py:76} INFO - Running: ['airflow', 'tasks', 'run', 'our_first_dag_v5', 'first_task', '2021-08-13T00:00:00+00:00', '--job-id', '36', '--pool', 'default_pool', '--raw', '--subdir', 'DAGS_FOLDER/our_first_dag.py', '--cfg-path', '/tmp/tmpimscbioe', '--error-file', '/tmp/tmpnuthxts0']
[2023-08-31 13:21:33,188] {standard_task_runner.py:77} INFO - Job 36: Subtask first_task
[2023-08-31 13:21:33,487] {logging_mixin.py:104} INFO - Running <TaskInstance: our_first_dag_v5.first_task 2021-08-13T00:00:00+00:00 [running]> on host e7718740c1e6
[2023-08-31 13:21:33,623] {taskinstance.py:1257} INFO - Exporting the following env vars:
AIRFLOW_CTX_DAG_OWNER=devendra
AIRFLOW_CTX_DAG_ID=our_first_dag_v5
AIRFLOW_CTX_TASK_ID=first_task
AIRFLOW_CTX_EXECUTION_DATE=2021-08-13T00:00:00+00:00
AIRFLOW_CTX_DAG_RUN_ID=scheduled__2021-08-13T00:00:00+00:00
[2023-08-31 13:21:33,626] {bash.py:135} INFO - Tmp dir root location: 
 /tmp
[2023-08-31 13:21:33,628] {bash.py:158} INFO - Running command: echo hello world, this is the first task!
[2023-08-31 13:21:33,660] {bash.py:169} INFO - Output:
[2023-08-31 13:21:33,765] {bash.py:173} INFO - hello world, this is the first task!
[2023-08-31 13:21:33,782] {bash.py:177} INFO - Command exited with return code 0
[2023-08-31 13:21:33,870] {taskinstance.py:1166} INFO - Marking task as SUCCESS. dag_id=our_first_dag_v5, task_id=first_task, execution_date=20210813T000000, start_date=20230831T132133, end_date=20230831T132133
[2023-08-31 13:21:34,018] {taskinstance.py:1220} INFO - 2 downstream tasks scheduled from follow-on schedule check
[2023-08-31 13:21:34,090] {local_task_job.py:146} INFO - Task exited with return code 0
