[2023-08-31 13:22:53,808] {taskinstance.py:851} INFO - Dependencies all met for <TaskInstance: our_first_dag_v5.first_task 2021-11-25T00:00:00+00:00 [queued]>
[2023-08-31 13:22:53,866] {taskinstance.py:851} INFO - Dependencies all met for <TaskInstance: our_first_dag_v5.first_task 2021-11-25T00:00:00+00:00 [queued]>
[2023-08-31 13:22:53,867] {taskinstance.py:1042} INFO - 
--------------------------------------------------------------------------------
[2023-08-31 13:22:53,868] {taskinstance.py:1043} INFO - Starting attempt 1 of 6
[2023-08-31 13:22:53,869] {taskinstance.py:1044} INFO - 
--------------------------------------------------------------------------------
[2023-08-31 13:22:53,937] {taskinstance.py:1063} INFO - Executing <Task(BashOperator): first_task> on 2021-11-25T00:00:00+00:00
[2023-08-31 13:22:53,952] {standard_task_runner.py:52} INFO - Started process 4228 to run task
[2023-08-31 13:22:53,984] {standard_task_runner.py:76} INFO - Running: ['airflow', 'tasks', 'run', 'our_first_dag_v5', 'first_task', '2021-11-25T00:00:00+00:00', '--job-id', '348', '--pool', 'default_pool', '--raw', '--subdir', 'DAGS_FOLDER/our_first_dag.py', '--cfg-path', '/tmp/tmpzyt_rsx2', '--error-file', '/tmp/tmpuzkd8_w7']
[2023-08-31 13:22:54,001] {standard_task_runner.py:77} INFO - Job 348: Subtask first_task
[2023-08-31 13:22:54,143] {logging_mixin.py:104} INFO - Running <TaskInstance: our_first_dag_v5.first_task 2021-11-25T00:00:00+00:00 [running]> on host e7718740c1e6
[2023-08-31 13:22:54,302] {taskinstance.py:1257} INFO - Exporting the following env vars:
AIRFLOW_CTX_DAG_OWNER=devendra
AIRFLOW_CTX_DAG_ID=our_first_dag_v5
AIRFLOW_CTX_TASK_ID=first_task
AIRFLOW_CTX_EXECUTION_DATE=2021-11-25T00:00:00+00:00
AIRFLOW_CTX_DAG_RUN_ID=scheduled__2021-11-25T00:00:00+00:00
[2023-08-31 13:22:54,303] {bash.py:135} INFO - Tmp dir root location: 
 /tmp
[2023-08-31 13:22:54,305] {bash.py:158} INFO - Running command: echo hello world, this is the first task!
[2023-08-31 13:22:54,332] {bash.py:169} INFO - Output:
[2023-08-31 13:22:54,434] {bash.py:173} INFO - hello world, this is the first task!
[2023-08-31 13:22:54,454] {bash.py:177} INFO - Command exited with return code 0
[2023-08-31 13:22:54,541] {taskinstance.py:1166} INFO - Marking task as SUCCESS. dag_id=our_first_dag_v5, task_id=first_task, execution_date=20211125T000000, start_date=20230831T132253, end_date=20230831T132254
[2023-08-31 13:22:54,649] {taskinstance.py:1220} INFO - 2 downstream tasks scheduled from follow-on schedule check
[2023-08-31 13:22:54,675] {local_task_job.py:146} INFO - Task exited with return code 0
