[2023-08-31 13:22:25,493] {taskinstance.py:851} INFO - Dependencies all met for <TaskInstance: our_first_dag_v5.first_task 2021-10-18T00:00:00+00:00 [queued]>
[2023-08-31 13:22:25,545] {taskinstance.py:851} INFO - Dependencies all met for <TaskInstance: our_first_dag_v5.first_task 2021-10-18T00:00:00+00:00 [queued]>
[2023-08-31 13:22:25,546] {taskinstance.py:1042} INFO - 
--------------------------------------------------------------------------------
[2023-08-31 13:22:25,547] {taskinstance.py:1043} INFO - Starting attempt 1 of 6
[2023-08-31 13:22:25,547] {taskinstance.py:1044} INFO - 
--------------------------------------------------------------------------------
[2023-08-31 13:22:25,583] {taskinstance.py:1063} INFO - Executing <Task(BashOperator): first_task> on 2021-10-18T00:00:00+00:00
[2023-08-31 13:22:25,587] {standard_task_runner.py:52} INFO - Started process 3297 to run task
[2023-08-31 13:22:25,607] {standard_task_runner.py:76} INFO - Running: ['airflow', 'tasks', 'run', 'our_first_dag_v5', 'first_task', '2021-10-18T00:00:00+00:00', '--job-id', '236', '--pool', 'default_pool', '--raw', '--subdir', 'DAGS_FOLDER/our_first_dag.py', '--cfg-path', '/tmp/tmphwnw6zli', '--error-file', '/tmp/tmp0skvf5g1']
[2023-08-31 13:22:25,621] {standard_task_runner.py:77} INFO - Job 236: Subtask first_task
[2023-08-31 13:22:25,763] {logging_mixin.py:104} INFO - Running <TaskInstance: our_first_dag_v5.first_task 2021-10-18T00:00:00+00:00 [running]> on host e7718740c1e6
[2023-08-31 13:22:25,886] {taskinstance.py:1257} INFO - Exporting the following env vars:
AIRFLOW_CTX_DAG_OWNER=devendra
AIRFLOW_CTX_DAG_ID=our_first_dag_v5
AIRFLOW_CTX_TASK_ID=first_task
AIRFLOW_CTX_EXECUTION_DATE=2021-10-18T00:00:00+00:00
AIRFLOW_CTX_DAG_RUN_ID=scheduled__2021-10-18T00:00:00+00:00
[2023-08-31 13:22:25,889] {bash.py:135} INFO - Tmp dir root location: 
 /tmp
[2023-08-31 13:22:25,899] {bash.py:158} INFO - Running command: echo hello world, this is the first task!
[2023-08-31 13:22:25,923] {bash.py:169} INFO - Output:
[2023-08-31 13:22:25,985] {bash.py:173} INFO - hello world, this is the first task!
[2023-08-31 13:22:25,989] {bash.py:177} INFO - Command exited with return code 0
[2023-08-31 13:22:26,061] {taskinstance.py:1166} INFO - Marking task as SUCCESS. dag_id=our_first_dag_v5, task_id=first_task, execution_date=20211018T000000, start_date=20230831T132225, end_date=20230831T132226
[2023-08-31 13:22:26,186] {taskinstance.py:1220} INFO - 2 downstream tasks scheduled from follow-on schedule check
[2023-08-31 13:22:26,217] {local_task_job.py:146} INFO - Task exited with return code 0
