[2023-08-31 13:21:31,853] {taskinstance.py:851} INFO - Dependencies all met for <TaskInstance: our_first_dag_v5.second_task 2021-08-07T00:00:00+00:00 [queued]>
[2023-08-31 13:21:31,916] {taskinstance.py:851} INFO - Dependencies all met for <TaskInstance: our_first_dag_v5.second_task 2021-08-07T00:00:00+00:00 [queued]>
[2023-08-31 13:21:31,918] {taskinstance.py:1042} INFO - 
--------------------------------------------------------------------------------
[2023-08-31 13:21:31,918] {taskinstance.py:1043} INFO - Starting attempt 1 of 6
[2023-08-31 13:21:31,919] {taskinstance.py:1044} INFO - 
--------------------------------------------------------------------------------
[2023-08-31 13:21:31,977] {taskinstance.py:1063} INFO - Executing <Task(BashOperator): second_task> on 2021-08-07T00:00:00+00:00
[2023-08-31 13:21:31,995] {standard_task_runner.py:52} INFO - Started process 1599 to run task
[2023-08-31 13:21:32,013] {standard_task_runner.py:76} INFO - Running: ['airflow', 'tasks', 'run', 'our_first_dag_v5', 'second_task', '2021-08-07T00:00:00+00:00', '--job-id', '32', '--pool', 'default_pool', '--raw', '--subdir', 'DAGS_FOLDER/our_first_dag.py', '--cfg-path', '/tmp/tmpvx6qdvwl', '--error-file', '/tmp/tmptid070nc']
[2023-08-31 13:21:32,030] {standard_task_runner.py:77} INFO - Job 32: Subtask second_task
[2023-08-31 13:21:32,278] {logging_mixin.py:104} INFO - Running <TaskInstance: our_first_dag_v5.second_task 2021-08-07T00:00:00+00:00 [running]> on host e7718740c1e6
[2023-08-31 13:21:32,511] {taskinstance.py:1257} INFO - Exporting the following env vars:
AIRFLOW_CTX_DAG_OWNER=devendra
AIRFLOW_CTX_DAG_ID=our_first_dag_v5
AIRFLOW_CTX_TASK_ID=second_task
AIRFLOW_CTX_EXECUTION_DATE=2021-08-07T00:00:00+00:00
AIRFLOW_CTX_DAG_RUN_ID=scheduled__2021-08-07T00:00:00+00:00
[2023-08-31 13:21:32,513] {bash.py:135} INFO - Tmp dir root location: 
 /tmp
[2023-08-31 13:21:32,517] {bash.py:158} INFO - Running command: echo hey, I am task2 and will be running after task1!
[2023-08-31 13:21:32,579] {bash.py:169} INFO - Output:
[2023-08-31 13:21:32,689] {bash.py:173} INFO - hey, I am task2 and will be running after task1!
[2023-08-31 13:21:32,700] {bash.py:177} INFO - Command exited with return code 0
[2023-08-31 13:21:32,839] {taskinstance.py:1166} INFO - Marking task as SUCCESS. dag_id=our_first_dag_v5, task_id=second_task, execution_date=20210807T000000, start_date=20230831T132131, end_date=20230831T132132
[2023-08-31 13:21:33,182] {taskinstance.py:1220} INFO - 0 downstream tasks scheduled from follow-on schedule check
[2023-08-31 13:21:33,264] {local_task_job.py:146} INFO - Task exited with return code 0
