[2023-08-31 13:23:47,314] {taskinstance.py:851} INFO - Dependencies all met for <TaskInstance: our_first_dag_v5.first_task 2022-02-04T00:00:00+00:00 [queued]>
[2023-08-31 13:23:47,364] {taskinstance.py:851} INFO - Dependencies all met for <TaskInstance: our_first_dag_v5.first_task 2022-02-04T00:00:00+00:00 [queued]>
[2023-08-31 13:23:47,365] {taskinstance.py:1042} INFO - 
--------------------------------------------------------------------------------
[2023-08-31 13:23:47,366] {taskinstance.py:1043} INFO - Starting attempt 1 of 6
[2023-08-31 13:23:47,367] {taskinstance.py:1044} INFO - 
--------------------------------------------------------------------------------
[2023-08-31 13:23:47,398] {taskinstance.py:1063} INFO - Executing <Task(BashOperator): first_task> on 2022-02-04T00:00:00+00:00
[2023-08-31 13:23:47,405] {standard_task_runner.py:52} INFO - Started process 5980 to run task
[2023-08-31 13:23:47,413] {standard_task_runner.py:76} INFO - Running: ['airflow', 'tasks', 'run', 'our_first_dag_v5', 'first_task', '2022-02-04T00:00:00+00:00', '--job-id', '561', '--pool', 'default_pool', '--raw', '--subdir', 'DAGS_FOLDER/our_first_dag.py', '--cfg-path', '/tmp/tmpxn8_8l2d', '--error-file', '/tmp/tmpzbhve6qz']
[2023-08-31 13:23:47,418] {standard_task_runner.py:77} INFO - Job 561: Subtask first_task
[2023-08-31 13:23:47,600] {logging_mixin.py:104} INFO - Running <TaskInstance: our_first_dag_v5.first_task 2022-02-04T00:00:00+00:00 [running]> on host e7718740c1e6
[2023-08-31 13:23:47,831] {taskinstance.py:1257} INFO - Exporting the following env vars:
AIRFLOW_CTX_DAG_OWNER=devendra
AIRFLOW_CTX_DAG_ID=our_first_dag_v5
AIRFLOW_CTX_TASK_ID=first_task
AIRFLOW_CTX_EXECUTION_DATE=2022-02-04T00:00:00+00:00
AIRFLOW_CTX_DAG_RUN_ID=scheduled__2022-02-04T00:00:00+00:00
[2023-08-31 13:23:47,834] {bash.py:135} INFO - Tmp dir root location: 
 /tmp
[2023-08-31 13:23:47,836] {bash.py:158} INFO - Running command: echo hello world, this is the first task!
[2023-08-31 13:23:47,878] {bash.py:169} INFO - Output:
[2023-08-31 13:23:48,023] {bash.py:173} INFO - hello world, this is the first task!
[2023-08-31 13:23:48,035] {bash.py:177} INFO - Command exited with return code 0
[2023-08-31 13:23:48,123] {taskinstance.py:1166} INFO - Marking task as SUCCESS. dag_id=our_first_dag_v5, task_id=first_task, execution_date=20220204T000000, start_date=20230831T132347, end_date=20230831T132348
[2023-08-31 13:23:48,401] {taskinstance.py:1220} INFO - 0 downstream tasks scheduled from follow-on schedule check
[2023-08-31 13:23:48,440] {local_task_job.py:146} INFO - Task exited with return code 0
