[2023-08-31 13:23:22,979] {taskinstance.py:851} INFO - Dependencies all met for <TaskInstance: our_first_dag_v5.first_task 2022-01-03T00:00:00+00:00 [queued]>
[2023-08-31 13:23:23,050] {taskinstance.py:851} INFO - Dependencies all met for <TaskInstance: our_first_dag_v5.first_task 2022-01-03T00:00:00+00:00 [queued]>
[2023-08-31 13:23:23,058] {taskinstance.py:1042} INFO - 
--------------------------------------------------------------------------------
[2023-08-31 13:23:23,059] {taskinstance.py:1043} INFO - Starting attempt 1 of 6
[2023-08-31 13:23:23,060] {taskinstance.py:1044} INFO - 
--------------------------------------------------------------------------------
[2023-08-31 13:23:23,095] {taskinstance.py:1063} INFO - Executing <Task(BashOperator): first_task> on 2022-01-03T00:00:00+00:00
[2023-08-31 13:23:23,106] {standard_task_runner.py:52} INFO - Started process 5165 to run task
[2023-08-31 13:23:23,128] {standard_task_runner.py:76} INFO - Running: ['airflow', 'tasks', 'run', 'our_first_dag_v5', 'first_task', '2022-01-03T00:00:00+00:00', '--job-id', '466', '--pool', 'default_pool', '--raw', '--subdir', 'DAGS_FOLDER/our_first_dag.py', '--cfg-path', '/tmp/tmpidbel478', '--error-file', '/tmp/tmp3yroq16h']
[2023-08-31 13:23:23,135] {standard_task_runner.py:77} INFO - Job 466: Subtask first_task
[2023-08-31 13:23:23,418] {logging_mixin.py:104} INFO - Running <TaskInstance: our_first_dag_v5.first_task 2022-01-03T00:00:00+00:00 [running]> on host e7718740c1e6
[2023-08-31 13:23:23,686] {taskinstance.py:1257} INFO - Exporting the following env vars:
AIRFLOW_CTX_DAG_OWNER=devendra
AIRFLOW_CTX_DAG_ID=our_first_dag_v5
AIRFLOW_CTX_TASK_ID=first_task
AIRFLOW_CTX_EXECUTION_DATE=2022-01-03T00:00:00+00:00
AIRFLOW_CTX_DAG_RUN_ID=scheduled__2022-01-03T00:00:00+00:00
[2023-08-31 13:23:23,690] {bash.py:135} INFO - Tmp dir root location: 
 /tmp
[2023-08-31 13:23:23,692] {bash.py:158} INFO - Running command: echo hello world, this is the first task!
[2023-08-31 13:23:23,736] {bash.py:169} INFO - Output:
[2023-08-31 13:23:23,854] {bash.py:173} INFO - hello world, this is the first task!
[2023-08-31 13:23:23,863] {bash.py:177} INFO - Command exited with return code 0
[2023-08-31 13:23:23,954] {taskinstance.py:1166} INFO - Marking task as SUCCESS. dag_id=our_first_dag_v5, task_id=first_task, execution_date=20220103T000000, start_date=20230831T132322, end_date=20230831T132323
[2023-08-31 13:23:24,100] {taskinstance.py:1220} INFO - 2 downstream tasks scheduled from follow-on schedule check
[2023-08-31 13:23:24,146] {local_task_job.py:146} INFO - Task exited with return code 0
