[2023-08-31 13:23:13,249] {taskinstance.py:851} INFO - Dependencies all met for <TaskInstance: our_first_dag_v5.second_task 2021-12-16T00:00:00+00:00 [queued]>
[2023-08-31 13:23:13,320] {taskinstance.py:851} INFO - Dependencies all met for <TaskInstance: our_first_dag_v5.second_task 2021-12-16T00:00:00+00:00 [queued]>
[2023-08-31 13:23:13,321] {taskinstance.py:1042} INFO - 
--------------------------------------------------------------------------------
[2023-08-31 13:23:13,322] {taskinstance.py:1043} INFO - Starting attempt 1 of 6
[2023-08-31 13:23:13,322] {taskinstance.py:1044} INFO - 
--------------------------------------------------------------------------------
[2023-08-31 13:23:13,352] {taskinstance.py:1063} INFO - Executing <Task(BashOperator): second_task> on 2021-12-16T00:00:00+00:00
[2023-08-31 13:23:13,359] {standard_task_runner.py:52} INFO - Started process 4853 to run task
[2023-08-31 13:23:13,385] {standard_task_runner.py:76} INFO - Running: ['airflow', 'tasks', 'run', 'our_first_dag_v5', 'second_task', '2021-12-16T00:00:00+00:00', '--job-id', '425', '--pool', 'default_pool', '--raw', '--subdir', 'DAGS_FOLDER/our_first_dag.py', '--cfg-path', '/tmp/tmp6mrdaam7', '--error-file', '/tmp/tmpcd_x6nm2']
[2023-08-31 13:23:13,389] {standard_task_runner.py:77} INFO - Job 425: Subtask second_task
[2023-08-31 13:23:13,531] {logging_mixin.py:104} INFO - Running <TaskInstance: our_first_dag_v5.second_task 2021-12-16T00:00:00+00:00 [running]> on host e7718740c1e6
[2023-08-31 13:23:13,643] {taskinstance.py:1257} INFO - Exporting the following env vars:
AIRFLOW_CTX_DAG_OWNER=devendra
AIRFLOW_CTX_DAG_ID=our_first_dag_v5
AIRFLOW_CTX_TASK_ID=second_task
AIRFLOW_CTX_EXECUTION_DATE=2021-12-16T00:00:00+00:00
AIRFLOW_CTX_DAG_RUN_ID=scheduled__2021-12-16T00:00:00+00:00
[2023-08-31 13:23:13,644] {bash.py:135} INFO - Tmp dir root location: 
 /tmp
[2023-08-31 13:23:13,646] {bash.py:158} INFO - Running command: echo hey, I am task2 and will be running after task1!
[2023-08-31 13:23:13,678] {bash.py:169} INFO - Output:
[2023-08-31 13:23:13,771] {bash.py:173} INFO - hey, I am task2 and will be running after task1!
[2023-08-31 13:23:13,778] {bash.py:177} INFO - Command exited with return code 0
[2023-08-31 13:23:13,847] {taskinstance.py:1166} INFO - Marking task as SUCCESS. dag_id=our_first_dag_v5, task_id=second_task, execution_date=20211216T000000, start_date=20230831T132313, end_date=20230831T132313
[2023-08-31 13:23:13,992] {taskinstance.py:1220} INFO - 0 downstream tasks scheduled from follow-on schedule check
[2023-08-31 13:23:14,050] {local_task_job.py:146} INFO - Task exited with return code 0
