[2023-08-31 13:23:02,656] {taskinstance.py:851} INFO - Dependencies all met for <TaskInstance: our_first_dag_v5.second_task 2021-12-03T00:00:00+00:00 [queued]>
[2023-08-31 13:23:02,721] {taskinstance.py:851} INFO - Dependencies all met for <TaskInstance: our_first_dag_v5.second_task 2021-12-03T00:00:00+00:00 [queued]>
[2023-08-31 13:23:02,723] {taskinstance.py:1042} INFO - 
--------------------------------------------------------------------------------
[2023-08-31 13:23:02,724] {taskinstance.py:1043} INFO - Starting attempt 1 of 6
[2023-08-31 13:23:02,725] {taskinstance.py:1044} INFO - 
--------------------------------------------------------------------------------
[2023-08-31 13:23:02,789] {taskinstance.py:1063} INFO - Executing <Task(BashOperator): second_task> on 2021-12-03T00:00:00+00:00
[2023-08-31 13:23:02,798] {standard_task_runner.py:52} INFO - Started process 4520 to run task
[2023-08-31 13:23:02,831] {standard_task_runner.py:76} INFO - Running: ['airflow', 'tasks', 'run', 'our_first_dag_v5', 'second_task', '2021-12-03T00:00:00+00:00', '--job-id', '385', '--pool', 'default_pool', '--raw', '--subdir', 'DAGS_FOLDER/our_first_dag.py', '--cfg-path', '/tmp/tmpo8wm45zj', '--error-file', '/tmp/tmpf9udsnt4']
[2023-08-31 13:23:02,846] {standard_task_runner.py:77} INFO - Job 385: Subtask second_task
[2023-08-31 13:23:03,080] {logging_mixin.py:104} INFO - Running <TaskInstance: our_first_dag_v5.second_task 2021-12-03T00:00:00+00:00 [running]> on host e7718740c1e6
[2023-08-31 13:23:03,289] {taskinstance.py:1257} INFO - Exporting the following env vars:
AIRFLOW_CTX_DAG_OWNER=devendra
AIRFLOW_CTX_DAG_ID=our_first_dag_v5
AIRFLOW_CTX_TASK_ID=second_task
AIRFLOW_CTX_EXECUTION_DATE=2021-12-03T00:00:00+00:00
AIRFLOW_CTX_DAG_RUN_ID=scheduled__2021-12-03T00:00:00+00:00
[2023-08-31 13:23:03,290] {bash.py:135} INFO - Tmp dir root location: 
 /tmp
[2023-08-31 13:23:03,292] {bash.py:158} INFO - Running command: echo hey, I am task2 and will be running after task1!
[2023-08-31 13:23:03,350] {bash.py:169} INFO - Output:
[2023-08-31 13:23:03,441] {bash.py:173} INFO - hey, I am task2 and will be running after task1!
[2023-08-31 13:23:03,448] {bash.py:177} INFO - Command exited with return code 0
[2023-08-31 13:23:03,540] {taskinstance.py:1166} INFO - Marking task as SUCCESS. dag_id=our_first_dag_v5, task_id=second_task, execution_date=20211203T000000, start_date=20230831T132302, end_date=20230831T132303
[2023-08-31 13:23:03,697] {taskinstance.py:1220} INFO - 0 downstream tasks scheduled from follow-on schedule check
[2023-08-31 13:23:03,730] {local_task_job.py:146} INFO - Task exited with return code 0
