[2023-08-31 13:23:33,689] {taskinstance.py:851} INFO - Dependencies all met for <TaskInstance: our_first_dag_v5.thrid_task 2022-01-13T00:00:00+00:00 [queued]>
[2023-08-31 13:23:33,761] {taskinstance.py:851} INFO - Dependencies all met for <TaskInstance: our_first_dag_v5.thrid_task 2022-01-13T00:00:00+00:00 [queued]>
[2023-08-31 13:23:33,762] {taskinstance.py:1042} INFO - 
--------------------------------------------------------------------------------
[2023-08-31 13:23:33,763] {taskinstance.py:1043} INFO - Starting attempt 1 of 6
[2023-08-31 13:23:33,764] {taskinstance.py:1044} INFO - 
--------------------------------------------------------------------------------
[2023-08-31 13:23:33,801] {taskinstance.py:1063} INFO - Executing <Task(BashOperator): thrid_task> on 2022-01-13T00:00:00+00:00
[2023-08-31 13:23:33,806] {standard_task_runner.py:52} INFO - Started process 5516 to run task
[2023-08-31 13:23:33,823] {standard_task_runner.py:76} INFO - Running: ['airflow', 'tasks', 'run', 'our_first_dag_v5', 'thrid_task', '2022-01-13T00:00:00+00:00', '--job-id', '507', '--pool', 'default_pool', '--raw', '--subdir', 'DAGS_FOLDER/our_first_dag.py', '--cfg-path', '/tmp/tmpdqrkc8lc', '--error-file', '/tmp/tmp_owa45h9']
[2023-08-31 13:23:33,829] {standard_task_runner.py:77} INFO - Job 507: Subtask thrid_task
[2023-08-31 13:23:34,014] {logging_mixin.py:104} INFO - Running <TaskInstance: our_first_dag_v5.thrid_task 2022-01-13T00:00:00+00:00 [running]> on host e7718740c1e6
[2023-08-31 13:23:34,183] {taskinstance.py:1257} INFO - Exporting the following env vars:
AIRFLOW_CTX_DAG_OWNER=devendra
AIRFLOW_CTX_DAG_ID=our_first_dag_v5
AIRFLOW_CTX_TASK_ID=thrid_task
AIRFLOW_CTX_EXECUTION_DATE=2022-01-13T00:00:00+00:00
AIRFLOW_CTX_DAG_RUN_ID=scheduled__2022-01-13T00:00:00+00:00
[2023-08-31 13:23:34,185] {bash.py:135} INFO - Tmp dir root location: 
 /tmp
[2023-08-31 13:23:34,187] {bash.py:158} INFO - Running command: echo hey, I am task3 and will be running after task1 at the same time as task2!
[2023-08-31 13:23:34,221] {bash.py:169} INFO - Output:
[2023-08-31 13:23:34,263] {bash.py:173} INFO - hey, I am task3 and will be running after task1 at the same time as task2!
[2023-08-31 13:23:34,269] {bash.py:177} INFO - Command exited with return code 0
[2023-08-31 13:23:34,347] {taskinstance.py:1166} INFO - Marking task as SUCCESS. dag_id=our_first_dag_v5, task_id=thrid_task, execution_date=20220113T000000, start_date=20230831T132333, end_date=20230831T132334
[2023-08-31 13:23:34,840] {taskinstance.py:1220} INFO - 0 downstream tasks scheduled from follow-on schedule check
[2023-08-31 13:23:34,879] {local_task_job.py:146} INFO - Task exited with return code 0
