[2023-08-31 13:23:34,141] {taskinstance.py:851} INFO - Dependencies all met for <TaskInstance: our_first_dag_v5.first_task 2022-01-17T00:00:00+00:00 [queued]>
[2023-08-31 13:23:34,198] {taskinstance.py:851} INFO - Dependencies all met for <TaskInstance: our_first_dag_v5.first_task 2022-01-17T00:00:00+00:00 [queued]>
[2023-08-31 13:23:34,199] {taskinstance.py:1042} INFO - 
--------------------------------------------------------------------------------
[2023-08-31 13:23:34,199] {taskinstance.py:1043} INFO - Starting attempt 1 of 6
[2023-08-31 13:23:34,200] {taskinstance.py:1044} INFO - 
--------------------------------------------------------------------------------
[2023-08-31 13:23:34,225] {taskinstance.py:1063} INFO - Executing <Task(BashOperator): first_task> on 2022-01-17T00:00:00+00:00
[2023-08-31 13:23:34,240] {standard_task_runner.py:52} INFO - Started process 5538 to run task
[2023-08-31 13:23:34,248] {standard_task_runner.py:76} INFO - Running: ['airflow', 'tasks', 'run', 'our_first_dag_v5', 'first_task', '2022-01-17T00:00:00+00:00', '--job-id', '509', '--pool', 'default_pool', '--raw', '--subdir', 'DAGS_FOLDER/our_first_dag.py', '--cfg-path', '/tmp/tmp6pcessbu', '--error-file', '/tmp/tmp13jxftt8']
[2023-08-31 13:23:34,252] {standard_task_runner.py:77} INFO - Job 509: Subtask first_task
[2023-08-31 13:23:34,385] {logging_mixin.py:104} INFO - Running <TaskInstance: our_first_dag_v5.first_task 2022-01-17T00:00:00+00:00 [running]> on host e7718740c1e6
[2023-08-31 13:23:34,541] {taskinstance.py:1257} INFO - Exporting the following env vars:
AIRFLOW_CTX_DAG_OWNER=devendra
AIRFLOW_CTX_DAG_ID=our_first_dag_v5
AIRFLOW_CTX_TASK_ID=first_task
AIRFLOW_CTX_EXECUTION_DATE=2022-01-17T00:00:00+00:00
AIRFLOW_CTX_DAG_RUN_ID=scheduled__2022-01-17T00:00:00+00:00
[2023-08-31 13:23:34,543] {bash.py:135} INFO - Tmp dir root location: 
 /tmp
[2023-08-31 13:23:34,545] {bash.py:158} INFO - Running command: echo hello world, this is the first task!
[2023-08-31 13:23:34,573] {bash.py:169} INFO - Output:
[2023-08-31 13:23:34,621] {bash.py:173} INFO - hello world, this is the first task!
[2023-08-31 13:23:34,637] {bash.py:177} INFO - Command exited with return code 0
[2023-08-31 13:23:34,701] {taskinstance.py:1166} INFO - Marking task as SUCCESS. dag_id=our_first_dag_v5, task_id=first_task, execution_date=20220117T000000, start_date=20230831T132334, end_date=20230831T132334
[2023-08-31 13:23:34,859] {taskinstance.py:1220} INFO - 2 downstream tasks scheduled from follow-on schedule check
[2023-08-31 13:23:34,905] {local_task_job.py:146} INFO - Task exited with return code 0
