[2023-08-31 13:22:29,683] {taskinstance.py:851} INFO - Dependencies all met for <TaskInstance: our_first_dag_v5.thrid_task 2021-10-20T00:00:00+00:00 [queued]>
[2023-08-31 13:22:29,780] {taskinstance.py:851} INFO - Dependencies all met for <TaskInstance: our_first_dag_v5.thrid_task 2021-10-20T00:00:00+00:00 [queued]>
[2023-08-31 13:22:29,781] {taskinstance.py:1042} INFO - 
--------------------------------------------------------------------------------
[2023-08-31 13:22:29,781] {taskinstance.py:1043} INFO - Starting attempt 1 of 6
[2023-08-31 13:22:29,782] {taskinstance.py:1044} INFO - 
--------------------------------------------------------------------------------
[2023-08-31 13:22:29,855] {taskinstance.py:1063} INFO - Executing <Task(BashOperator): thrid_task> on 2021-10-20T00:00:00+00:00
[2023-08-31 13:22:29,861] {standard_task_runner.py:52} INFO - Started process 3433 to run task
[2023-08-31 13:22:29,933] {standard_task_runner.py:76} INFO - Running: ['airflow', 'tasks', 'run', 'our_first_dag_v5', 'thrid_task', '2021-10-20T00:00:00+00:00', '--job-id', '252', '--pool', 'default_pool', '--raw', '--subdir', 'DAGS_FOLDER/our_first_dag.py', '--cfg-path', '/tmp/tmpr9lt4u8l', '--error-file', '/tmp/tmpy02t_mbe']
[2023-08-31 13:22:29,970] {standard_task_runner.py:77} INFO - Job 252: Subtask thrid_task
[2023-08-31 13:22:30,155] {logging_mixin.py:104} INFO - Running <TaskInstance: our_first_dag_v5.thrid_task 2021-10-20T00:00:00+00:00 [running]> on host e7718740c1e6
[2023-08-31 13:22:30,390] {taskinstance.py:1257} INFO - Exporting the following env vars:
AIRFLOW_CTX_DAG_OWNER=devendra
AIRFLOW_CTX_DAG_ID=our_first_dag_v5
AIRFLOW_CTX_TASK_ID=thrid_task
AIRFLOW_CTX_EXECUTION_DATE=2021-10-20T00:00:00+00:00
AIRFLOW_CTX_DAG_RUN_ID=scheduled__2021-10-20T00:00:00+00:00
[2023-08-31 13:22:30,391] {bash.py:135} INFO - Tmp dir root location: 
 /tmp
[2023-08-31 13:22:30,393] {bash.py:158} INFO - Running command: echo hey, I am task3 and will be running after task1 at the same time as task2!
[2023-08-31 13:22:30,429] {bash.py:169} INFO - Output:
[2023-08-31 13:22:30,564] {bash.py:173} INFO - hey, I am task3 and will be running after task1 at the same time as task2!
[2023-08-31 13:22:30,590] {bash.py:177} INFO - Command exited with return code 0
[2023-08-31 13:22:30,747] {taskinstance.py:1166} INFO - Marking task as SUCCESS. dag_id=our_first_dag_v5, task_id=thrid_task, execution_date=20211020T000000, start_date=20230831T132229, end_date=20230831T132230
[2023-08-31 13:22:30,913] {taskinstance.py:1220} INFO - 0 downstream tasks scheduled from follow-on schedule check
[2023-08-31 13:22:30,971] {local_task_job.py:146} INFO - Task exited with return code 0
