[2023-08-31 13:17:37,549] {scheduler_job.py:182} INFO - Started process (PID=214) to work on /opt/airflow/dags/create_dag_with_python_operator.py
[2023-08-31 13:17:37,552] {scheduler_job.py:629} INFO - Processing file /opt/airflow/dags/create_dag_with_python_operator.py for tasks to queue
[2023-08-31 13:17:37,554] {logging_mixin.py:104} INFO - [2023-08-31 13:17:37,554] {dagbag.py:448} INFO - Filling up the DagBag from /opt/airflow/dags/create_dag_with_python_operator.py
[2023-08-31 13:17:37,631] {scheduler_job.py:639} INFO - DAG(s) dict_keys(['our_dag_with_python_operator_v07']) retrieved from /opt/airflow/dags/create_dag_with_python_operator.py
[2023-08-31 13:17:37,684] {logging_mixin.py:104} INFO - [2023-08-31 13:17:37,683] {dag.py:1818} INFO - Sync 1 DAGs
[2023-08-31 13:17:37,704] {logging_mixin.py:104} INFO - [2023-08-31 13:17:37,704] {dag.py:1837} INFO - Creating ORM DAG for our_dag_with_python_operator_v07
[2023-08-31 13:17:37,744] {logging_mixin.py:104} INFO - [2023-08-31 13:17:37,743] {dag.py:2273} INFO - Setting next_dagrun for our_dag_with_python_operator_v07 to 2021-10-06T00:00:00+00:00
[2023-08-31 13:17:37,770] {scheduler_job.py:190} INFO - Processing /opt/airflow/dags/create_dag_with_python_operator.py took 0.227 seconds
[2023-08-31 13:17:48,436] {scheduler_job.py:182} INFO - Started process (PID=267) to work on /opt/airflow/dags/create_dag_with_python_operator.py
[2023-08-31 13:17:48,439] {scheduler_job.py:629} INFO - Processing file /opt/airflow/dags/create_dag_with_python_operator.py for tasks to queue
[2023-08-31 13:17:48,440] {logging_mixin.py:104} INFO - [2023-08-31 13:17:48,440] {dagbag.py:448} INFO - Filling up the DagBag from /opt/airflow/dags/create_dag_with_python_operator.py
[2023-08-31 13:17:48,477] {scheduler_job.py:639} INFO - DAG(s) dict_keys(['our_dag_with_python_operator_v07']) retrieved from /opt/airflow/dags/create_dag_with_python_operator.py
[2023-08-31 13:17:48,501] {logging_mixin.py:104} INFO - [2023-08-31 13:17:48,501] {dag.py:1818} INFO - Sync 1 DAGs
[2023-08-31 13:17:48,568] {logging_mixin.py:104} INFO - [2023-08-31 13:17:48,568] {dag.py:2273} INFO - Setting next_dagrun for our_dag_with_python_operator_v07 to 2021-10-06T00:00:00+00:00
[2023-08-31 13:17:48,581] {scheduler_job.py:190} INFO - Processing /opt/airflow/dags/create_dag_with_python_operator.py took 0.150 seconds
[2023-08-31 13:17:58,721] {scheduler_job.py:182} INFO - Started process (PID=322) to work on /opt/airflow/dags/create_dag_with_python_operator.py
[2023-08-31 13:17:58,729] {scheduler_job.py:629} INFO - Processing file /opt/airflow/dags/create_dag_with_python_operator.py for tasks to queue
[2023-08-31 13:17:58,733] {logging_mixin.py:104} INFO - [2023-08-31 13:17:58,733] {dagbag.py:448} INFO - Filling up the DagBag from /opt/airflow/dags/create_dag_with_python_operator.py
[2023-08-31 13:17:58,802] {scheduler_job.py:639} INFO - DAG(s) dict_keys(['our_dag_with_python_operator_v07']) retrieved from /opt/airflow/dags/create_dag_with_python_operator.py
[2023-08-31 13:17:58,840] {logging_mixin.py:104} INFO - [2023-08-31 13:17:58,840] {dag.py:1818} INFO - Sync 1 DAGs
[2023-08-31 13:17:58,934] {logging_mixin.py:104} INFO - [2023-08-31 13:17:58,933] {dag.py:2273} INFO - Setting next_dagrun for our_dag_with_python_operator_v07 to 2021-10-06T00:00:00+00:00
[2023-08-31 13:17:58,959] {scheduler_job.py:190} INFO - Processing /opt/airflow/dags/create_dag_with_python_operator.py took 0.252 seconds
[2023-08-31 13:18:09,333] {scheduler_job.py:182} INFO - Started process (PID=375) to work on /opt/airflow/dags/create_dag_with_python_operator.py
[2023-08-31 13:18:09,340] {scheduler_job.py:629} INFO - Processing file /opt/airflow/dags/create_dag_with_python_operator.py for tasks to queue
[2023-08-31 13:18:09,345] {logging_mixin.py:104} INFO - [2023-08-31 13:18:09,342] {dagbag.py:448} INFO - Filling up the DagBag from /opt/airflow/dags/create_dag_with_python_operator.py
[2023-08-31 13:18:09,404] {scheduler_job.py:639} INFO - DAG(s) dict_keys(['our_dag_with_python_operator_v07']) retrieved from /opt/airflow/dags/create_dag_with_python_operator.py
[2023-08-31 13:18:09,482] {logging_mixin.py:104} INFO - [2023-08-31 13:18:09,482] {dag.py:1818} INFO - Sync 1 DAGs
[2023-08-31 13:18:09,584] {logging_mixin.py:104} INFO - [2023-08-31 13:18:09,583] {dag.py:2273} INFO - Setting next_dagrun for our_dag_with_python_operator_v07 to 2021-10-06T00:00:00+00:00
[2023-08-31 13:18:09,610] {scheduler_job.py:190} INFO - Processing /opt/airflow/dags/create_dag_with_python_operator.py took 0.292 seconds
[2023-08-31 13:18:19,841] {scheduler_job.py:182} INFO - Started process (PID=429) to work on /opt/airflow/dags/create_dag_with_python_operator.py
[2023-08-31 13:18:19,843] {scheduler_job.py:629} INFO - Processing file /opt/airflow/dags/create_dag_with_python_operator.py for tasks to queue
[2023-08-31 13:18:19,845] {logging_mixin.py:104} INFO - [2023-08-31 13:18:19,844] {dagbag.py:448} INFO - Filling up the DagBag from /opt/airflow/dags/create_dag_with_python_operator.py
[2023-08-31 13:18:19,879] {scheduler_job.py:639} INFO - DAG(s) dict_keys(['our_dag_with_python_operator_v07']) retrieved from /opt/airflow/dags/create_dag_with_python_operator.py
[2023-08-31 13:18:19,916] {logging_mixin.py:104} INFO - [2023-08-31 13:18:19,915] {dag.py:1818} INFO - Sync 1 DAGs
[2023-08-31 13:18:19,972] {logging_mixin.py:104} INFO - [2023-08-31 13:18:19,971] {dag.py:2273} INFO - Setting next_dagrun for our_dag_with_python_operator_v07 to 2021-10-06T00:00:00+00:00
[2023-08-31 13:18:19,984] {scheduler_job.py:190} INFO - Processing /opt/airflow/dags/create_dag_with_python_operator.py took 0.148 seconds
[2023-08-31 13:18:30,038] {scheduler_job.py:182} INFO - Started process (PID=483) to work on /opt/airflow/dags/create_dag_with_python_operator.py
[2023-08-31 13:18:30,040] {scheduler_job.py:629} INFO - Processing file /opt/airflow/dags/create_dag_with_python_operator.py for tasks to queue
[2023-08-31 13:18:30,042] {logging_mixin.py:104} INFO - [2023-08-31 13:18:30,042] {dagbag.py:448} INFO - Filling up the DagBag from /opt/airflow/dags/create_dag_with_python_operator.py
[2023-08-31 13:18:30,077] {scheduler_job.py:639} INFO - DAG(s) dict_keys(['our_dag_with_python_operator_v07']) retrieved from /opt/airflow/dags/create_dag_with_python_operator.py
[2023-08-31 13:18:30,115] {logging_mixin.py:104} INFO - [2023-08-31 13:18:30,115] {dag.py:1818} INFO - Sync 1 DAGs
[2023-08-31 13:18:30,171] {logging_mixin.py:104} INFO - [2023-08-31 13:18:30,171] {dag.py:2273} INFO - Setting next_dagrun for our_dag_with_python_operator_v07 to 2021-10-06T00:00:00+00:00
[2023-08-31 13:18:30,183] {scheduler_job.py:190} INFO - Processing /opt/airflow/dags/create_dag_with_python_operator.py took 0.151 seconds
[2023-08-31 13:18:41,130] {scheduler_job.py:182} INFO - Started process (PID=537) to work on /opt/airflow/dags/create_dag_with_python_operator.py
[2023-08-31 13:18:41,133] {scheduler_job.py:629} INFO - Processing file /opt/airflow/dags/create_dag_with_python_operator.py for tasks to queue
[2023-08-31 13:18:41,135] {logging_mixin.py:104} INFO - [2023-08-31 13:18:41,135] {dagbag.py:448} INFO - Filling up the DagBag from /opt/airflow/dags/create_dag_with_python_operator.py
[2023-08-31 13:18:41,172] {scheduler_job.py:639} INFO - DAG(s) dict_keys(['our_dag_with_python_operator_v07']) retrieved from /opt/airflow/dags/create_dag_with_python_operator.py
[2023-08-31 13:18:41,208] {logging_mixin.py:104} INFO - [2023-08-31 13:18:41,208] {dag.py:1818} INFO - Sync 1 DAGs
[2023-08-31 13:18:41,265] {logging_mixin.py:104} INFO - [2023-08-31 13:18:41,264] {dag.py:2273} INFO - Setting next_dagrun for our_dag_with_python_operator_v07 to 2021-10-06T00:00:00+00:00
[2023-08-31 13:18:41,277] {scheduler_job.py:190} INFO - Processing /opt/airflow/dags/create_dag_with_python_operator.py took 0.153 seconds
[2023-08-31 13:18:51,359] {scheduler_job.py:182} INFO - Started process (PID=591) to work on /opt/airflow/dags/create_dag_with_python_operator.py
[2023-08-31 13:18:51,362] {scheduler_job.py:629} INFO - Processing file /opt/airflow/dags/create_dag_with_python_operator.py for tasks to queue
[2023-08-31 13:18:51,364] {logging_mixin.py:104} INFO - [2023-08-31 13:18:51,364] {dagbag.py:448} INFO - Filling up the DagBag from /opt/airflow/dags/create_dag_with_python_operator.py
[2023-08-31 13:18:51,400] {scheduler_job.py:639} INFO - DAG(s) dict_keys(['our_dag_with_python_operator_v07']) retrieved from /opt/airflow/dags/create_dag_with_python_operator.py
[2023-08-31 13:18:51,437] {logging_mixin.py:104} INFO - [2023-08-31 13:18:51,436] {dag.py:1818} INFO - Sync 1 DAGs
[2023-08-31 13:18:51,492] {logging_mixin.py:104} INFO - [2023-08-31 13:18:51,492] {dag.py:2273} INFO - Setting next_dagrun for our_dag_with_python_operator_v07 to 2021-10-06T00:00:00+00:00
[2023-08-31 13:18:51,504] {scheduler_job.py:190} INFO - Processing /opt/airflow/dags/create_dag_with_python_operator.py took 0.152 seconds
[2023-08-31 13:19:01,602] {scheduler_job.py:182} INFO - Started process (PID=646) to work on /opt/airflow/dags/create_dag_with_python_operator.py
[2023-08-31 13:19:01,605] {scheduler_job.py:629} INFO - Processing file /opt/airflow/dags/create_dag_with_python_operator.py for tasks to queue
[2023-08-31 13:19:01,608] {logging_mixin.py:104} INFO - [2023-08-31 13:19:01,607] {dagbag.py:448} INFO - Filling up the DagBag from /opt/airflow/dags/create_dag_with_python_operator.py
[2023-08-31 13:19:01,644] {scheduler_job.py:639} INFO - DAG(s) dict_keys(['our_dag_with_python_operator_v07']) retrieved from /opt/airflow/dags/create_dag_with_python_operator.py
[2023-08-31 13:19:01,682] {logging_mixin.py:104} INFO - [2023-08-31 13:19:01,681] {dag.py:1818} INFO - Sync 1 DAGs
[2023-08-31 13:19:01,738] {logging_mixin.py:104} INFO - [2023-08-31 13:19:01,738] {dag.py:2273} INFO - Setting next_dagrun for our_dag_with_python_operator_v07 to 2021-10-06T00:00:00+00:00
[2023-08-31 13:19:01,751] {scheduler_job.py:190} INFO - Processing /opt/airflow/dags/create_dag_with_python_operator.py took 0.156 seconds
[2023-08-31 13:19:12,752] {scheduler_job.py:182} INFO - Started process (PID=700) to work on /opt/airflow/dags/create_dag_with_python_operator.py
[2023-08-31 13:19:12,755] {scheduler_job.py:629} INFO - Processing file /opt/airflow/dags/create_dag_with_python_operator.py for tasks to queue
[2023-08-31 13:19:12,757] {logging_mixin.py:104} INFO - [2023-08-31 13:19:12,757] {dagbag.py:448} INFO - Filling up the DagBag from /opt/airflow/dags/create_dag_with_python_operator.py
[2023-08-31 13:19:12,794] {scheduler_job.py:639} INFO - DAG(s) dict_keys(['our_dag_with_python_operator_v07']) retrieved from /opt/airflow/dags/create_dag_with_python_operator.py
[2023-08-31 13:19:12,831] {logging_mixin.py:104} INFO - [2023-08-31 13:19:12,831] {dag.py:1818} INFO - Sync 1 DAGs
[2023-08-31 13:19:12,888] {logging_mixin.py:104} INFO - [2023-08-31 13:19:12,887] {dag.py:2273} INFO - Setting next_dagrun for our_dag_with_python_operator_v07 to 2021-10-06T00:00:00+00:00
[2023-08-31 13:19:12,900] {scheduler_job.py:190} INFO - Processing /opt/airflow/dags/create_dag_with_python_operator.py took 0.155 seconds
[2023-08-31 13:19:22,977] {scheduler_job.py:182} INFO - Started process (PID=753) to work on /opt/airflow/dags/create_dag_with_python_operator.py
[2023-08-31 13:19:22,980] {scheduler_job.py:629} INFO - Processing file /opt/airflow/dags/create_dag_with_python_operator.py for tasks to queue
[2023-08-31 13:19:22,981] {logging_mixin.py:104} INFO - [2023-08-31 13:19:22,981] {dagbag.py:448} INFO - Filling up the DagBag from /opt/airflow/dags/create_dag_with_python_operator.py
[2023-08-31 13:19:23,015] {scheduler_job.py:639} INFO - DAG(s) dict_keys(['our_dag_with_python_operator_v07']) retrieved from /opt/airflow/dags/create_dag_with_python_operator.py
[2023-08-31 13:19:23,052] {logging_mixin.py:104} INFO - [2023-08-31 13:19:23,052] {dag.py:1818} INFO - Sync 1 DAGs
[2023-08-31 13:19:23,109] {logging_mixin.py:104} INFO - [2023-08-31 13:19:23,108] {dag.py:2273} INFO - Setting next_dagrun for our_dag_with_python_operator_v07 to 2021-10-06T00:00:00+00:00
[2023-08-31 13:19:23,121] {scheduler_job.py:190} INFO - Processing /opt/airflow/dags/create_dag_with_python_operator.py took 0.148 seconds
[2023-08-31 13:19:33,348] {scheduler_job.py:182} INFO - Started process (PID=811) to work on /opt/airflow/dags/create_dag_with_python_operator.py
[2023-08-31 13:19:33,351] {scheduler_job.py:629} INFO - Processing file /opt/airflow/dags/create_dag_with_python_operator.py for tasks to queue
[2023-08-31 13:19:33,352] {logging_mixin.py:104} INFO - [2023-08-31 13:19:33,352] {dagbag.py:448} INFO - Filling up the DagBag from /opt/airflow/dags/create_dag_with_python_operator.py
[2023-08-31 13:19:33,385] {scheduler_job.py:639} INFO - DAG(s) dict_keys(['our_dag_with_python_operator_v07']) retrieved from /opt/airflow/dags/create_dag_with_python_operator.py
[2023-08-31 13:19:33,420] {logging_mixin.py:104} INFO - [2023-08-31 13:19:33,420] {dag.py:1818} INFO - Sync 1 DAGs
[2023-08-31 13:19:33,476] {logging_mixin.py:104} INFO - [2023-08-31 13:19:33,476] {dag.py:2273} INFO - Setting next_dagrun for our_dag_with_python_operator_v07 to 2021-10-06T00:00:00+00:00
[2023-08-31 13:19:33,488] {scheduler_job.py:190} INFO - Processing /opt/airflow/dags/create_dag_with_python_operator.py took 0.145 seconds
[2023-08-31 13:19:43,590] {scheduler_job.py:182} INFO - Started process (PID=869) to work on /opt/airflow/dags/create_dag_with_python_operator.py
[2023-08-31 13:19:43,592] {scheduler_job.py:629} INFO - Processing file /opt/airflow/dags/create_dag_with_python_operator.py for tasks to queue
[2023-08-31 13:19:43,594] {logging_mixin.py:104} INFO - [2023-08-31 13:19:43,593] {dagbag.py:448} INFO - Filling up the DagBag from /opt/airflow/dags/create_dag_with_python_operator.py
[2023-08-31 13:19:43,627] {scheduler_job.py:639} INFO - DAG(s) dict_keys(['our_dag_with_python_operator_v07']) retrieved from /opt/airflow/dags/create_dag_with_python_operator.py
[2023-08-31 13:19:43,663] {logging_mixin.py:104} INFO - [2023-08-31 13:19:43,662] {dag.py:1818} INFO - Sync 1 DAGs
[2023-08-31 13:19:43,719] {logging_mixin.py:104} INFO - [2023-08-31 13:19:43,719] {dag.py:2273} INFO - Setting next_dagrun for our_dag_with_python_operator_v07 to 2021-10-06T00:00:00+00:00
[2023-08-31 13:19:43,731] {scheduler_job.py:190} INFO - Processing /opt/airflow/dags/create_dag_with_python_operator.py took 0.146 seconds
[2023-08-31 13:19:53,894] {scheduler_job.py:182} INFO - Started process (PID=925) to work on /opt/airflow/dags/create_dag_with_python_operator.py
[2023-08-31 13:19:53,896] {scheduler_job.py:629} INFO - Processing file /opt/airflow/dags/create_dag_with_python_operator.py for tasks to queue
[2023-08-31 13:19:53,898] {logging_mixin.py:104} INFO - [2023-08-31 13:19:53,898] {dagbag.py:448} INFO - Filling up the DagBag from /opt/airflow/dags/create_dag_with_python_operator.py
[2023-08-31 13:19:53,932] {scheduler_job.py:639} INFO - DAG(s) dict_keys(['our_dag_with_python_operator_v07']) retrieved from /opt/airflow/dags/create_dag_with_python_operator.py
[2023-08-31 13:19:53,968] {logging_mixin.py:104} INFO - [2023-08-31 13:19:53,968] {dag.py:1818} INFO - Sync 1 DAGs
[2023-08-31 13:19:54,025] {logging_mixin.py:104} INFO - [2023-08-31 13:19:54,025] {dag.py:2273} INFO - Setting next_dagrun for our_dag_with_python_operator_v07 to 2021-10-06T00:00:00+00:00
[2023-08-31 13:19:54,038] {scheduler_job.py:190} INFO - Processing /opt/airflow/dags/create_dag_with_python_operator.py took 0.149 seconds
[2023-08-31 13:20:04,939] {scheduler_job.py:182} INFO - Started process (PID=979) to work on /opt/airflow/dags/create_dag_with_python_operator.py
[2023-08-31 13:20:04,943] {scheduler_job.py:629} INFO - Processing file /opt/airflow/dags/create_dag_with_python_operator.py for tasks to queue
[2023-08-31 13:20:04,945] {logging_mixin.py:104} INFO - [2023-08-31 13:20:04,945] {dagbag.py:448} INFO - Filling up the DagBag from /opt/airflow/dags/create_dag_with_python_operator.py
[2023-08-31 13:20:04,986] {scheduler_job.py:639} INFO - DAG(s) dict_keys(['our_dag_with_python_operator_v07']) retrieved from /opt/airflow/dags/create_dag_with_python_operator.py
[2023-08-31 13:20:05,027] {logging_mixin.py:104} INFO - [2023-08-31 13:20:05,026] {dag.py:1818} INFO - Sync 1 DAGs
[2023-08-31 13:20:05,079] {logging_mixin.py:104} INFO - [2023-08-31 13:20:05,079] {dag.py:2273} INFO - Setting next_dagrun for our_dag_with_python_operator_v07 to 2021-10-06T00:00:00+00:00
[2023-08-31 13:20:05,093] {scheduler_job.py:190} INFO - Processing /opt/airflow/dags/create_dag_with_python_operator.py took 0.162 seconds
[2023-08-31 13:20:16,100] {scheduler_job.py:182} INFO - Started process (PID=1033) to work on /opt/airflow/dags/create_dag_with_python_operator.py
[2023-08-31 13:20:16,104] {scheduler_job.py:629} INFO - Processing file /opt/airflow/dags/create_dag_with_python_operator.py for tasks to queue
[2023-08-31 13:20:16,106] {logging_mixin.py:104} INFO - [2023-08-31 13:20:16,106] {dagbag.py:448} INFO - Filling up the DagBag from /opt/airflow/dags/create_dag_with_python_operator.py
[2023-08-31 13:20:16,140] {scheduler_job.py:639} INFO - DAG(s) dict_keys(['our_dag_with_python_operator_v07']) retrieved from /opt/airflow/dags/create_dag_with_python_operator.py
[2023-08-31 13:20:16,178] {logging_mixin.py:104} INFO - [2023-08-31 13:20:16,178] {dag.py:1818} INFO - Sync 1 DAGs
[2023-08-31 13:20:16,233] {logging_mixin.py:104} INFO - [2023-08-31 13:20:16,232] {dag.py:2273} INFO - Setting next_dagrun for our_dag_with_python_operator_v07 to 2021-10-06T00:00:00+00:00
[2023-08-31 13:20:16,246] {scheduler_job.py:190} INFO - Processing /opt/airflow/dags/create_dag_with_python_operator.py took 0.150 seconds
[2023-08-31 13:20:26,285] {scheduler_job.py:182} INFO - Started process (PID=1087) to work on /opt/airflow/dags/create_dag_with_python_operator.py
[2023-08-31 13:20:26,289] {scheduler_job.py:629} INFO - Processing file /opt/airflow/dags/create_dag_with_python_operator.py for tasks to queue
[2023-08-31 13:20:26,290] {logging_mixin.py:104} INFO - [2023-08-31 13:20:26,290] {dagbag.py:448} INFO - Filling up the DagBag from /opt/airflow/dags/create_dag_with_python_operator.py
[2023-08-31 13:20:26,324] {scheduler_job.py:639} INFO - DAG(s) dict_keys(['our_dag_with_python_operator_v07']) retrieved from /opt/airflow/dags/create_dag_with_python_operator.py
[2023-08-31 13:20:26,362] {logging_mixin.py:104} INFO - [2023-08-31 13:20:26,362] {dag.py:1818} INFO - Sync 1 DAGs
[2023-08-31 13:20:26,416] {logging_mixin.py:104} INFO - [2023-08-31 13:20:26,416] {dag.py:2273} INFO - Setting next_dagrun for our_dag_with_python_operator_v07 to 2021-10-06T00:00:00+00:00
[2023-08-31 13:20:26,428] {scheduler_job.py:190} INFO - Processing /opt/airflow/dags/create_dag_with_python_operator.py took 0.148 seconds
[2023-08-31 13:20:37,239] {scheduler_job.py:182} INFO - Started process (PID=1135) to work on /opt/airflow/dags/create_dag_with_python_operator.py
[2023-08-31 13:20:37,242] {scheduler_job.py:629} INFO - Processing file /opt/airflow/dags/create_dag_with_python_operator.py for tasks to queue
[2023-08-31 13:20:37,243] {logging_mixin.py:104} INFO - [2023-08-31 13:20:37,243] {dagbag.py:448} INFO - Filling up the DagBag from /opt/airflow/dags/create_dag_with_python_operator.py
[2023-08-31 13:20:37,277] {scheduler_job.py:639} INFO - DAG(s) dict_keys(['our_dag_with_python_operator_v07']) retrieved from /opt/airflow/dags/create_dag_with_python_operator.py
[2023-08-31 13:20:37,315] {logging_mixin.py:104} INFO - [2023-08-31 13:20:37,315] {dag.py:1818} INFO - Sync 1 DAGs
[2023-08-31 13:20:37,370] {logging_mixin.py:104} INFO - [2023-08-31 13:20:37,369] {dag.py:2273} INFO - Setting next_dagrun for our_dag_with_python_operator_v07 to 2021-10-06T00:00:00+00:00
[2023-08-31 13:20:37,382] {scheduler_job.py:190} INFO - Processing /opt/airflow/dags/create_dag_with_python_operator.py took 0.149 seconds
[2023-08-31 13:20:48,409] {scheduler_job.py:182} INFO - Started process (PID=1189) to work on /opt/airflow/dags/create_dag_with_python_operator.py
[2023-08-31 13:20:48,412] {scheduler_job.py:629} INFO - Processing file /opt/airflow/dags/create_dag_with_python_operator.py for tasks to queue
[2023-08-31 13:20:48,414] {logging_mixin.py:104} INFO - [2023-08-31 13:20:48,413] {dagbag.py:448} INFO - Filling up the DagBag from /opt/airflow/dags/create_dag_with_python_operator.py
[2023-08-31 13:20:48,447] {scheduler_job.py:639} INFO - DAG(s) dict_keys(['our_dag_with_python_operator_v07']) retrieved from /opt/airflow/dags/create_dag_with_python_operator.py
[2023-08-31 13:20:48,490] {logging_mixin.py:104} INFO - [2023-08-31 13:20:48,489] {dag.py:1818} INFO - Sync 1 DAGs
[2023-08-31 13:20:48,544] {logging_mixin.py:104} INFO - [2023-08-31 13:20:48,544] {dag.py:2273} INFO - Setting next_dagrun for our_dag_with_python_operator_v07 to 2021-10-06T00:00:00+00:00
[2023-08-31 13:20:48,557] {scheduler_job.py:190} INFO - Processing /opt/airflow/dags/create_dag_with_python_operator.py took 0.153 seconds
[2023-08-31 13:20:59,678] {scheduler_job.py:182} INFO - Started process (PID=1243) to work on /opt/airflow/dags/create_dag_with_python_operator.py
[2023-08-31 13:20:59,680] {scheduler_job.py:629} INFO - Processing file /opt/airflow/dags/create_dag_with_python_operator.py for tasks to queue
[2023-08-31 13:20:59,682] {logging_mixin.py:104} INFO - [2023-08-31 13:20:59,682] {dagbag.py:448} INFO - Filling up the DagBag from /opt/airflow/dags/create_dag_with_python_operator.py
[2023-08-31 13:20:59,716] {scheduler_job.py:639} INFO - DAG(s) dict_keys(['our_dag_with_python_operator_v07']) retrieved from /opt/airflow/dags/create_dag_with_python_operator.py
[2023-08-31 13:20:59,755] {logging_mixin.py:104} INFO - [2023-08-31 13:20:59,755] {dag.py:1818} INFO - Sync 1 DAGs
[2023-08-31 13:20:59,808] {logging_mixin.py:104} INFO - [2023-08-31 13:20:59,808] {dag.py:2273} INFO - Setting next_dagrun for our_dag_with_python_operator_v07 to 2021-10-06T00:00:00+00:00
[2023-08-31 13:20:59,821] {scheduler_job.py:190} INFO - Processing /opt/airflow/dags/create_dag_with_python_operator.py took 0.148 seconds
[2023-08-31 13:21:10,720] {scheduler_job.py:182} INFO - Started process (PID=1295) to work on /opt/airflow/dags/create_dag_with_python_operator.py
[2023-08-31 13:21:10,722] {scheduler_job.py:629} INFO - Processing file /opt/airflow/dags/create_dag_with_python_operator.py for tasks to queue
[2023-08-31 13:21:10,724] {logging_mixin.py:104} INFO - [2023-08-31 13:21:10,723] {dagbag.py:448} INFO - Filling up the DagBag from /opt/airflow/dags/create_dag_with_python_operator.py
[2023-08-31 13:21:10,757] {scheduler_job.py:639} INFO - DAG(s) dict_keys(['our_dag_with_python_operator_v07']) retrieved from /opt/airflow/dags/create_dag_with_python_operator.py
[2023-08-31 13:21:10,794] {logging_mixin.py:104} INFO - [2023-08-31 13:21:10,794] {dag.py:1818} INFO - Sync 1 DAGs
[2023-08-31 13:21:10,848] {logging_mixin.py:104} INFO - [2023-08-31 13:21:10,848] {dag.py:2273} INFO - Setting next_dagrun for our_dag_with_python_operator_v07 to 2021-10-06T00:00:00+00:00
[2023-08-31 13:21:10,861] {scheduler_job.py:190} INFO - Processing /opt/airflow/dags/create_dag_with_python_operator.py took 0.146 seconds
[2023-08-31 13:21:21,986] {scheduler_job.py:182} INFO - Started process (PID=1351) to work on /opt/airflow/dags/create_dag_with_python_operator.py
[2023-08-31 13:21:21,988] {scheduler_job.py:629} INFO - Processing file /opt/airflow/dags/create_dag_with_python_operator.py for tasks to queue
[2023-08-31 13:21:21,990] {logging_mixin.py:104} INFO - [2023-08-31 13:21:21,990] {dagbag.py:448} INFO - Filling up the DagBag from /opt/airflow/dags/create_dag_with_python_operator.py
[2023-08-31 13:21:22,023] {scheduler_job.py:639} INFO - DAG(s) dict_keys(['our_dag_with_python_operator_v07']) retrieved from /opt/airflow/dags/create_dag_with_python_operator.py
[2023-08-31 13:21:22,061] {logging_mixin.py:104} INFO - [2023-08-31 13:21:22,061] {dag.py:1818} INFO - Sync 1 DAGs
[2023-08-31 13:21:22,114] {logging_mixin.py:104} INFO - [2023-08-31 13:21:22,113] {dag.py:2273} INFO - Setting next_dagrun for our_dag_with_python_operator_v07 to 2021-10-06T00:00:00+00:00
[2023-08-31 13:21:22,126] {scheduler_job.py:190} INFO - Processing /opt/airflow/dags/create_dag_with_python_operator.py took 0.145 seconds
[2023-08-31 13:21:33,396] {scheduler_job.py:182} INFO - Started process (PID=1652) to work on /opt/airflow/dags/create_dag_with_python_operator.py
[2023-08-31 13:21:33,399] {scheduler_job.py:629} INFO - Processing file /opt/airflow/dags/create_dag_with_python_operator.py for tasks to queue
[2023-08-31 13:21:33,404] {logging_mixin.py:104} INFO - [2023-08-31 13:21:33,403] {dagbag.py:448} INFO - Filling up the DagBag from /opt/airflow/dags/create_dag_with_python_operator.py
[2023-08-31 13:21:33,505] {scheduler_job.py:639} INFO - DAG(s) dict_keys(['our_dag_with_python_operator_v07']) retrieved from /opt/airflow/dags/create_dag_with_python_operator.py
[2023-08-31 13:21:33,630] {logging_mixin.py:104} INFO - [2023-08-31 13:21:33,629] {dag.py:1818} INFO - Sync 1 DAGs
[2023-08-31 13:21:33,821] {logging_mixin.py:104} INFO - [2023-08-31 13:21:33,821] {dag.py:2273} INFO - Setting next_dagrun for our_dag_with_python_operator_v07 to 2021-10-06T00:00:00+00:00
[2023-08-31 13:21:33,873] {scheduler_job.py:190} INFO - Processing /opt/airflow/dags/create_dag_with_python_operator.py took 0.489 seconds
[2023-08-31 13:21:44,903] {scheduler_job.py:182} INFO - Started process (PID=2020) to work on /opt/airflow/dags/create_dag_with_python_operator.py
[2023-08-31 13:21:44,915] {scheduler_job.py:629} INFO - Processing file /opt/airflow/dags/create_dag_with_python_operator.py for tasks to queue
[2023-08-31 13:21:44,924] {logging_mixin.py:104} INFO - [2023-08-31 13:21:44,923] {dagbag.py:448} INFO - Filling up the DagBag from /opt/airflow/dags/create_dag_with_python_operator.py
[2023-08-31 13:21:45,089] {scheduler_job.py:639} INFO - DAG(s) dict_keys(['our_dag_with_python_operator_v07']) retrieved from /opt/airflow/dags/create_dag_with_python_operator.py
[2023-08-31 13:21:45,252] {logging_mixin.py:104} INFO - [2023-08-31 13:21:45,251] {dag.py:1818} INFO - Sync 1 DAGs
[2023-08-31 13:21:45,503] {logging_mixin.py:104} INFO - [2023-08-31 13:21:45,502] {dag.py:2273} INFO - Setting next_dagrun for our_dag_with_python_operator_v07 to 2021-10-06T00:00:00+00:00
[2023-08-31 13:21:45,558] {scheduler_job.py:190} INFO - Processing /opt/airflow/dags/create_dag_with_python_operator.py took 0.664 seconds
[2023-08-31 13:21:55,776] {scheduler_job.py:182} INFO - Started process (PID=2354) to work on /opt/airflow/dags/create_dag_with_python_operator.py
[2023-08-31 13:21:55,781] {scheduler_job.py:629} INFO - Processing file /opt/airflow/dags/create_dag_with_python_operator.py for tasks to queue
[2023-08-31 13:21:55,786] {logging_mixin.py:104} INFO - [2023-08-31 13:21:55,786] {dagbag.py:448} INFO - Filling up the DagBag from /opt/airflow/dags/create_dag_with_python_operator.py
[2023-08-31 13:21:55,901] {scheduler_job.py:639} INFO - DAG(s) dict_keys(['our_dag_with_python_operator_v07']) retrieved from /opt/airflow/dags/create_dag_with_python_operator.py
[2023-08-31 13:21:56,013] {logging_mixin.py:104} INFO - [2023-08-31 13:21:56,012] {dag.py:1818} INFO - Sync 1 DAGs
[2023-08-31 13:21:56,233] {logging_mixin.py:104} INFO - [2023-08-31 13:21:56,233] {dag.py:2273} INFO - Setting next_dagrun for our_dag_with_python_operator_v07 to 2021-10-06T00:00:00+00:00
[2023-08-31 13:21:56,272] {scheduler_job.py:190} INFO - Processing /opt/airflow/dags/create_dag_with_python_operator.py took 0.501 seconds
[2023-08-31 13:22:06,914] {scheduler_job.py:182} INFO - Started process (PID=2697) to work on /opt/airflow/dags/create_dag_with_python_operator.py
[2023-08-31 13:22:06,925] {scheduler_job.py:629} INFO - Processing file /opt/airflow/dags/create_dag_with_python_operator.py for tasks to queue
[2023-08-31 13:22:06,929] {logging_mixin.py:104} INFO - [2023-08-31 13:22:06,928] {dagbag.py:448} INFO - Filling up the DagBag from /opt/airflow/dags/create_dag_with_python_operator.py
[2023-08-31 13:22:06,996] {scheduler_job.py:639} INFO - DAG(s) dict_keys(['our_dag_with_python_operator_v07']) retrieved from /opt/airflow/dags/create_dag_with_python_operator.py
[2023-08-31 13:22:07,103] {logging_mixin.py:104} INFO - [2023-08-31 13:22:07,103] {dag.py:1818} INFO - Sync 1 DAGs
[2023-08-31 13:22:07,315] {logging_mixin.py:104} INFO - [2023-08-31 13:22:07,315] {dag.py:2273} INFO - Setting next_dagrun for our_dag_with_python_operator_v07 to 2021-10-06T00:00:00+00:00
[2023-08-31 13:22:07,347] {scheduler_job.py:190} INFO - Processing /opt/airflow/dags/create_dag_with_python_operator.py took 0.448 seconds
[2023-08-31 13:22:17,714] {scheduler_job.py:182} INFO - Started process (PID=3038) to work on /opt/airflow/dags/create_dag_with_python_operator.py
[2023-08-31 13:22:17,718] {scheduler_job.py:629} INFO - Processing file /opt/airflow/dags/create_dag_with_python_operator.py for tasks to queue
[2023-08-31 13:22:17,723] {logging_mixin.py:104} INFO - [2023-08-31 13:22:17,722] {dagbag.py:448} INFO - Filling up the DagBag from /opt/airflow/dags/create_dag_with_python_operator.py
[2023-08-31 13:22:17,935] {scheduler_job.py:639} INFO - DAG(s) dict_keys(['our_dag_with_python_operator_v07']) retrieved from /opt/airflow/dags/create_dag_with_python_operator.py
[2023-08-31 13:22:18,054] {logging_mixin.py:104} INFO - [2023-08-31 13:22:18,054] {dag.py:1818} INFO - Sync 1 DAGs
[2023-08-31 13:22:18,422] {logging_mixin.py:104} INFO - [2023-08-31 13:22:18,421] {dag.py:2273} INFO - Setting next_dagrun for our_dag_with_python_operator_v07 to 2021-10-06T00:00:00+00:00
[2023-08-31 13:22:18,466] {scheduler_job.py:190} INFO - Processing /opt/airflow/dags/create_dag_with_python_operator.py took 0.757 seconds
[2023-08-31 13:22:28,956] {scheduler_job.py:182} INFO - Started process (PID=3392) to work on /opt/airflow/dags/create_dag_with_python_operator.py
[2023-08-31 13:22:28,959] {scheduler_job.py:629} INFO - Processing file /opt/airflow/dags/create_dag_with_python_operator.py for tasks to queue
[2023-08-31 13:22:28,965] {logging_mixin.py:104} INFO - [2023-08-31 13:22:28,963] {dagbag.py:448} INFO - Filling up the DagBag from /opt/airflow/dags/create_dag_with_python_operator.py
[2023-08-31 13:22:29,133] {scheduler_job.py:639} INFO - DAG(s) dict_keys(['our_dag_with_python_operator_v07']) retrieved from /opt/airflow/dags/create_dag_with_python_operator.py
[2023-08-31 13:22:29,264] {logging_mixin.py:104} INFO - [2023-08-31 13:22:29,264] {dag.py:1818} INFO - Sync 1 DAGs
[2023-08-31 13:22:29,413] {logging_mixin.py:104} INFO - [2023-08-31 13:22:29,413] {dag.py:2273} INFO - Setting next_dagrun for our_dag_with_python_operator_v07 to 2021-10-06T00:00:00+00:00
[2023-08-31 13:22:29,446] {scheduler_job.py:190} INFO - Processing /opt/airflow/dags/create_dag_with_python_operator.py took 0.496 seconds
[2023-08-31 13:22:39,856] {scheduler_job.py:182} INFO - Started process (PID=3756) to work on /opt/airflow/dags/create_dag_with_python_operator.py
[2023-08-31 13:22:39,859] {scheduler_job.py:629} INFO - Processing file /opt/airflow/dags/create_dag_with_python_operator.py for tasks to queue
[2023-08-31 13:22:39,860] {logging_mixin.py:104} INFO - [2023-08-31 13:22:39,860] {dagbag.py:448} INFO - Filling up the DagBag from /opt/airflow/dags/create_dag_with_python_operator.py
[2023-08-31 13:22:39,989] {scheduler_job.py:639} INFO - DAG(s) dict_keys(['our_dag_with_python_operator_v07']) retrieved from /opt/airflow/dags/create_dag_with_python_operator.py
[2023-08-31 13:22:40,088] {logging_mixin.py:104} INFO - [2023-08-31 13:22:40,085] {dag.py:1818} INFO - Sync 1 DAGs
[2023-08-31 13:22:40,373] {logging_mixin.py:104} INFO - [2023-08-31 13:22:40,373] {dag.py:2273} INFO - Setting next_dagrun for our_dag_with_python_operator_v07 to 2021-10-06T00:00:00+00:00
[2023-08-31 13:22:40,455] {scheduler_job.py:190} INFO - Processing /opt/airflow/dags/create_dag_with_python_operator.py took 0.604 seconds
[2023-08-31 13:22:50,814] {scheduler_job.py:182} INFO - Started process (PID=4107) to work on /opt/airflow/dags/create_dag_with_python_operator.py
[2023-08-31 13:22:50,820] {scheduler_job.py:629} INFO - Processing file /opt/airflow/dags/create_dag_with_python_operator.py for tasks to queue
[2023-08-31 13:22:50,844] {logging_mixin.py:104} INFO - [2023-08-31 13:22:50,836] {dagbag.py:448} INFO - Filling up the DagBag from /opt/airflow/dags/create_dag_with_python_operator.py
[2023-08-31 13:22:50,982] {scheduler_job.py:639} INFO - DAG(s) dict_keys(['our_dag_with_python_operator_v07']) retrieved from /opt/airflow/dags/create_dag_with_python_operator.py
[2023-08-31 13:22:51,109] {logging_mixin.py:104} INFO - [2023-08-31 13:22:51,109] {dag.py:1818} INFO - Sync 1 DAGs
[2023-08-31 13:22:51,273] {logging_mixin.py:104} INFO - [2023-08-31 13:22:51,272] {dag.py:2273} INFO - Setting next_dagrun for our_dag_with_python_operator_v07 to 2021-10-06T00:00:00+00:00
[2023-08-31 13:22:51,305] {scheduler_job.py:190} INFO - Processing /opt/airflow/dags/create_dag_with_python_operator.py took 0.496 seconds
[2023-08-31 13:23:01,714] {scheduler_job.py:182} INFO - Started process (PID=4466) to work on /opt/airflow/dags/create_dag_with_python_operator.py
[2023-08-31 13:23:01,718] {scheduler_job.py:629} INFO - Processing file /opt/airflow/dags/create_dag_with_python_operator.py for tasks to queue
[2023-08-31 13:23:01,729] {logging_mixin.py:104} INFO - [2023-08-31 13:23:01,728] {dagbag.py:448} INFO - Filling up the DagBag from /opt/airflow/dags/create_dag_with_python_operator.py
[2023-08-31 13:23:01,819] {scheduler_job.py:639} INFO - DAG(s) dict_keys(['our_dag_with_python_operator_v07']) retrieved from /opt/airflow/dags/create_dag_with_python_operator.py
[2023-08-31 13:23:01,897] {logging_mixin.py:104} INFO - [2023-08-31 13:23:01,895] {dag.py:1818} INFO - Sync 1 DAGs
[2023-08-31 13:23:02,105] {logging_mixin.py:104} INFO - [2023-08-31 13:23:02,105] {dag.py:2273} INFO - Setting next_dagrun for our_dag_with_python_operator_v07 to 2021-10-06T00:00:00+00:00
[2023-08-31 13:23:02,140] {scheduler_job.py:190} INFO - Processing /opt/airflow/dags/create_dag_with_python_operator.py took 0.430 seconds
[2023-08-31 13:23:12,402] {scheduler_job.py:182} INFO - Started process (PID=4819) to work on /opt/airflow/dags/create_dag_with_python_operator.py
[2023-08-31 13:23:12,405] {scheduler_job.py:629} INFO - Processing file /opt/airflow/dags/create_dag_with_python_operator.py for tasks to queue
[2023-08-31 13:23:12,407] {logging_mixin.py:104} INFO - [2023-08-31 13:23:12,407] {dagbag.py:448} INFO - Filling up the DagBag from /opt/airflow/dags/create_dag_with_python_operator.py
[2023-08-31 13:23:12,511] {scheduler_job.py:639} INFO - DAG(s) dict_keys(['our_dag_with_python_operator_v07']) retrieved from /opt/airflow/dags/create_dag_with_python_operator.py
[2023-08-31 13:23:12,649] {logging_mixin.py:104} INFO - [2023-08-31 13:23:12,649] {dag.py:1818} INFO - Sync 1 DAGs
[2023-08-31 13:23:12,839] {logging_mixin.py:104} INFO - [2023-08-31 13:23:12,839] {dag.py:2273} INFO - Setting next_dagrun for our_dag_with_python_operator_v07 to 2021-10-06T00:00:00+00:00
[2023-08-31 13:23:12,871] {scheduler_job.py:190} INFO - Processing /opt/airflow/dags/create_dag_with_python_operator.py took 0.477 seconds
[2023-08-31 13:23:23,191] {scheduler_job.py:182} INFO - Started process (PID=5167) to work on /opt/airflow/dags/create_dag_with_python_operator.py
[2023-08-31 13:23:23,196] {scheduler_job.py:629} INFO - Processing file /opt/airflow/dags/create_dag_with_python_operator.py for tasks to queue
[2023-08-31 13:23:23,208] {logging_mixin.py:104} INFO - [2023-08-31 13:23:23,207] {dagbag.py:448} INFO - Filling up the DagBag from /opt/airflow/dags/create_dag_with_python_operator.py
[2023-08-31 13:23:23,294] {scheduler_job.py:639} INFO - DAG(s) dict_keys(['our_dag_with_python_operator_v07']) retrieved from /opt/airflow/dags/create_dag_with_python_operator.py
[2023-08-31 13:23:23,415] {logging_mixin.py:104} INFO - [2023-08-31 13:23:23,415] {dag.py:1818} INFO - Sync 1 DAGs
[2023-08-31 13:23:23,640] {logging_mixin.py:104} INFO - [2023-08-31 13:23:23,639] {dag.py:2273} INFO - Setting next_dagrun for our_dag_with_python_operator_v07 to 2021-10-06T00:00:00+00:00
[2023-08-31 13:23:23,662] {scheduler_job.py:190} INFO - Processing /opt/airflow/dags/create_dag_with_python_operator.py took 0.477 seconds
[2023-08-31 13:23:33,836] {scheduler_job.py:182} INFO - Started process (PID=5513) to work on /opt/airflow/dags/create_dag_with_python_operator.py
[2023-08-31 13:23:33,839] {scheduler_job.py:629} INFO - Processing file /opt/airflow/dags/create_dag_with_python_operator.py for tasks to queue
[2023-08-31 13:23:33,841] {logging_mixin.py:104} INFO - [2023-08-31 13:23:33,841] {dagbag.py:448} INFO - Filling up the DagBag from /opt/airflow/dags/create_dag_with_python_operator.py
[2023-08-31 13:23:33,925] {scheduler_job.py:639} INFO - DAG(s) dict_keys(['our_dag_with_python_operator_v07']) retrieved from /opt/airflow/dags/create_dag_with_python_operator.py
[2023-08-31 13:23:33,999] {logging_mixin.py:104} INFO - [2023-08-31 13:23:33,998] {dag.py:1818} INFO - Sync 1 DAGs
[2023-08-31 13:23:34,118] {logging_mixin.py:104} INFO - [2023-08-31 13:23:34,117] {dag.py:2273} INFO - Setting next_dagrun for our_dag_with_python_operator_v07 to 2021-10-06T00:00:00+00:00
[2023-08-31 13:23:34,163] {scheduler_job.py:190} INFO - Processing /opt/airflow/dags/create_dag_with_python_operator.py took 0.332 seconds
[2023-08-31 13:23:44,396] {scheduler_job.py:182} INFO - Started process (PID=5864) to work on /opt/airflow/dags/create_dag_with_python_operator.py
[2023-08-31 13:23:44,400] {scheduler_job.py:629} INFO - Processing file /opt/airflow/dags/create_dag_with_python_operator.py for tasks to queue
[2023-08-31 13:23:44,404] {logging_mixin.py:104} INFO - [2023-08-31 13:23:44,404] {dagbag.py:448} INFO - Filling up the DagBag from /opt/airflow/dags/create_dag_with_python_operator.py
[2023-08-31 13:23:44,496] {scheduler_job.py:639} INFO - DAG(s) dict_keys(['our_dag_with_python_operator_v07']) retrieved from /opt/airflow/dags/create_dag_with_python_operator.py
[2023-08-31 13:23:44,592] {logging_mixin.py:104} INFO - [2023-08-31 13:23:44,592] {dag.py:1818} INFO - Sync 1 DAGs
[2023-08-31 13:23:44,720] {logging_mixin.py:104} INFO - [2023-08-31 13:23:44,719] {dag.py:2273} INFO - Setting next_dagrun for our_dag_with_python_operator_v07 to 2021-10-06T00:00:00+00:00
[2023-08-31 13:23:44,756] {scheduler_job.py:190} INFO - Processing /opt/airflow/dags/create_dag_with_python_operator.py took 0.365 seconds
[2023-08-31 13:23:55,197] {scheduler_job.py:182} INFO - Started process (PID=6137) to work on /opt/airflow/dags/create_dag_with_python_operator.py
[2023-08-31 13:23:55,200] {scheduler_job.py:629} INFO - Processing file /opt/airflow/dags/create_dag_with_python_operator.py for tasks to queue
[2023-08-31 13:23:55,202] {logging_mixin.py:104} INFO - [2023-08-31 13:23:55,202] {dagbag.py:448} INFO - Filling up the DagBag from /opt/airflow/dags/create_dag_with_python_operator.py
[2023-08-31 13:23:55,243] {scheduler_job.py:639} INFO - DAG(s) dict_keys(['our_dag_with_python_operator_v07']) retrieved from /opt/airflow/dags/create_dag_with_python_operator.py
[2023-08-31 13:23:55,280] {logging_mixin.py:104} INFO - [2023-08-31 13:23:55,279] {dag.py:1818} INFO - Sync 1 DAGs
[2023-08-31 13:23:55,332] {logging_mixin.py:104} INFO - [2023-08-31 13:23:55,331] {dag.py:2273} INFO - Setting next_dagrun for our_dag_with_python_operator_v07 to 2021-10-06T00:00:00+00:00
[2023-08-31 13:23:55,344] {scheduler_job.py:190} INFO - Processing /opt/airflow/dags/create_dag_with_python_operator.py took 0.155 seconds
[2023-08-31 13:24:05,491] {scheduler_job.py:182} INFO - Started process (PID=6191) to work on /opt/airflow/dags/create_dag_with_python_operator.py
[2023-08-31 13:24:05,496] {scheduler_job.py:629} INFO - Processing file /opt/airflow/dags/create_dag_with_python_operator.py for tasks to queue
[2023-08-31 13:24:05,499] {logging_mixin.py:104} INFO - [2023-08-31 13:24:05,499] {dagbag.py:448} INFO - Filling up the DagBag from /opt/airflow/dags/create_dag_with_python_operator.py
[2023-08-31 13:24:05,542] {scheduler_job.py:639} INFO - DAG(s) dict_keys(['our_dag_with_python_operator_v07']) retrieved from /opt/airflow/dags/create_dag_with_python_operator.py
[2023-08-31 13:24:05,579] {logging_mixin.py:104} INFO - [2023-08-31 13:24:05,579] {dag.py:1818} INFO - Sync 1 DAGs
[2023-08-31 13:24:05,632] {logging_mixin.py:104} INFO - [2023-08-31 13:24:05,632] {dag.py:2273} INFO - Setting next_dagrun for our_dag_with_python_operator_v07 to 2021-10-06T00:00:00+00:00
[2023-08-31 13:24:05,645] {scheduler_job.py:190} INFO - Processing /opt/airflow/dags/create_dag_with_python_operator.py took 0.165 seconds
