[2023-08-31 13:17:37,805] {scheduler_job.py:182} INFO - Started process (PID=223) to work on /opt/airflow/dags/dag_with_cron_expression.py
[2023-08-31 13:17:37,807] {scheduler_job.py:629} INFO - Processing file /opt/airflow/dags/dag_with_cron_expression.py for tasks to queue
[2023-08-31 13:17:37,809] {logging_mixin.py:104} INFO - [2023-08-31 13:17:37,809] {dagbag.py:448} INFO - Filling up the DagBag from /opt/airflow/dags/dag_with_cron_expression.py
[2023-08-31 13:17:37,841] {scheduler_job.py:639} INFO - DAG(s) dict_keys(['dag_with_cron_expression_v04']) retrieved from /opt/airflow/dags/dag_with_cron_expression.py
[2023-08-31 13:17:37,882] {logging_mixin.py:104} INFO - [2023-08-31 13:17:37,881] {dag.py:1818} INFO - Sync 1 DAGs
[2023-08-31 13:17:37,904] {logging_mixin.py:104} INFO - [2023-08-31 13:17:37,904] {dag.py:1837} INFO - Creating ORM DAG for dag_with_cron_expression_v04
[2023-08-31 13:17:37,932] {logging_mixin.py:104} INFO - [2023-08-31 13:17:37,932] {dag.py:2273} INFO - Setting next_dagrun for dag_with_cron_expression_v04 to 2021-11-02 03:00:00+00:00
[2023-08-31 13:17:37,955] {scheduler_job.py:190} INFO - Processing /opt/airflow/dags/dag_with_cron_expression.py took 0.155 seconds
[2023-08-31 13:17:48,617] {scheduler_job.py:182} INFO - Started process (PID=277) to work on /opt/airflow/dags/dag_with_cron_expression.py
[2023-08-31 13:17:48,620] {scheduler_job.py:629} INFO - Processing file /opt/airflow/dags/dag_with_cron_expression.py for tasks to queue
[2023-08-31 13:17:48,622] {logging_mixin.py:104} INFO - [2023-08-31 13:17:48,621] {dagbag.py:448} INFO - Filling up the DagBag from /opt/airflow/dags/dag_with_cron_expression.py
[2023-08-31 13:17:48,650] {scheduler_job.py:639} INFO - DAG(s) dict_keys(['dag_with_cron_expression_v04']) retrieved from /opt/airflow/dags/dag_with_cron_expression.py
[2023-08-31 13:17:48,670] {logging_mixin.py:104} INFO - [2023-08-31 13:17:48,670] {dag.py:1818} INFO - Sync 1 DAGs
[2023-08-31 13:17:48,721] {logging_mixin.py:104} INFO - [2023-08-31 13:17:48,721] {dag.py:2273} INFO - Setting next_dagrun for dag_with_cron_expression_v04 to 2021-11-02 03:00:00+00:00
[2023-08-31 13:17:48,738] {scheduler_job.py:190} INFO - Processing /opt/airflow/dags/dag_with_cron_expression.py took 0.125 seconds
[2023-08-31 13:17:58,987] {scheduler_job.py:182} INFO - Started process (PID=330) to work on /opt/airflow/dags/dag_with_cron_expression.py
[2023-08-31 13:17:58,994] {scheduler_job.py:629} INFO - Processing file /opt/airflow/dags/dag_with_cron_expression.py for tasks to queue
[2023-08-31 13:17:58,996] {logging_mixin.py:104} INFO - [2023-08-31 13:17:58,995] {dagbag.py:448} INFO - Filling up the DagBag from /opt/airflow/dags/dag_with_cron_expression.py
[2023-08-31 13:17:59,033] {scheduler_job.py:639} INFO - DAG(s) dict_keys(['dag_with_cron_expression_v04']) retrieved from /opt/airflow/dags/dag_with_cron_expression.py
[2023-08-31 13:17:59,061] {logging_mixin.py:104} INFO - [2023-08-31 13:17:59,061] {dag.py:1818} INFO - Sync 1 DAGs
[2023-08-31 13:17:59,127] {logging_mixin.py:104} INFO - [2023-08-31 13:17:59,126] {dag.py:2273} INFO - Setting next_dagrun for dag_with_cron_expression_v04 to 2021-11-02 03:00:00+00:00
[2023-08-31 13:17:59,141] {scheduler_job.py:190} INFO - Processing /opt/airflow/dags/dag_with_cron_expression.py took 0.159 seconds
[2023-08-31 13:18:09,672] {scheduler_job.py:182} INFO - Started process (PID=385) to work on /opt/airflow/dags/dag_with_cron_expression.py
[2023-08-31 13:18:09,675] {scheduler_job.py:629} INFO - Processing file /opt/airflow/dags/dag_with_cron_expression.py for tasks to queue
[2023-08-31 13:18:09,676] {logging_mixin.py:104} INFO - [2023-08-31 13:18:09,676] {dagbag.py:448} INFO - Filling up the DagBag from /opt/airflow/dags/dag_with_cron_expression.py
[2023-08-31 13:18:09,706] {scheduler_job.py:639} INFO - DAG(s) dict_keys(['dag_with_cron_expression_v04']) retrieved from /opt/airflow/dags/dag_with_cron_expression.py
[2023-08-31 13:18:09,743] {logging_mixin.py:104} INFO - [2023-08-31 13:18:09,742] {dag.py:1818} INFO - Sync 1 DAGs
[2023-08-31 13:18:09,801] {logging_mixin.py:104} INFO - [2023-08-31 13:18:09,801] {dag.py:2273} INFO - Setting next_dagrun for dag_with_cron_expression_v04 to 2021-11-02 03:00:00+00:00
[2023-08-31 13:18:09,815] {scheduler_job.py:190} INFO - Processing /opt/airflow/dags/dag_with_cron_expression.py took 0.148 seconds
[2023-08-31 13:18:20,002] {scheduler_job.py:182} INFO - Started process (PID=437) to work on /opt/airflow/dags/dag_with_cron_expression.py
[2023-08-31 13:18:20,005] {scheduler_job.py:629} INFO - Processing file /opt/airflow/dags/dag_with_cron_expression.py for tasks to queue
[2023-08-31 13:18:20,006] {logging_mixin.py:104} INFO - [2023-08-31 13:18:20,006] {dagbag.py:448} INFO - Filling up the DagBag from /opt/airflow/dags/dag_with_cron_expression.py
[2023-08-31 13:18:20,033] {scheduler_job.py:639} INFO - DAG(s) dict_keys(['dag_with_cron_expression_v04']) retrieved from /opt/airflow/dags/dag_with_cron_expression.py
[2023-08-31 13:18:20,070] {logging_mixin.py:104} INFO - [2023-08-31 13:18:20,070] {dag.py:1818} INFO - Sync 1 DAGs
[2023-08-31 13:18:20,122] {logging_mixin.py:104} INFO - [2023-08-31 13:18:20,121] {dag.py:2273} INFO - Setting next_dagrun for dag_with_cron_expression_v04 to 2021-11-02 03:00:00+00:00
[2023-08-31 13:18:20,135] {scheduler_job.py:190} INFO - Processing /opt/airflow/dags/dag_with_cron_expression.py took 0.138 seconds
[2023-08-31 13:18:30,202] {scheduler_job.py:182} INFO - Started process (PID=491) to work on /opt/airflow/dags/dag_with_cron_expression.py
[2023-08-31 13:18:30,204] {scheduler_job.py:629} INFO - Processing file /opt/airflow/dags/dag_with_cron_expression.py for tasks to queue
[2023-08-31 13:18:30,206] {logging_mixin.py:104} INFO - [2023-08-31 13:18:30,205] {dagbag.py:448} INFO - Filling up the DagBag from /opt/airflow/dags/dag_with_cron_expression.py
[2023-08-31 13:18:30,233] {scheduler_job.py:639} INFO - DAG(s) dict_keys(['dag_with_cron_expression_v04']) retrieved from /opt/airflow/dags/dag_with_cron_expression.py
[2023-08-31 13:18:30,267] {logging_mixin.py:104} INFO - [2023-08-31 13:18:30,267] {dag.py:1818} INFO - Sync 1 DAGs
[2023-08-31 13:18:30,320] {logging_mixin.py:104} INFO - [2023-08-31 13:18:30,320] {dag.py:2273} INFO - Setting next_dagrun for dag_with_cron_expression_v04 to 2021-11-02 03:00:00+00:00
[2023-08-31 13:18:30,333] {scheduler_job.py:190} INFO - Processing /opt/airflow/dags/dag_with_cron_expression.py took 0.136 seconds
[2023-08-31 13:18:41,308] {scheduler_job.py:182} INFO - Started process (PID=546) to work on /opt/airflow/dags/dag_with_cron_expression.py
[2023-08-31 13:18:41,310] {scheduler_job.py:629} INFO - Processing file /opt/airflow/dags/dag_with_cron_expression.py for tasks to queue
[2023-08-31 13:18:41,312] {logging_mixin.py:104} INFO - [2023-08-31 13:18:41,311] {dagbag.py:448} INFO - Filling up the DagBag from /opt/airflow/dags/dag_with_cron_expression.py
[2023-08-31 13:18:41,339] {scheduler_job.py:639} INFO - DAG(s) dict_keys(['dag_with_cron_expression_v04']) retrieved from /opt/airflow/dags/dag_with_cron_expression.py
[2023-08-31 13:18:41,373] {logging_mixin.py:104} INFO - [2023-08-31 13:18:41,372] {dag.py:1818} INFO - Sync 1 DAGs
[2023-08-31 13:18:41,423] {logging_mixin.py:104} INFO - [2023-08-31 13:18:41,422] {dag.py:2273} INFO - Setting next_dagrun for dag_with_cron_expression_v04 to 2021-11-02 03:00:00+00:00
[2023-08-31 13:18:41,434] {scheduler_job.py:190} INFO - Processing /opt/airflow/dags/dag_with_cron_expression.py took 0.131 seconds
[2023-08-31 13:18:51,523] {scheduler_job.py:182} INFO - Started process (PID=600) to work on /opt/airflow/dags/dag_with_cron_expression.py
[2023-08-31 13:18:51,525] {scheduler_job.py:629} INFO - Processing file /opt/airflow/dags/dag_with_cron_expression.py for tasks to queue
[2023-08-31 13:18:51,526] {logging_mixin.py:104} INFO - [2023-08-31 13:18:51,526] {dagbag.py:448} INFO - Filling up the DagBag from /opt/airflow/dags/dag_with_cron_expression.py
[2023-08-31 13:18:51,554] {scheduler_job.py:639} INFO - DAG(s) dict_keys(['dag_with_cron_expression_v04']) retrieved from /opt/airflow/dags/dag_with_cron_expression.py
[2023-08-31 13:18:51,589] {logging_mixin.py:104} INFO - [2023-08-31 13:18:51,589] {dag.py:1818} INFO - Sync 1 DAGs
[2023-08-31 13:18:51,640] {logging_mixin.py:104} INFO - [2023-08-31 13:18:51,640] {dag.py:2273} INFO - Setting next_dagrun for dag_with_cron_expression_v04 to 2021-11-02 03:00:00+00:00
[2023-08-31 13:18:51,652] {scheduler_job.py:190} INFO - Processing /opt/airflow/dags/dag_with_cron_expression.py took 0.134 seconds
[2023-08-31 13:19:01,768] {scheduler_job.py:182} INFO - Started process (PID=653) to work on /opt/airflow/dags/dag_with_cron_expression.py
[2023-08-31 13:19:01,770] {scheduler_job.py:629} INFO - Processing file /opt/airflow/dags/dag_with_cron_expression.py for tasks to queue
[2023-08-31 13:19:01,772] {logging_mixin.py:104} INFO - [2023-08-31 13:19:01,771] {dagbag.py:448} INFO - Filling up the DagBag from /opt/airflow/dags/dag_with_cron_expression.py
[2023-08-31 13:19:01,799] {scheduler_job.py:639} INFO - DAG(s) dict_keys(['dag_with_cron_expression_v04']) retrieved from /opt/airflow/dags/dag_with_cron_expression.py
[2023-08-31 13:19:01,833] {logging_mixin.py:104} INFO - [2023-08-31 13:19:01,833] {dag.py:1818} INFO - Sync 1 DAGs
[2023-08-31 13:19:01,884] {logging_mixin.py:104} INFO - [2023-08-31 13:19:01,884] {dag.py:2273} INFO - Setting next_dagrun for dag_with_cron_expression_v04 to 2021-11-02 03:00:00+00:00
[2023-08-31 13:19:01,897] {scheduler_job.py:190} INFO - Processing /opt/airflow/dags/dag_with_cron_expression.py took 0.134 seconds
[2023-08-31 13:19:12,932] {scheduler_job.py:182} INFO - Started process (PID=709) to work on /opt/airflow/dags/dag_with_cron_expression.py
[2023-08-31 13:19:12,934] {scheduler_job.py:629} INFO - Processing file /opt/airflow/dags/dag_with_cron_expression.py for tasks to queue
[2023-08-31 13:19:12,936] {logging_mixin.py:104} INFO - [2023-08-31 13:19:12,936] {dagbag.py:448} INFO - Filling up the DagBag from /opt/airflow/dags/dag_with_cron_expression.py
[2023-08-31 13:19:12,962] {scheduler_job.py:639} INFO - DAG(s) dict_keys(['dag_with_cron_expression_v04']) retrieved from /opt/airflow/dags/dag_with_cron_expression.py
[2023-08-31 13:19:12,998] {logging_mixin.py:104} INFO - [2023-08-31 13:19:12,997] {dag.py:1818} INFO - Sync 1 DAGs
[2023-08-31 13:19:13,048] {logging_mixin.py:104} INFO - [2023-08-31 13:19:13,047] {dag.py:2273} INFO - Setting next_dagrun for dag_with_cron_expression_v04 to 2021-11-02 03:00:00+00:00
[2023-08-31 13:19:13,060] {scheduler_job.py:190} INFO - Processing /opt/airflow/dags/dag_with_cron_expression.py took 0.133 seconds
[2023-08-31 13:19:23,138] {scheduler_job.py:182} INFO - Started process (PID=761) to work on /opt/airflow/dags/dag_with_cron_expression.py
[2023-08-31 13:19:23,140] {scheduler_job.py:629} INFO - Processing file /opt/airflow/dags/dag_with_cron_expression.py for tasks to queue
[2023-08-31 13:19:23,141] {logging_mixin.py:104} INFO - [2023-08-31 13:19:23,141] {dagbag.py:448} INFO - Filling up the DagBag from /opt/airflow/dags/dag_with_cron_expression.py
[2023-08-31 13:19:23,168] {scheduler_job.py:639} INFO - DAG(s) dict_keys(['dag_with_cron_expression_v04']) retrieved from /opt/airflow/dags/dag_with_cron_expression.py
[2023-08-31 13:19:23,202] {logging_mixin.py:104} INFO - [2023-08-31 13:19:23,202] {dag.py:1818} INFO - Sync 1 DAGs
[2023-08-31 13:19:23,252] {logging_mixin.py:104} INFO - [2023-08-31 13:19:23,252] {dag.py:2273} INFO - Setting next_dagrun for dag_with_cron_expression_v04 to 2021-11-02 03:00:00+00:00
[2023-08-31 13:19:23,264] {scheduler_job.py:190} INFO - Processing /opt/airflow/dags/dag_with_cron_expression.py took 0.131 seconds
[2023-08-31 13:19:33,351] {scheduler_job.py:182} INFO - Started process (PID=813) to work on /opt/airflow/dags/dag_with_cron_expression.py
[2023-08-31 13:19:33,353] {scheduler_job.py:629} INFO - Processing file /opt/airflow/dags/dag_with_cron_expression.py for tasks to queue
[2023-08-31 13:19:33,355] {logging_mixin.py:104} INFO - [2023-08-31 13:19:33,354] {dagbag.py:448} INFO - Filling up the DagBag from /opt/airflow/dags/dag_with_cron_expression.py
[2023-08-31 13:19:33,381] {scheduler_job.py:639} INFO - DAG(s) dict_keys(['dag_with_cron_expression_v04']) retrieved from /opt/airflow/dags/dag_with_cron_expression.py
[2023-08-31 13:19:33,416] {logging_mixin.py:104} INFO - [2023-08-31 13:19:33,415] {dag.py:1818} INFO - Sync 1 DAGs
[2023-08-31 13:19:33,466] {logging_mixin.py:104} INFO - [2023-08-31 13:19:33,465] {dag.py:2273} INFO - Setting next_dagrun for dag_with_cron_expression_v04 to 2021-11-02 03:00:00+00:00
[2023-08-31 13:19:33,478] {scheduler_job.py:190} INFO - Processing /opt/airflow/dags/dag_with_cron_expression.py took 0.132 seconds
[2023-08-31 13:19:43,512] {scheduler_job.py:182} INFO - Started process (PID=863) to work on /opt/airflow/dags/dag_with_cron_expression.py
[2023-08-31 13:19:43,515] {scheduler_job.py:629} INFO - Processing file /opt/airflow/dags/dag_with_cron_expression.py for tasks to queue
[2023-08-31 13:19:43,516] {logging_mixin.py:104} INFO - [2023-08-31 13:19:43,516] {dagbag.py:448} INFO - Filling up the DagBag from /opt/airflow/dags/dag_with_cron_expression.py
[2023-08-31 13:19:43,544] {scheduler_job.py:639} INFO - DAG(s) dict_keys(['dag_with_cron_expression_v04']) retrieved from /opt/airflow/dags/dag_with_cron_expression.py
[2023-08-31 13:19:43,578] {logging_mixin.py:104} INFO - [2023-08-31 13:19:43,578] {dag.py:1818} INFO - Sync 1 DAGs
[2023-08-31 13:19:43,631] {logging_mixin.py:104} INFO - [2023-08-31 13:19:43,631] {dag.py:2273} INFO - Setting next_dagrun for dag_with_cron_expression_v04 to 2021-11-02 03:00:00+00:00
[2023-08-31 13:19:43,643] {scheduler_job.py:190} INFO - Processing /opt/airflow/dags/dag_with_cron_expression.py took 0.137 seconds
[2023-08-31 13:19:53,724] {scheduler_job.py:182} INFO - Started process (PID=915) to work on /opt/airflow/dags/dag_with_cron_expression.py
[2023-08-31 13:19:53,728] {scheduler_job.py:629} INFO - Processing file /opt/airflow/dags/dag_with_cron_expression.py for tasks to queue
[2023-08-31 13:19:53,730] {logging_mixin.py:104} INFO - [2023-08-31 13:19:53,729] {dagbag.py:448} INFO - Filling up the DagBag from /opt/airflow/dags/dag_with_cron_expression.py
[2023-08-31 13:19:53,759] {scheduler_job.py:639} INFO - DAG(s) dict_keys(['dag_with_cron_expression_v04']) retrieved from /opt/airflow/dags/dag_with_cron_expression.py
[2023-08-31 13:19:53,797] {logging_mixin.py:104} INFO - [2023-08-31 13:19:53,796] {dag.py:1818} INFO - Sync 1 DAGs
[2023-08-31 13:19:53,847] {logging_mixin.py:104} INFO - [2023-08-31 13:19:53,846] {dag.py:2273} INFO - Setting next_dagrun for dag_with_cron_expression_v04 to 2021-11-02 03:00:00+00:00
[2023-08-31 13:19:53,859] {scheduler_job.py:190} INFO - Processing /opt/airflow/dags/dag_with_cron_expression.py took 0.142 seconds
[2023-08-31 13:20:03,904] {scheduler_job.py:182} INFO - Started process (PID=969) to work on /opt/airflow/dags/dag_with_cron_expression.py
[2023-08-31 13:20:03,907] {scheduler_job.py:629} INFO - Processing file /opt/airflow/dags/dag_with_cron_expression.py for tasks to queue
[2023-08-31 13:20:03,908] {logging_mixin.py:104} INFO - [2023-08-31 13:20:03,908] {dagbag.py:448} INFO - Filling up the DagBag from /opt/airflow/dags/dag_with_cron_expression.py
[2023-08-31 13:20:03,935] {scheduler_job.py:639} INFO - DAG(s) dict_keys(['dag_with_cron_expression_v04']) retrieved from /opt/airflow/dags/dag_with_cron_expression.py
[2023-08-31 13:20:03,971] {logging_mixin.py:104} INFO - [2023-08-31 13:20:03,971] {dag.py:1818} INFO - Sync 1 DAGs
[2023-08-31 13:20:04,020] {logging_mixin.py:104} INFO - [2023-08-31 13:20:04,020] {dag.py:2273} INFO - Setting next_dagrun for dag_with_cron_expression_v04 to 2021-11-02 03:00:00+00:00
[2023-08-31 13:20:04,031] {scheduler_job.py:190} INFO - Processing /opt/airflow/dags/dag_with_cron_expression.py took 0.132 seconds
[2023-08-31 13:20:14,140] {scheduler_job.py:182} INFO - Started process (PID=987) to work on /opt/airflow/dags/dag_with_cron_expression.py
[2023-08-31 13:20:14,144] {scheduler_job.py:629} INFO - Processing file /opt/airflow/dags/dag_with_cron_expression.py for tasks to queue
[2023-08-31 13:20:14,146] {logging_mixin.py:104} INFO - [2023-08-31 13:20:14,146] {dagbag.py:448} INFO - Filling up the DagBag from /opt/airflow/dags/dag_with_cron_expression.py
[2023-08-31 13:20:14,172] {scheduler_job.py:639} INFO - DAG(s) dict_keys(['dag_with_cron_expression_v04']) retrieved from /opt/airflow/dags/dag_with_cron_expression.py
[2023-08-31 13:20:14,205] {logging_mixin.py:104} INFO - [2023-08-31 13:20:14,205] {dag.py:1818} INFO - Sync 1 DAGs
[2023-08-31 13:20:14,255] {logging_mixin.py:104} INFO - [2023-08-31 13:20:14,254] {dag.py:2273} INFO - Setting next_dagrun for dag_with_cron_expression_v04 to 2021-11-02 03:00:00+00:00
[2023-08-31 13:20:14,274] {scheduler_job.py:190} INFO - Processing /opt/airflow/dags/dag_with_cron_expression.py took 0.140 seconds
[2023-08-31 13:20:25,186] {scheduler_job.py:182} INFO - Started process (PID=1041) to work on /opt/airflow/dags/dag_with_cron_expression.py
[2023-08-31 13:20:25,189] {scheduler_job.py:629} INFO - Processing file /opt/airflow/dags/dag_with_cron_expression.py for tasks to queue
[2023-08-31 13:20:25,191] {logging_mixin.py:104} INFO - [2023-08-31 13:20:25,190] {dagbag.py:448} INFO - Filling up the DagBag from /opt/airflow/dags/dag_with_cron_expression.py
[2023-08-31 13:20:25,216] {scheduler_job.py:639} INFO - DAG(s) dict_keys(['dag_with_cron_expression_v04']) retrieved from /opt/airflow/dags/dag_with_cron_expression.py
[2023-08-31 13:20:25,251] {logging_mixin.py:104} INFO - [2023-08-31 13:20:25,251] {dag.py:1818} INFO - Sync 1 DAGs
[2023-08-31 13:20:25,302] {logging_mixin.py:104} INFO - [2023-08-31 13:20:25,302] {dag.py:2273} INFO - Setting next_dagrun for dag_with_cron_expression_v04 to 2021-11-02 03:00:00+00:00
[2023-08-31 13:20:25,315] {scheduler_job.py:190} INFO - Processing /opt/airflow/dags/dag_with_cron_expression.py took 0.134 seconds
[2023-08-31 13:20:35,494] {scheduler_job.py:182} INFO - Started process (PID=1095) to work on /opt/airflow/dags/dag_with_cron_expression.py
[2023-08-31 13:20:35,497] {scheduler_job.py:629} INFO - Processing file /opt/airflow/dags/dag_with_cron_expression.py for tasks to queue
[2023-08-31 13:20:35,498] {logging_mixin.py:104} INFO - [2023-08-31 13:20:35,498] {dagbag.py:448} INFO - Filling up the DagBag from /opt/airflow/dags/dag_with_cron_expression.py
[2023-08-31 13:20:35,524] {scheduler_job.py:639} INFO - DAG(s) dict_keys(['dag_with_cron_expression_v04']) retrieved from /opt/airflow/dags/dag_with_cron_expression.py
[2023-08-31 13:20:35,559] {logging_mixin.py:104} INFO - [2023-08-31 13:20:35,559] {dag.py:1818} INFO - Sync 1 DAGs
[2023-08-31 13:20:35,610] {logging_mixin.py:104} INFO - [2023-08-31 13:20:35,609] {dag.py:2273} INFO - Setting next_dagrun for dag_with_cron_expression_v04 to 2021-11-02 03:00:00+00:00
[2023-08-31 13:20:35,621] {scheduler_job.py:190} INFO - Processing /opt/airflow/dags/dag_with_cron_expression.py took 0.132 seconds
[2023-08-31 13:20:46,481] {scheduler_job.py:182} INFO - Started process (PID=1149) to work on /opt/airflow/dags/dag_with_cron_expression.py
[2023-08-31 13:20:46,485] {scheduler_job.py:629} INFO - Processing file /opt/airflow/dags/dag_with_cron_expression.py for tasks to queue
[2023-08-31 13:20:46,486] {logging_mixin.py:104} INFO - [2023-08-31 13:20:46,486] {dagbag.py:448} INFO - Filling up the DagBag from /opt/airflow/dags/dag_with_cron_expression.py
[2023-08-31 13:20:46,516] {scheduler_job.py:639} INFO - DAG(s) dict_keys(['dag_with_cron_expression_v04']) retrieved from /opt/airflow/dags/dag_with_cron_expression.py
[2023-08-31 13:20:46,552] {logging_mixin.py:104} INFO - [2023-08-31 13:20:46,552] {dag.py:1818} INFO - Sync 1 DAGs
[2023-08-31 13:20:46,605] {logging_mixin.py:104} INFO - [2023-08-31 13:20:46,605] {dag.py:2273} INFO - Setting next_dagrun for dag_with_cron_expression_v04 to 2021-11-02 03:00:00+00:00
[2023-08-31 13:20:46,618] {scheduler_job.py:190} INFO - Processing /opt/airflow/dags/dag_with_cron_expression.py took 0.142 seconds
[2023-08-31 13:20:56,731] {scheduler_job.py:182} INFO - Started process (PID=1204) to work on /opt/airflow/dags/dag_with_cron_expression.py
[2023-08-31 13:20:56,735] {scheduler_job.py:629} INFO - Processing file /opt/airflow/dags/dag_with_cron_expression.py for tasks to queue
[2023-08-31 13:20:56,737] {logging_mixin.py:104} INFO - [2023-08-31 13:20:56,736] {dagbag.py:448} INFO - Filling up the DagBag from /opt/airflow/dags/dag_with_cron_expression.py
[2023-08-31 13:20:56,766] {scheduler_job.py:639} INFO - DAG(s) dict_keys(['dag_with_cron_expression_v04']) retrieved from /opt/airflow/dags/dag_with_cron_expression.py
[2023-08-31 13:20:56,805] {logging_mixin.py:104} INFO - [2023-08-31 13:20:56,804] {dag.py:1818} INFO - Sync 1 DAGs
[2023-08-31 13:20:56,851] {logging_mixin.py:104} INFO - [2023-08-31 13:20:56,851] {dag.py:2273} INFO - Setting next_dagrun for dag_with_cron_expression_v04 to 2021-11-02 03:00:00+00:00
[2023-08-31 13:20:56,863] {scheduler_job.py:190} INFO - Processing /opt/airflow/dags/dag_with_cron_expression.py took 0.140 seconds
[2023-08-31 13:21:06,987] {scheduler_job.py:182} INFO - Started process (PID=1258) to work on /opt/airflow/dags/dag_with_cron_expression.py
[2023-08-31 13:21:06,990] {scheduler_job.py:629} INFO - Processing file /opt/airflow/dags/dag_with_cron_expression.py for tasks to queue
[2023-08-31 13:21:06,992] {logging_mixin.py:104} INFO - [2023-08-31 13:21:06,992] {dagbag.py:448} INFO - Filling up the DagBag from /opt/airflow/dags/dag_with_cron_expression.py
[2023-08-31 13:21:07,023] {scheduler_job.py:639} INFO - DAG(s) dict_keys(['dag_with_cron_expression_v04']) retrieved from /opt/airflow/dags/dag_with_cron_expression.py
[2023-08-31 13:21:07,061] {logging_mixin.py:104} INFO - [2023-08-31 13:21:07,061] {dag.py:1818} INFO - Sync 1 DAGs
[2023-08-31 13:21:07,107] {logging_mixin.py:104} INFO - [2023-08-31 13:21:07,107] {dag.py:2273} INFO - Setting next_dagrun for dag_with_cron_expression_v04 to 2021-11-02 03:00:00+00:00
[2023-08-31 13:21:07,119] {scheduler_job.py:190} INFO - Processing /opt/airflow/dags/dag_with_cron_expression.py took 0.140 seconds
[2023-08-31 13:21:18,071] {scheduler_job.py:182} INFO - Started process (PID=1312) to work on /opt/airflow/dags/dag_with_cron_expression.py
[2023-08-31 13:21:18,074] {scheduler_job.py:629} INFO - Processing file /opt/airflow/dags/dag_with_cron_expression.py for tasks to queue
[2023-08-31 13:21:18,076] {logging_mixin.py:104} INFO - [2023-08-31 13:21:18,076] {dagbag.py:448} INFO - Filling up the DagBag from /opt/airflow/dags/dag_with_cron_expression.py
[2023-08-31 13:21:18,105] {scheduler_job.py:639} INFO - DAG(s) dict_keys(['dag_with_cron_expression_v04']) retrieved from /opt/airflow/dags/dag_with_cron_expression.py
[2023-08-31 13:21:18,144] {logging_mixin.py:104} INFO - [2023-08-31 13:21:18,143] {dag.py:1818} INFO - Sync 1 DAGs
[2023-08-31 13:21:18,194] {logging_mixin.py:104} INFO - [2023-08-31 13:21:18,194] {dag.py:2273} INFO - Setting next_dagrun for dag_with_cron_expression_v04 to 2021-11-02 03:00:00+00:00
[2023-08-31 13:21:18,207] {scheduler_job.py:190} INFO - Processing /opt/airflow/dags/dag_with_cron_expression.py took 0.143 seconds
[2023-08-31 13:21:28,392] {scheduler_job.py:182} INFO - Started process (PID=1488) to work on /opt/airflow/dags/dag_with_cron_expression.py
[2023-08-31 13:21:28,396] {scheduler_job.py:629} INFO - Processing file /opt/airflow/dags/dag_with_cron_expression.py for tasks to queue
[2023-08-31 13:21:28,408] {logging_mixin.py:104} INFO - [2023-08-31 13:21:28,404] {dagbag.py:448} INFO - Filling up the DagBag from /opt/airflow/dags/dag_with_cron_expression.py
[2023-08-31 13:21:28,556] {scheduler_job.py:639} INFO - DAG(s) dict_keys(['dag_with_cron_expression_v04']) retrieved from /opt/airflow/dags/dag_with_cron_expression.py
[2023-08-31 13:21:28,637] {logging_mixin.py:104} INFO - [2023-08-31 13:21:28,636] {dag.py:1818} INFO - Sync 1 DAGs
[2023-08-31 13:21:28,727] {logging_mixin.py:104} INFO - [2023-08-31 13:21:28,727] {dag.py:2273} INFO - Setting next_dagrun for dag_with_cron_expression_v04 to 2021-11-02 03:00:00+00:00
[2023-08-31 13:21:28,800] {scheduler_job.py:190} INFO - Processing /opt/airflow/dags/dag_with_cron_expression.py took 0.414 seconds
[2023-08-31 13:21:39,168] {scheduler_job.py:182} INFO - Started process (PID=1832) to work on /opt/airflow/dags/dag_with_cron_expression.py
[2023-08-31 13:21:39,173] {scheduler_job.py:629} INFO - Processing file /opt/airflow/dags/dag_with_cron_expression.py for tasks to queue
[2023-08-31 13:21:39,179] {logging_mixin.py:104} INFO - [2023-08-31 13:21:39,179] {dagbag.py:448} INFO - Filling up the DagBag from /opt/airflow/dags/dag_with_cron_expression.py
[2023-08-31 13:21:39,273] {scheduler_job.py:639} INFO - DAG(s) dict_keys(['dag_with_cron_expression_v04']) retrieved from /opt/airflow/dags/dag_with_cron_expression.py
[2023-08-31 13:21:39,441] {logging_mixin.py:104} INFO - [2023-08-31 13:21:39,437] {dag.py:1818} INFO - Sync 1 DAGs
[2023-08-31 13:21:39,681] {logging_mixin.py:104} INFO - [2023-08-31 13:21:39,681] {dag.py:2273} INFO - Setting next_dagrun for dag_with_cron_expression_v04 to 2021-11-02 03:00:00+00:00
[2023-08-31 13:21:39,721] {scheduler_job.py:190} INFO - Processing /opt/airflow/dags/dag_with_cron_expression.py took 0.563 seconds
[2023-08-31 13:21:49,844] {scheduler_job.py:182} INFO - Started process (PID=2173) to work on /opt/airflow/dags/dag_with_cron_expression.py
[2023-08-31 13:21:49,847] {scheduler_job.py:629} INFO - Processing file /opt/airflow/dags/dag_with_cron_expression.py for tasks to queue
[2023-08-31 13:21:49,849] {logging_mixin.py:104} INFO - [2023-08-31 13:21:49,849] {dagbag.py:448} INFO - Filling up the DagBag from /opt/airflow/dags/dag_with_cron_expression.py
[2023-08-31 13:21:49,953] {scheduler_job.py:639} INFO - DAG(s) dict_keys(['dag_with_cron_expression_v04']) retrieved from /opt/airflow/dags/dag_with_cron_expression.py
[2023-08-31 13:21:50,035] {logging_mixin.py:104} INFO - [2023-08-31 13:21:50,034] {dag.py:1818} INFO - Sync 1 DAGs
[2023-08-31 13:21:50,211] {logging_mixin.py:104} INFO - [2023-08-31 13:21:50,211] {dag.py:2273} INFO - Setting next_dagrun for dag_with_cron_expression_v04 to 2021-11-02 03:00:00+00:00
[2023-08-31 13:21:50,286] {scheduler_job.py:190} INFO - Processing /opt/airflow/dags/dag_with_cron_expression.py took 0.452 seconds
[2023-08-31 13:22:00,734] {scheduler_job.py:182} INFO - Started process (PID=2516) to work on /opt/airflow/dags/dag_with_cron_expression.py
[2023-08-31 13:22:00,737] {scheduler_job.py:629} INFO - Processing file /opt/airflow/dags/dag_with_cron_expression.py for tasks to queue
[2023-08-31 13:22:00,739] {logging_mixin.py:104} INFO - [2023-08-31 13:22:00,739] {dagbag.py:448} INFO - Filling up the DagBag from /opt/airflow/dags/dag_with_cron_expression.py
[2023-08-31 13:22:00,842] {scheduler_job.py:639} INFO - DAG(s) dict_keys(['dag_with_cron_expression_v04']) retrieved from /opt/airflow/dags/dag_with_cron_expression.py
[2023-08-31 13:22:00,980] {logging_mixin.py:104} INFO - [2023-08-31 13:22:00,980] {dag.py:1818} INFO - Sync 1 DAGs
[2023-08-31 13:22:01,154] {logging_mixin.py:104} INFO - [2023-08-31 13:22:01,153] {dag.py:2273} INFO - Setting next_dagrun for dag_with_cron_expression_v04 to 2021-11-02 03:00:00+00:00
[2023-08-31 13:22:01,200] {scheduler_job.py:190} INFO - Processing /opt/airflow/dags/dag_with_cron_expression.py took 0.472 seconds
[2023-08-31 13:22:12,118] {scheduler_job.py:182} INFO - Started process (PID=2878) to work on /opt/airflow/dags/dag_with_cron_expression.py
[2023-08-31 13:22:12,120] {scheduler_job.py:629} INFO - Processing file /opt/airflow/dags/dag_with_cron_expression.py for tasks to queue
[2023-08-31 13:22:12,123] {logging_mixin.py:104} INFO - [2023-08-31 13:22:12,123] {dagbag.py:448} INFO - Filling up the DagBag from /opt/airflow/dags/dag_with_cron_expression.py
[2023-08-31 13:22:12,218] {scheduler_job.py:639} INFO - DAG(s) dict_keys(['dag_with_cron_expression_v04']) retrieved from /opt/airflow/dags/dag_with_cron_expression.py
[2023-08-31 13:22:12,355] {logging_mixin.py:104} INFO - [2023-08-31 13:22:12,351] {dag.py:1818} INFO - Sync 1 DAGs
[2023-08-31 13:22:12,543] {logging_mixin.py:104} INFO - [2023-08-31 13:22:12,542] {dag.py:2273} INFO - Setting next_dagrun for dag_with_cron_expression_v04 to 2021-11-02 03:00:00+00:00
[2023-08-31 13:22:12,584] {scheduler_job.py:190} INFO - Processing /opt/airflow/dags/dag_with_cron_expression.py took 0.470 seconds
[2023-08-31 13:22:22,747] {scheduler_job.py:182} INFO - Started process (PID=3210) to work on /opt/airflow/dags/dag_with_cron_expression.py
[2023-08-31 13:22:22,752] {scheduler_job.py:629} INFO - Processing file /opt/airflow/dags/dag_with_cron_expression.py for tasks to queue
[2023-08-31 13:22:22,754] {logging_mixin.py:104} INFO - [2023-08-31 13:22:22,754] {dagbag.py:448} INFO - Filling up the DagBag from /opt/airflow/dags/dag_with_cron_expression.py
[2023-08-31 13:22:22,858] {scheduler_job.py:639} INFO - DAG(s) dict_keys(['dag_with_cron_expression_v04']) retrieved from /opt/airflow/dags/dag_with_cron_expression.py
[2023-08-31 13:22:22,988] {logging_mixin.py:104} INFO - [2023-08-31 13:22:22,987] {dag.py:1818} INFO - Sync 1 DAGs
[2023-08-31 13:22:23,081] {logging_mixin.py:104} INFO - [2023-08-31 13:22:23,080] {dag.py:2273} INFO - Setting next_dagrun for dag_with_cron_expression_v04 to 2021-11-02 03:00:00+00:00
[2023-08-31 13:22:23,109] {scheduler_job.py:190} INFO - Processing /opt/airflow/dags/dag_with_cron_expression.py took 0.367 seconds
[2023-08-31 13:22:33,299] {scheduler_job.py:182} INFO - Started process (PID=3555) to work on /opt/airflow/dags/dag_with_cron_expression.py
[2023-08-31 13:22:33,302] {scheduler_job.py:629} INFO - Processing file /opt/airflow/dags/dag_with_cron_expression.py for tasks to queue
[2023-08-31 13:22:33,307] {logging_mixin.py:104} INFO - [2023-08-31 13:22:33,306] {dagbag.py:448} INFO - Filling up the DagBag from /opt/airflow/dags/dag_with_cron_expression.py
[2023-08-31 13:22:33,380] {scheduler_job.py:639} INFO - DAG(s) dict_keys(['dag_with_cron_expression_v04']) retrieved from /opt/airflow/dags/dag_with_cron_expression.py
[2023-08-31 13:22:33,455] {logging_mixin.py:104} INFO - [2023-08-31 13:22:33,455] {dag.py:1818} INFO - Sync 1 DAGs
[2023-08-31 13:22:33,574] {logging_mixin.py:104} INFO - [2023-08-31 13:22:33,573] {dag.py:2273} INFO - Setting next_dagrun for dag_with_cron_expression_v04 to 2021-11-02 03:00:00+00:00
[2023-08-31 13:22:33,600] {scheduler_job.py:190} INFO - Processing /opt/airflow/dags/dag_with_cron_expression.py took 0.306 seconds
[2023-08-31 13:22:43,950] {scheduler_job.py:182} INFO - Started process (PID=3906) to work on /opt/airflow/dags/dag_with_cron_expression.py
[2023-08-31 13:22:43,953] {scheduler_job.py:629} INFO - Processing file /opt/airflow/dags/dag_with_cron_expression.py for tasks to queue
[2023-08-31 13:22:43,957] {logging_mixin.py:104} INFO - [2023-08-31 13:22:43,957] {dagbag.py:448} INFO - Filling up the DagBag from /opt/airflow/dags/dag_with_cron_expression.py
[2023-08-31 13:22:44,017] {scheduler_job.py:639} INFO - DAG(s) dict_keys(['dag_with_cron_expression_v04']) retrieved from /opt/airflow/dags/dag_with_cron_expression.py
[2023-08-31 13:22:44,089] {logging_mixin.py:104} INFO - [2023-08-31 13:22:44,088] {dag.py:1818} INFO - Sync 1 DAGs
[2023-08-31 13:22:44,174] {logging_mixin.py:104} INFO - [2023-08-31 13:22:44,174] {dag.py:2273} INFO - Setting next_dagrun for dag_with_cron_expression_v04 to 2021-11-02 03:00:00+00:00
[2023-08-31 13:22:44,199] {scheduler_job.py:190} INFO - Processing /opt/airflow/dags/dag_with_cron_expression.py took 0.254 seconds
[2023-08-31 13:22:54,338] {scheduler_job.py:182} INFO - Started process (PID=4237) to work on /opt/airflow/dags/dag_with_cron_expression.py
[2023-08-31 13:22:54,353] {scheduler_job.py:629} INFO - Processing file /opt/airflow/dags/dag_with_cron_expression.py for tasks to queue
[2023-08-31 13:22:54,355] {logging_mixin.py:104} INFO - [2023-08-31 13:22:54,355] {dagbag.py:448} INFO - Filling up the DagBag from /opt/airflow/dags/dag_with_cron_expression.py
[2023-08-31 13:22:54,393] {scheduler_job.py:639} INFO - DAG(s) dict_keys(['dag_with_cron_expression_v04']) retrieved from /opt/airflow/dags/dag_with_cron_expression.py
[2023-08-31 13:22:54,434] {logging_mixin.py:104} INFO - [2023-08-31 13:22:54,433] {dag.py:1818} INFO - Sync 1 DAGs
[2023-08-31 13:22:54,552] {logging_mixin.py:104} INFO - [2023-08-31 13:22:54,552] {dag.py:2273} INFO - Setting next_dagrun for dag_with_cron_expression_v04 to 2021-11-02 03:00:00+00:00
[2023-08-31 13:22:54,590] {scheduler_job.py:190} INFO - Processing /opt/airflow/dags/dag_with_cron_expression.py took 0.258 seconds
[2023-08-31 13:23:04,950] {scheduler_job.py:182} INFO - Started process (PID=4592) to work on /opt/airflow/dags/dag_with_cron_expression.py
[2023-08-31 13:23:04,953] {scheduler_job.py:629} INFO - Processing file /opt/airflow/dags/dag_with_cron_expression.py for tasks to queue
[2023-08-31 13:23:04,955] {logging_mixin.py:104} INFO - [2023-08-31 13:23:04,955] {dagbag.py:448} INFO - Filling up the DagBag from /opt/airflow/dags/dag_with_cron_expression.py
[2023-08-31 13:23:05,003] {scheduler_job.py:639} INFO - DAG(s) dict_keys(['dag_with_cron_expression_v04']) retrieved from /opt/airflow/dags/dag_with_cron_expression.py
[2023-08-31 13:23:05,046] {logging_mixin.py:104} INFO - [2023-08-31 13:23:05,045] {dag.py:1818} INFO - Sync 1 DAGs
[2023-08-31 13:23:05,190] {logging_mixin.py:104} INFO - [2023-08-31 13:23:05,184] {dag.py:2273} INFO - Setting next_dagrun for dag_with_cron_expression_v04 to 2021-11-02 03:00:00+00:00
[2023-08-31 13:23:05,241] {scheduler_job.py:190} INFO - Processing /opt/airflow/dags/dag_with_cron_expression.py took 0.296 seconds
[2023-08-31 13:23:15,486] {scheduler_job.py:182} INFO - Started process (PID=4945) to work on /opt/airflow/dags/dag_with_cron_expression.py
[2023-08-31 13:23:15,488] {scheduler_job.py:629} INFO - Processing file /opt/airflow/dags/dag_with_cron_expression.py for tasks to queue
[2023-08-31 13:23:15,493] {logging_mixin.py:104} INFO - [2023-08-31 13:23:15,493] {dagbag.py:448} INFO - Filling up the DagBag from /opt/airflow/dags/dag_with_cron_expression.py
[2023-08-31 13:23:15,604] {scheduler_job.py:639} INFO - DAG(s) dict_keys(['dag_with_cron_expression_v04']) retrieved from /opt/airflow/dags/dag_with_cron_expression.py
[2023-08-31 13:23:15,690] {logging_mixin.py:104} INFO - [2023-08-31 13:23:15,690] {dag.py:1818} INFO - Sync 1 DAGs
[2023-08-31 13:23:15,761] {logging_mixin.py:104} INFO - [2023-08-31 13:23:15,761] {dag.py:2273} INFO - Setting next_dagrun for dag_with_cron_expression_v04 to 2021-11-02 03:00:00+00:00
[2023-08-31 13:23:15,794] {scheduler_job.py:190} INFO - Processing /opt/airflow/dags/dag_with_cron_expression.py took 0.313 seconds
[2023-08-31 13:23:25,927] {scheduler_job.py:182} INFO - Started process (PID=5277) to work on /opt/airflow/dags/dag_with_cron_expression.py
[2023-08-31 13:23:25,930] {scheduler_job.py:629} INFO - Processing file /opt/airflow/dags/dag_with_cron_expression.py for tasks to queue
[2023-08-31 13:23:25,934] {logging_mixin.py:104} INFO - [2023-08-31 13:23:25,933] {dagbag.py:448} INFO - Filling up the DagBag from /opt/airflow/dags/dag_with_cron_expression.py
[2023-08-31 13:23:26,048] {scheduler_job.py:639} INFO - DAG(s) dict_keys(['dag_with_cron_expression_v04']) retrieved from /opt/airflow/dags/dag_with_cron_expression.py
[2023-08-31 13:23:26,134] {logging_mixin.py:104} INFO - [2023-08-31 13:23:26,133] {dag.py:1818} INFO - Sync 1 DAGs
[2023-08-31 13:23:26,268] {logging_mixin.py:104} INFO - [2023-08-31 13:23:26,268] {dag.py:2273} INFO - Setting next_dagrun for dag_with_cron_expression_v04 to 2021-11-02 03:00:00+00:00
[2023-08-31 13:23:26,300] {scheduler_job.py:190} INFO - Processing /opt/airflow/dags/dag_with_cron_expression.py took 0.381 seconds
[2023-08-31 13:23:36,603] {scheduler_job.py:182} INFO - Started process (PID=5625) to work on /opt/airflow/dags/dag_with_cron_expression.py
[2023-08-31 13:23:36,611] {scheduler_job.py:629} INFO - Processing file /opt/airflow/dags/dag_with_cron_expression.py for tasks to queue
[2023-08-31 13:23:36,617] {logging_mixin.py:104} INFO - [2023-08-31 13:23:36,617] {dagbag.py:448} INFO - Filling up the DagBag from /opt/airflow/dags/dag_with_cron_expression.py
[2023-08-31 13:23:36,716] {scheduler_job.py:639} INFO - DAG(s) dict_keys(['dag_with_cron_expression_v04']) retrieved from /opt/airflow/dags/dag_with_cron_expression.py
[2023-08-31 13:23:36,812] {logging_mixin.py:104} INFO - [2023-08-31 13:23:36,812] {dag.py:1818} INFO - Sync 1 DAGs
[2023-08-31 13:23:36,929] {logging_mixin.py:104} INFO - [2023-08-31 13:23:36,929] {dag.py:2273} INFO - Setting next_dagrun for dag_with_cron_expression_v04 to 2021-11-02 03:00:00+00:00
[2023-08-31 13:23:36,981] {scheduler_job.py:190} INFO - Processing /opt/airflow/dags/dag_with_cron_expression.py took 0.403 seconds
[2023-08-31 13:23:47,274] {scheduler_job.py:182} INFO - Started process (PID=5965) to work on /opt/airflow/dags/dag_with_cron_expression.py
[2023-08-31 13:23:47,278] {scheduler_job.py:629} INFO - Processing file /opt/airflow/dags/dag_with_cron_expression.py for tasks to queue
[2023-08-31 13:23:47,286] {logging_mixin.py:104} INFO - [2023-08-31 13:23:47,281] {dagbag.py:448} INFO - Filling up the DagBag from /opt/airflow/dags/dag_with_cron_expression.py
[2023-08-31 13:23:47,334] {scheduler_job.py:639} INFO - DAG(s) dict_keys(['dag_with_cron_expression_v04']) retrieved from /opt/airflow/dags/dag_with_cron_expression.py
[2023-08-31 13:23:47,405] {logging_mixin.py:104} INFO - [2023-08-31 13:23:47,404] {dag.py:1818} INFO - Sync 1 DAGs
[2023-08-31 13:23:47,577] {logging_mixin.py:104} INFO - [2023-08-31 13:23:47,570] {dag.py:2273} INFO - Setting next_dagrun for dag_with_cron_expression_v04 to 2021-11-02 03:00:00+00:00
[2023-08-31 13:23:47,627] {scheduler_job.py:190} INFO - Processing /opt/airflow/dags/dag_with_cron_expression.py took 0.359 seconds
[2023-08-31 13:23:57,836] {scheduler_job.py:182} INFO - Started process (PID=6167) to work on /opt/airflow/dags/dag_with_cron_expression.py
[2023-08-31 13:23:57,838] {scheduler_job.py:629} INFO - Processing file /opt/airflow/dags/dag_with_cron_expression.py for tasks to queue
[2023-08-31 13:23:57,840] {logging_mixin.py:104} INFO - [2023-08-31 13:23:57,840] {dagbag.py:448} INFO - Filling up the DagBag from /opt/airflow/dags/dag_with_cron_expression.py
[2023-08-31 13:23:57,872] {scheduler_job.py:639} INFO - DAG(s) dict_keys(['dag_with_cron_expression_v04']) retrieved from /opt/airflow/dags/dag_with_cron_expression.py
[2023-08-31 13:23:57,907] {logging_mixin.py:104} INFO - [2023-08-31 13:23:57,907] {dag.py:1818} INFO - Sync 1 DAGs
[2023-08-31 13:23:57,955] {logging_mixin.py:104} INFO - [2023-08-31 13:23:57,955] {dag.py:2273} INFO - Setting next_dagrun for dag_with_cron_expression_v04 to 2021-11-02 03:00:00+00:00
[2023-08-31 13:23:57,968] {scheduler_job.py:190} INFO - Processing /opt/airflow/dags/dag_with_cron_expression.py took 0.138 seconds
[2023-08-31 13:24:08,152] {scheduler_job.py:182} INFO - Started process (PID=6221) to work on /opt/airflow/dags/dag_with_cron_expression.py
[2023-08-31 13:24:08,154] {scheduler_job.py:629} INFO - Processing file /opt/airflow/dags/dag_with_cron_expression.py for tasks to queue
[2023-08-31 13:24:08,156] {logging_mixin.py:104} INFO - [2023-08-31 13:24:08,156] {dagbag.py:448} INFO - Filling up the DagBag from /opt/airflow/dags/dag_with_cron_expression.py
[2023-08-31 13:24:08,188] {scheduler_job.py:639} INFO - DAG(s) dict_keys(['dag_with_cron_expression_v04']) retrieved from /opt/airflow/dags/dag_with_cron_expression.py
[2023-08-31 13:24:08,224] {logging_mixin.py:104} INFO - [2023-08-31 13:24:08,224] {dag.py:1818} INFO - Sync 1 DAGs
[2023-08-31 13:24:08,272] {logging_mixin.py:104} INFO - [2023-08-31 13:24:08,272] {dag.py:2273} INFO - Setting next_dagrun for dag_with_cron_expression_v04 to 2021-11-02 03:00:00+00:00
[2023-08-31 13:24:08,285] {scheduler_job.py:190} INFO - Processing /opt/airflow/dags/dag_with_cron_expression.py took 0.138 seconds
