[2023-08-31 13:17:39,188] {scheduler_job.py:182} INFO - Started process (PID=251) to work on /opt/airflow/dags/dag_with_postgres_operator.py
[2023-08-31 13:17:39,191] {scheduler_job.py:629} INFO - Processing file /opt/airflow/dags/dag_with_postgres_operator.py for tasks to queue
[2023-08-31 13:17:39,192] {logging_mixin.py:104} INFO - [2023-08-31 13:17:39,192] {dagbag.py:448} INFO - Filling up the DagBag from /opt/airflow/dags/dag_with_postgres_operator.py
[2023-08-31 13:17:39,239] {scheduler_job.py:639} INFO - DAG(s) dict_keys(['dag_with_postgres_operator_v03']) retrieved from /opt/airflow/dags/dag_with_postgres_operator.py
[2023-08-31 13:17:39,280] {logging_mixin.py:104} INFO - [2023-08-31 13:17:39,279] {dag.py:1818} INFO - Sync 1 DAGs
[2023-08-31 13:17:39,302] {logging_mixin.py:104} INFO - [2023-08-31 13:17:39,302] {dag.py:1837} INFO - Creating ORM DAG for dag_with_postgres_operator_v03
[2023-08-31 13:17:39,336] {logging_mixin.py:104} INFO - [2023-08-31 13:17:39,335] {dag.py:2273} INFO - Setting next_dagrun for dag_with_postgres_operator_v03 to 2021-12-19T00:00:00+00:00
[2023-08-31 13:17:39,358] {scheduler_job.py:190} INFO - Processing /opt/airflow/dags/dag_with_postgres_operator.py took 0.175 seconds
[2023-08-31 13:17:50,133] {scheduler_job.py:182} INFO - Started process (PID=299) to work on /opt/airflow/dags/dag_with_postgres_operator.py
[2023-08-31 13:17:50,138] {scheduler_job.py:629} INFO - Processing file /opt/airflow/dags/dag_with_postgres_operator.py for tasks to queue
[2023-08-31 13:17:50,139] {logging_mixin.py:104} INFO - [2023-08-31 13:17:50,139] {dagbag.py:448} INFO - Filling up the DagBag from /opt/airflow/dags/dag_with_postgres_operator.py
[2023-08-31 13:17:50,220] {scheduler_job.py:639} INFO - DAG(s) dict_keys(['dag_with_postgres_operator_v03']) retrieved from /opt/airflow/dags/dag_with_postgres_operator.py
[2023-08-31 13:17:50,246] {logging_mixin.py:104} INFO - [2023-08-31 13:17:50,246] {dag.py:1818} INFO - Sync 1 DAGs
[2023-08-31 13:17:50,344] {logging_mixin.py:104} INFO - [2023-08-31 13:17:50,344] {dag.py:2273} INFO - Setting next_dagrun for dag_with_postgres_operator_v03 to 2021-12-19T00:00:00+00:00
[2023-08-31 13:17:50,369] {scheduler_job.py:190} INFO - Processing /opt/airflow/dags/dag_with_postgres_operator.py took 0.243 seconds
[2023-08-31 13:18:00,766] {scheduler_job.py:182} INFO - Started process (PID=347) to work on /opt/airflow/dags/dag_with_postgres_operator.py
[2023-08-31 13:18:00,773] {scheduler_job.py:629} INFO - Processing file /opt/airflow/dags/dag_with_postgres_operator.py for tasks to queue
[2023-08-31 13:18:00,775] {logging_mixin.py:104} INFO - [2023-08-31 13:18:00,774] {dagbag.py:448} INFO - Filling up the DagBag from /opt/airflow/dags/dag_with_postgres_operator.py
[2023-08-31 13:18:00,859] {scheduler_job.py:639} INFO - DAG(s) dict_keys(['dag_with_postgres_operator_v03']) retrieved from /opt/airflow/dags/dag_with_postgres_operator.py
[2023-08-31 13:18:00,887] {logging_mixin.py:104} INFO - [2023-08-31 13:18:00,887] {dag.py:1818} INFO - Sync 1 DAGs
[2023-08-31 13:18:00,973] {logging_mixin.py:104} INFO - [2023-08-31 13:18:00,973] {dag.py:2273} INFO - Setting next_dagrun for dag_with_postgres_operator_v03 to 2021-12-19T00:00:00+00:00
[2023-08-31 13:18:00,994] {scheduler_job.py:190} INFO - Processing /opt/airflow/dags/dag_with_postgres_operator.py took 0.235 seconds
[2023-08-31 13:18:11,597] {scheduler_job.py:182} INFO - Started process (PID=413) to work on /opt/airflow/dags/dag_with_postgres_operator.py
[2023-08-31 13:18:11,600] {scheduler_job.py:629} INFO - Processing file /opt/airflow/dags/dag_with_postgres_operator.py for tasks to queue
[2023-08-31 13:18:11,601] {logging_mixin.py:104} INFO - [2023-08-31 13:18:11,601] {dagbag.py:448} INFO - Filling up the DagBag from /opt/airflow/dags/dag_with_postgres_operator.py
[2023-08-31 13:18:11,646] {scheduler_job.py:639} INFO - DAG(s) dict_keys(['dag_with_postgres_operator_v03']) retrieved from /opt/airflow/dags/dag_with_postgres_operator.py
[2023-08-31 13:18:11,683] {logging_mixin.py:104} INFO - [2023-08-31 13:18:11,683] {dag.py:1818} INFO - Sync 1 DAGs
[2023-08-31 13:18:11,741] {logging_mixin.py:104} INFO - [2023-08-31 13:18:11,741] {dag.py:2273} INFO - Setting next_dagrun for dag_with_postgres_operator_v03 to 2021-12-19T00:00:00+00:00
[2023-08-31 13:18:11,754] {scheduler_job.py:190} INFO - Processing /opt/airflow/dags/dag_with_postgres_operator.py took 0.161 seconds
[2023-08-31 13:18:22,562] {scheduler_job.py:182} INFO - Started process (PID=463) to work on /opt/airflow/dags/dag_with_postgres_operator.py
[2023-08-31 13:18:22,564] {scheduler_job.py:629} INFO - Processing file /opt/airflow/dags/dag_with_postgres_operator.py for tasks to queue
[2023-08-31 13:18:22,566] {logging_mixin.py:104} INFO - [2023-08-31 13:18:22,566] {dagbag.py:448} INFO - Filling up the DagBag from /opt/airflow/dags/dag_with_postgres_operator.py
[2023-08-31 13:18:22,610] {scheduler_job.py:639} INFO - DAG(s) dict_keys(['dag_with_postgres_operator_v03']) retrieved from /opt/airflow/dags/dag_with_postgres_operator.py
[2023-08-31 13:18:22,644] {logging_mixin.py:104} INFO - [2023-08-31 13:18:22,644] {dag.py:1818} INFO - Sync 1 DAGs
[2023-08-31 13:18:22,700] {logging_mixin.py:104} INFO - [2023-08-31 13:18:22,700] {dag.py:2273} INFO - Setting next_dagrun for dag_with_postgres_operator_v03 to 2021-12-19T00:00:00+00:00
[2023-08-31 13:18:22,713] {scheduler_job.py:190} INFO - Processing /opt/airflow/dags/dag_with_postgres_operator.py took 0.156 seconds
[2023-08-31 13:18:33,782] {scheduler_job.py:182} INFO - Started process (PID=517) to work on /opt/airflow/dags/dag_with_postgres_operator.py
[2023-08-31 13:18:33,784] {scheduler_job.py:629} INFO - Processing file /opt/airflow/dags/dag_with_postgres_operator.py for tasks to queue
[2023-08-31 13:18:33,786] {logging_mixin.py:104} INFO - [2023-08-31 13:18:33,786] {dagbag.py:448} INFO - Filling up the DagBag from /opt/airflow/dags/dag_with_postgres_operator.py
[2023-08-31 13:18:33,830] {scheduler_job.py:639} INFO - DAG(s) dict_keys(['dag_with_postgres_operator_v03']) retrieved from /opt/airflow/dags/dag_with_postgres_operator.py
[2023-08-31 13:18:33,864] {logging_mixin.py:104} INFO - [2023-08-31 13:18:33,864] {dag.py:1818} INFO - Sync 1 DAGs
[2023-08-31 13:18:33,920] {logging_mixin.py:104} INFO - [2023-08-31 13:18:33,919] {dag.py:2273} INFO - Setting next_dagrun for dag_with_postgres_operator_v03 to 2021-12-19T00:00:00+00:00
[2023-08-31 13:18:33,931] {scheduler_job.py:190} INFO - Processing /opt/airflow/dags/dag_with_postgres_operator.py took 0.154 seconds
[2023-08-31 13:18:44,915] {scheduler_job.py:182} INFO - Started process (PID=571) to work on /opt/airflow/dags/dag_with_postgres_operator.py
[2023-08-31 13:18:44,918] {scheduler_job.py:629} INFO - Processing file /opt/airflow/dags/dag_with_postgres_operator.py for tasks to queue
[2023-08-31 13:18:44,919] {logging_mixin.py:104} INFO - [2023-08-31 13:18:44,919] {dagbag.py:448} INFO - Filling up the DagBag from /opt/airflow/dags/dag_with_postgres_operator.py
[2023-08-31 13:18:44,962] {scheduler_job.py:639} INFO - DAG(s) dict_keys(['dag_with_postgres_operator_v03']) retrieved from /opt/airflow/dags/dag_with_postgres_operator.py
[2023-08-31 13:18:44,996] {logging_mixin.py:104} INFO - [2023-08-31 13:18:44,996] {dag.py:1818} INFO - Sync 1 DAGs
[2023-08-31 13:18:45,051] {logging_mixin.py:104} INFO - [2023-08-31 13:18:45,050] {dag.py:2273} INFO - Setting next_dagrun for dag_with_postgres_operator_v03 to 2021-12-19T00:00:00+00:00
[2023-08-31 13:18:45,063] {scheduler_job.py:190} INFO - Processing /opt/airflow/dags/dag_with_postgres_operator.py took 0.153 seconds
[2023-08-31 13:18:56,153] {scheduler_job.py:182} INFO - Started process (PID=625) to work on /opt/airflow/dags/dag_with_postgres_operator.py
[2023-08-31 13:18:56,155] {scheduler_job.py:629} INFO - Processing file /opt/airflow/dags/dag_with_postgres_operator.py for tasks to queue
[2023-08-31 13:18:56,157] {logging_mixin.py:104} INFO - [2023-08-31 13:18:56,156] {dagbag.py:448} INFO - Filling up the DagBag from /opt/airflow/dags/dag_with_postgres_operator.py
[2023-08-31 13:18:56,203] {scheduler_job.py:639} INFO - DAG(s) dict_keys(['dag_with_postgres_operator_v03']) retrieved from /opt/airflow/dags/dag_with_postgres_operator.py
[2023-08-31 13:18:56,245] {logging_mixin.py:104} INFO - [2023-08-31 13:18:56,244] {dag.py:1818} INFO - Sync 1 DAGs
[2023-08-31 13:18:56,300] {logging_mixin.py:104} INFO - [2023-08-31 13:18:56,300] {dag.py:2273} INFO - Setting next_dagrun for dag_with_postgres_operator_v03 to 2021-12-19T00:00:00+00:00
[2023-08-31 13:18:56,313] {scheduler_job.py:190} INFO - Processing /opt/airflow/dags/dag_with_postgres_operator.py took 0.165 seconds
[2023-08-31 13:19:07,263] {scheduler_job.py:182} INFO - Started process (PID=675) to work on /opt/airflow/dags/dag_with_postgres_operator.py
[2023-08-31 13:19:07,266] {scheduler_job.py:629} INFO - Processing file /opt/airflow/dags/dag_with_postgres_operator.py for tasks to queue
[2023-08-31 13:19:07,267] {logging_mixin.py:104} INFO - [2023-08-31 13:19:07,267] {dagbag.py:448} INFO - Filling up the DagBag from /opt/airflow/dags/dag_with_postgres_operator.py
[2023-08-31 13:19:07,311] {scheduler_job.py:639} INFO - DAG(s) dict_keys(['dag_with_postgres_operator_v03']) retrieved from /opt/airflow/dags/dag_with_postgres_operator.py
[2023-08-31 13:19:07,344] {logging_mixin.py:104} INFO - [2023-08-31 13:19:07,344] {dag.py:1818} INFO - Sync 1 DAGs
[2023-08-31 13:19:07,400] {logging_mixin.py:104} INFO - [2023-08-31 13:19:07,400] {dag.py:2273} INFO - Setting next_dagrun for dag_with_postgres_operator_v03 to 2021-12-19T00:00:00+00:00
[2023-08-31 13:19:07,412] {scheduler_job.py:190} INFO - Processing /opt/airflow/dags/dag_with_postgres_operator.py took 0.154 seconds
[2023-08-31 13:19:18,579] {scheduler_job.py:182} INFO - Started process (PID=733) to work on /opt/airflow/dags/dag_with_postgres_operator.py
[2023-08-31 13:19:18,581] {scheduler_job.py:629} INFO - Processing file /opt/airflow/dags/dag_with_postgres_operator.py for tasks to queue
[2023-08-31 13:19:18,583] {logging_mixin.py:104} INFO - [2023-08-31 13:19:18,583] {dagbag.py:448} INFO - Filling up the DagBag from /opt/airflow/dags/dag_with_postgres_operator.py
[2023-08-31 13:19:18,627] {scheduler_job.py:639} INFO - DAG(s) dict_keys(['dag_with_postgres_operator_v03']) retrieved from /opt/airflow/dags/dag_with_postgres_operator.py
[2023-08-31 13:19:18,660] {logging_mixin.py:104} INFO - [2023-08-31 13:19:18,660] {dag.py:1818} INFO - Sync 1 DAGs
[2023-08-31 13:19:18,715] {logging_mixin.py:104} INFO - [2023-08-31 13:19:18,714] {dag.py:2273} INFO - Setting next_dagrun for dag_with_postgres_operator_v03 to 2021-12-19T00:00:00+00:00
[2023-08-31 13:19:18,727] {scheduler_job.py:190} INFO - Processing /opt/airflow/dags/dag_with_postgres_operator.py took 0.152 seconds
[2023-08-31 13:19:29,771] {scheduler_job.py:182} INFO - Started process (PID=787) to work on /opt/airflow/dags/dag_with_postgres_operator.py
[2023-08-31 13:19:29,774] {scheduler_job.py:629} INFO - Processing file /opt/airflow/dags/dag_with_postgres_operator.py for tasks to queue
[2023-08-31 13:19:29,775] {logging_mixin.py:104} INFO - [2023-08-31 13:19:29,775] {dagbag.py:448} INFO - Filling up the DagBag from /opt/airflow/dags/dag_with_postgres_operator.py
[2023-08-31 13:19:29,818] {scheduler_job.py:639} INFO - DAG(s) dict_keys(['dag_with_postgres_operator_v03']) retrieved from /opt/airflow/dags/dag_with_postgres_operator.py
[2023-08-31 13:19:29,852] {logging_mixin.py:104} INFO - [2023-08-31 13:19:29,852] {dag.py:1818} INFO - Sync 1 DAGs
[2023-08-31 13:19:29,907] {logging_mixin.py:104} INFO - [2023-08-31 13:19:29,906] {dag.py:2273} INFO - Setting next_dagrun for dag_with_postgres_operator_v03 to 2021-12-19T00:00:00+00:00
[2023-08-31 13:19:29,918] {scheduler_job.py:190} INFO - Processing /opt/airflow/dags/dag_with_postgres_operator.py took 0.152 seconds
[2023-08-31 13:19:41,141] {scheduler_job.py:182} INFO - Started process (PID=841) to work on /opt/airflow/dags/dag_with_postgres_operator.py
[2023-08-31 13:19:41,144] {scheduler_job.py:629} INFO - Processing file /opt/airflow/dags/dag_with_postgres_operator.py for tasks to queue
[2023-08-31 13:19:41,145] {logging_mixin.py:104} INFO - [2023-08-31 13:19:41,145] {dagbag.py:448} INFO - Filling up the DagBag from /opt/airflow/dags/dag_with_postgres_operator.py
[2023-08-31 13:19:41,190] {scheduler_job.py:639} INFO - DAG(s) dict_keys(['dag_with_postgres_operator_v03']) retrieved from /opt/airflow/dags/dag_with_postgres_operator.py
[2023-08-31 13:19:41,224] {logging_mixin.py:104} INFO - [2023-08-31 13:19:41,223] {dag.py:1818} INFO - Sync 1 DAGs
[2023-08-31 13:19:41,278] {logging_mixin.py:104} INFO - [2023-08-31 13:19:41,278] {dag.py:2273} INFO - Setting next_dagrun for dag_with_postgres_operator_v03 to 2021-12-19T00:00:00+00:00
[2023-08-31 13:19:41,290] {scheduler_job.py:190} INFO - Processing /opt/airflow/dags/dag_with_postgres_operator.py took 0.153 seconds
[2023-08-31 13:19:52,340] {scheduler_job.py:182} INFO - Started process (PID=895) to work on /opt/airflow/dags/dag_with_postgres_operator.py
[2023-08-31 13:19:52,342] {scheduler_job.py:629} INFO - Processing file /opt/airflow/dags/dag_with_postgres_operator.py for tasks to queue
[2023-08-31 13:19:52,344] {logging_mixin.py:104} INFO - [2023-08-31 13:19:52,344] {dagbag.py:448} INFO - Filling up the DagBag from /opt/airflow/dags/dag_with_postgres_operator.py
[2023-08-31 13:19:52,387] {scheduler_job.py:639} INFO - DAG(s) dict_keys(['dag_with_postgres_operator_v03']) retrieved from /opt/airflow/dags/dag_with_postgres_operator.py
[2023-08-31 13:19:52,424] {logging_mixin.py:104} INFO - [2023-08-31 13:19:52,424] {dag.py:1818} INFO - Sync 1 DAGs
[2023-08-31 13:19:52,477] {logging_mixin.py:104} INFO - [2023-08-31 13:19:52,477] {dag.py:2273} INFO - Setting next_dagrun for dag_with_postgres_operator_v03 to 2021-12-19T00:00:00+00:00
[2023-08-31 13:19:52,489] {scheduler_job.py:190} INFO - Processing /opt/airflow/dags/dag_with_postgres_operator.py took 0.154 seconds
[2023-08-31 13:20:03,551] {scheduler_job.py:182} INFO - Started process (PID=949) to work on /opt/airflow/dags/dag_with_postgres_operator.py
[2023-08-31 13:20:03,553] {scheduler_job.py:629} INFO - Processing file /opt/airflow/dags/dag_with_postgres_operator.py for tasks to queue
[2023-08-31 13:20:03,555] {logging_mixin.py:104} INFO - [2023-08-31 13:20:03,555] {dagbag.py:448} INFO - Filling up the DagBag from /opt/airflow/dags/dag_with_postgres_operator.py
[2023-08-31 13:20:03,598] {scheduler_job.py:639} INFO - DAG(s) dict_keys(['dag_with_postgres_operator_v03']) retrieved from /opt/airflow/dags/dag_with_postgres_operator.py
[2023-08-31 13:20:03,634] {logging_mixin.py:104} INFO - [2023-08-31 13:20:03,634] {dag.py:1818} INFO - Sync 1 DAGs
[2023-08-31 13:20:03,686] {logging_mixin.py:104} INFO - [2023-08-31 13:20:03,686] {dag.py:2273} INFO - Setting next_dagrun for dag_with_postgres_operator_v03 to 2021-12-19T00:00:00+00:00
[2023-08-31 13:20:03,697] {scheduler_job.py:190} INFO - Processing /opt/airflow/dags/dag_with_postgres_operator.py took 0.152 seconds
[2023-08-31 13:20:14,906] {scheduler_job.py:182} INFO - Started process (PID=1019) to work on /opt/airflow/dags/dag_with_postgres_operator.py
[2023-08-31 13:20:14,910] {scheduler_job.py:629} INFO - Processing file /opt/airflow/dags/dag_with_postgres_operator.py for tasks to queue
[2023-08-31 13:20:14,911] {logging_mixin.py:104} INFO - [2023-08-31 13:20:14,911] {dagbag.py:448} INFO - Filling up the DagBag from /opt/airflow/dags/dag_with_postgres_operator.py
[2023-08-31 13:20:14,956] {scheduler_job.py:639} INFO - DAG(s) dict_keys(['dag_with_postgres_operator_v03']) retrieved from /opt/airflow/dags/dag_with_postgres_operator.py
[2023-08-31 13:20:14,995] {logging_mixin.py:104} INFO - [2023-08-31 13:20:14,995] {dag.py:1818} INFO - Sync 1 DAGs
[2023-08-31 13:20:15,049] {logging_mixin.py:104} INFO - [2023-08-31 13:20:15,049] {dag.py:2273} INFO - Setting next_dagrun for dag_with_postgres_operator_v03 to 2021-12-19T00:00:00+00:00
[2023-08-31 13:20:15,061] {scheduler_job.py:190} INFO - Processing /opt/airflow/dags/dag_with_postgres_operator.py took 0.160 seconds
[2023-08-31 13:20:26,077] {scheduler_job.py:182} INFO - Started process (PID=1073) to work on /opt/airflow/dags/dag_with_postgres_operator.py
[2023-08-31 13:20:26,080] {scheduler_job.py:629} INFO - Processing file /opt/airflow/dags/dag_with_postgres_operator.py for tasks to queue
[2023-08-31 13:20:26,081] {logging_mixin.py:104} INFO - [2023-08-31 13:20:26,081] {dagbag.py:448} INFO - Filling up the DagBag from /opt/airflow/dags/dag_with_postgres_operator.py
[2023-08-31 13:20:26,126] {scheduler_job.py:639} INFO - DAG(s) dict_keys(['dag_with_postgres_operator_v03']) retrieved from /opt/airflow/dags/dag_with_postgres_operator.py
[2023-08-31 13:20:26,165] {logging_mixin.py:104} INFO - [2023-08-31 13:20:26,165] {dag.py:1818} INFO - Sync 1 DAGs
[2023-08-31 13:20:26,219] {logging_mixin.py:104} INFO - [2023-08-31 13:20:26,218] {dag.py:2273} INFO - Setting next_dagrun for dag_with_postgres_operator_v03 to 2021-12-19T00:00:00+00:00
[2023-08-31 13:20:26,231] {scheduler_job.py:190} INFO - Processing /opt/airflow/dags/dag_with_postgres_operator.py took 0.159 seconds
[2023-08-31 13:20:37,062] {scheduler_job.py:182} INFO - Started process (PID=1125) to work on /opt/airflow/dags/dag_with_postgres_operator.py
[2023-08-31 13:20:37,065] {scheduler_job.py:629} INFO - Processing file /opt/airflow/dags/dag_with_postgres_operator.py for tasks to queue
[2023-08-31 13:20:37,067] {logging_mixin.py:104} INFO - [2023-08-31 13:20:37,067] {dagbag.py:448} INFO - Filling up the DagBag from /opt/airflow/dags/dag_with_postgres_operator.py
[2023-08-31 13:20:37,110] {scheduler_job.py:639} INFO - DAG(s) dict_keys(['dag_with_postgres_operator_v03']) retrieved from /opt/airflow/dags/dag_with_postgres_operator.py
[2023-08-31 13:20:37,147] {logging_mixin.py:104} INFO - [2023-08-31 13:20:37,147] {dag.py:1818} INFO - Sync 1 DAGs
[2023-08-31 13:20:37,200] {logging_mixin.py:104} INFO - [2023-08-31 13:20:37,200] {dag.py:2273} INFO - Setting next_dagrun for dag_with_postgres_operator_v03 to 2021-12-19T00:00:00+00:00
[2023-08-31 13:20:37,212] {scheduler_job.py:190} INFO - Processing /opt/airflow/dags/dag_with_postgres_operator.py took 0.154 seconds
[2023-08-31 13:20:48,216] {scheduler_job.py:182} INFO - Started process (PID=1179) to work on /opt/airflow/dags/dag_with_postgres_operator.py
[2023-08-31 13:20:48,219] {scheduler_job.py:629} INFO - Processing file /opt/airflow/dags/dag_with_postgres_operator.py for tasks to queue
[2023-08-31 13:20:48,220] {logging_mixin.py:104} INFO - [2023-08-31 13:20:48,220] {dagbag.py:448} INFO - Filling up the DagBag from /opt/airflow/dags/dag_with_postgres_operator.py
[2023-08-31 13:20:48,264] {scheduler_job.py:639} INFO - DAG(s) dict_keys(['dag_with_postgres_operator_v03']) retrieved from /opt/airflow/dags/dag_with_postgres_operator.py
[2023-08-31 13:20:48,303] {logging_mixin.py:104} INFO - [2023-08-31 13:20:48,303] {dag.py:1818} INFO - Sync 1 DAGs
[2023-08-31 13:20:48,358] {logging_mixin.py:104} INFO - [2023-08-31 13:20:48,358] {dag.py:2273} INFO - Setting next_dagrun for dag_with_postgres_operator_v03 to 2021-12-19T00:00:00+00:00
[2023-08-31 13:20:48,371] {scheduler_job.py:190} INFO - Processing /opt/airflow/dags/dag_with_postgres_operator.py took 0.160 seconds
[2023-08-31 13:20:59,493] {scheduler_job.py:182} INFO - Started process (PID=1233) to work on /opt/airflow/dags/dag_with_postgres_operator.py
[2023-08-31 13:20:59,496] {scheduler_job.py:629} INFO - Processing file /opt/airflow/dags/dag_with_postgres_operator.py for tasks to queue
[2023-08-31 13:20:59,498] {logging_mixin.py:104} INFO - [2023-08-31 13:20:59,497] {dagbag.py:448} INFO - Filling up the DagBag from /opt/airflow/dags/dag_with_postgres_operator.py
[2023-08-31 13:20:59,541] {scheduler_job.py:639} INFO - DAG(s) dict_keys(['dag_with_postgres_operator_v03']) retrieved from /opt/airflow/dags/dag_with_postgres_operator.py
[2023-08-31 13:20:59,577] {logging_mixin.py:104} INFO - [2023-08-31 13:20:59,577] {dag.py:1818} INFO - Sync 1 DAGs
[2023-08-31 13:20:59,629] {logging_mixin.py:104} INFO - [2023-08-31 13:20:59,629] {dag.py:2273} INFO - Setting next_dagrun for dag_with_postgres_operator_v03 to 2021-12-19T00:00:00+00:00
[2023-08-31 13:20:59,641] {scheduler_job.py:190} INFO - Processing /opt/airflow/dags/dag_with_postgres_operator.py took 0.152 seconds
[2023-08-31 13:21:10,679] {scheduler_job.py:182} INFO - Started process (PID=1289) to work on /opt/airflow/dags/dag_with_postgres_operator.py
[2023-08-31 13:21:10,682] {scheduler_job.py:629} INFO - Processing file /opt/airflow/dags/dag_with_postgres_operator.py for tasks to queue
[2023-08-31 13:21:10,684] {logging_mixin.py:104} INFO - [2023-08-31 13:21:10,684] {dagbag.py:448} INFO - Filling up the DagBag from /opt/airflow/dags/dag_with_postgres_operator.py
[2023-08-31 13:21:10,729] {scheduler_job.py:639} INFO - DAG(s) dict_keys(['dag_with_postgres_operator_v03']) retrieved from /opt/airflow/dags/dag_with_postgres_operator.py
[2023-08-31 13:21:10,767] {logging_mixin.py:104} INFO - [2023-08-31 13:21:10,766] {dag.py:1818} INFO - Sync 1 DAGs
[2023-08-31 13:21:10,820] {logging_mixin.py:104} INFO - [2023-08-31 13:21:10,819] {dag.py:2273} INFO - Setting next_dagrun for dag_with_postgres_operator_v03 to 2021-12-19T00:00:00+00:00
[2023-08-31 13:21:10,832] {scheduler_job.py:190} INFO - Processing /opt/airflow/dags/dag_with_postgres_operator.py took 0.157 seconds
[2023-08-31 13:21:21,804] {scheduler_job.py:182} INFO - Started process (PID=1341) to work on /opt/airflow/dags/dag_with_postgres_operator.py
[2023-08-31 13:21:21,807] {scheduler_job.py:629} INFO - Processing file /opt/airflow/dags/dag_with_postgres_operator.py for tasks to queue
[2023-08-31 13:21:21,808] {logging_mixin.py:104} INFO - [2023-08-31 13:21:21,808] {dagbag.py:448} INFO - Filling up the DagBag from /opt/airflow/dags/dag_with_postgres_operator.py
[2023-08-31 13:21:21,850] {scheduler_job.py:639} INFO - DAG(s) dict_keys(['dag_with_postgres_operator_v03']) retrieved from /opt/airflow/dags/dag_with_postgres_operator.py
[2023-08-31 13:21:21,887] {logging_mixin.py:104} INFO - [2023-08-31 13:21:21,886] {dag.py:1818} INFO - Sync 1 DAGs
[2023-08-31 13:21:21,941] {logging_mixin.py:104} INFO - [2023-08-31 13:21:21,941] {dag.py:2273} INFO - Setting next_dagrun for dag_with_postgres_operator_v03 to 2021-12-19T00:00:00+00:00
[2023-08-31 13:21:21,954] {scheduler_job.py:190} INFO - Processing /opt/airflow/dags/dag_with_postgres_operator.py took 0.154 seconds
[2023-08-31 13:21:33,319] {scheduler_job.py:182} INFO - Started process (PID=1646) to work on /opt/airflow/dags/dag_with_postgres_operator.py
[2023-08-31 13:21:33,334] {scheduler_job.py:629} INFO - Processing file /opt/airflow/dags/dag_with_postgres_operator.py for tasks to queue
[2023-08-31 13:21:33,342] {logging_mixin.py:104} INFO - [2023-08-31 13:21:33,341] {dagbag.py:448} INFO - Filling up the DagBag from /opt/airflow/dags/dag_with_postgres_operator.py
[2023-08-31 13:21:33,452] {scheduler_job.py:639} INFO - DAG(s) dict_keys(['dag_with_postgres_operator_v03']) retrieved from /opt/airflow/dags/dag_with_postgres_operator.py
[2023-08-31 13:21:33,497] {logging_mixin.py:104} INFO - [2023-08-31 13:21:33,497] {dag.py:1818} INFO - Sync 1 DAGs
[2023-08-31 13:21:33,660] {logging_mixin.py:104} INFO - [2023-08-31 13:21:33,659] {dag.py:2273} INFO - Setting next_dagrun for dag_with_postgres_operator_v03 to 2021-12-19T00:00:00+00:00
[2023-08-31 13:21:33,701] {scheduler_job.py:190} INFO - Processing /opt/airflow/dags/dag_with_postgres_operator.py took 0.397 seconds
[2023-08-31 13:21:44,575] {scheduler_job.py:182} INFO - Started process (PID=2014) to work on /opt/airflow/dags/dag_with_postgres_operator.py
[2023-08-31 13:21:44,581] {scheduler_job.py:629} INFO - Processing file /opt/airflow/dags/dag_with_postgres_operator.py for tasks to queue
[2023-08-31 13:21:44,589] {logging_mixin.py:104} INFO - [2023-08-31 13:21:44,589] {dagbag.py:448} INFO - Filling up the DagBag from /opt/airflow/dags/dag_with_postgres_operator.py
[2023-08-31 13:21:44,787] {scheduler_job.py:639} INFO - DAG(s) dict_keys(['dag_with_postgres_operator_v03']) retrieved from /opt/airflow/dags/dag_with_postgres_operator.py
[2023-08-31 13:21:44,909] {logging_mixin.py:104} INFO - [2023-08-31 13:21:44,909] {dag.py:1818} INFO - Sync 1 DAGs
[2023-08-31 13:21:45,161] {logging_mixin.py:104} INFO - [2023-08-31 13:21:45,161] {dag.py:2273} INFO - Setting next_dagrun for dag_with_postgres_operator_v03 to 2021-12-19T00:00:00+00:00
[2023-08-31 13:21:45,214] {scheduler_job.py:190} INFO - Processing /opt/airflow/dags/dag_with_postgres_operator.py took 0.645 seconds
[2023-08-31 13:21:55,955] {scheduler_job.py:182} INFO - Started process (PID=2370) to work on /opt/airflow/dags/dag_with_postgres_operator.py
[2023-08-31 13:21:55,961] {scheduler_job.py:629} INFO - Processing file /opt/airflow/dags/dag_with_postgres_operator.py for tasks to queue
[2023-08-31 13:21:55,967] {logging_mixin.py:104} INFO - [2023-08-31 13:21:55,966] {dagbag.py:448} INFO - Filling up the DagBag from /opt/airflow/dags/dag_with_postgres_operator.py
[2023-08-31 13:21:56,156] {scheduler_job.py:639} INFO - DAG(s) dict_keys(['dag_with_postgres_operator_v03']) retrieved from /opt/airflow/dags/dag_with_postgres_operator.py
[2023-08-31 13:21:56,263] {logging_mixin.py:104} INFO - [2023-08-31 13:21:56,262] {dag.py:1818} INFO - Sync 1 DAGs
[2023-08-31 13:21:56,410] {logging_mixin.py:104} INFO - [2023-08-31 13:21:56,410] {dag.py:2273} INFO - Setting next_dagrun for dag_with_postgres_operator_v03 to 2021-12-19T00:00:00+00:00
[2023-08-31 13:21:56,441] {scheduler_job.py:190} INFO - Processing /opt/airflow/dags/dag_with_postgres_operator.py took 0.493 seconds
[2023-08-31 13:22:07,486] {scheduler_job.py:182} INFO - Started process (PID=2726) to work on /opt/airflow/dags/dag_with_postgres_operator.py
[2023-08-31 13:22:07,497] {scheduler_job.py:629} INFO - Processing file /opt/airflow/dags/dag_with_postgres_operator.py for tasks to queue
[2023-08-31 13:22:07,507] {logging_mixin.py:104} INFO - [2023-08-31 13:22:07,507] {dagbag.py:448} INFO - Filling up the DagBag from /opt/airflow/dags/dag_with_postgres_operator.py
[2023-08-31 13:22:07,706] {scheduler_job.py:639} INFO - DAG(s) dict_keys(['dag_with_postgres_operator_v03']) retrieved from /opt/airflow/dags/dag_with_postgres_operator.py
[2023-08-31 13:22:07,766] {logging_mixin.py:104} INFO - [2023-08-31 13:22:07,766] {dag.py:1818} INFO - Sync 1 DAGs
[2023-08-31 13:22:07,917] {logging_mixin.py:104} INFO - [2023-08-31 13:22:07,917] {dag.py:2273} INFO - Setting next_dagrun for dag_with_postgres_operator_v03 to 2021-12-19T00:00:00+00:00
[2023-08-31 13:22:07,959] {scheduler_job.py:190} INFO - Processing /opt/airflow/dags/dag_with_postgres_operator.py took 0.489 seconds
[2023-08-31 13:22:18,915] {scheduler_job.py:182} INFO - Started process (PID=3087) to work on /opt/airflow/dags/dag_with_postgres_operator.py
[2023-08-31 13:22:18,917] {scheduler_job.py:629} INFO - Processing file /opt/airflow/dags/dag_with_postgres_operator.py for tasks to queue
[2023-08-31 13:22:18,921] {logging_mixin.py:104} INFO - [2023-08-31 13:22:18,921] {dagbag.py:448} INFO - Filling up the DagBag from /opt/airflow/dags/dag_with_postgres_operator.py
[2023-08-31 13:22:19,029] {scheduler_job.py:639} INFO - DAG(s) dict_keys(['dag_with_postgres_operator_v03']) retrieved from /opt/airflow/dags/dag_with_postgres_operator.py
[2023-08-31 13:22:19,105] {logging_mixin.py:104} INFO - [2023-08-31 13:22:19,105] {dag.py:1818} INFO - Sync 1 DAGs
[2023-08-31 13:22:19,247] {logging_mixin.py:104} INFO - [2023-08-31 13:22:19,246] {dag.py:2273} INFO - Setting next_dagrun for dag_with_postgres_operator_v03 to 2021-12-19T00:00:00+00:00
[2023-08-31 13:22:19,297] {scheduler_job.py:190} INFO - Processing /opt/airflow/dags/dag_with_postgres_operator.py took 0.387 seconds
[2023-08-31 13:22:30,299] {scheduler_job.py:182} INFO - Started process (PID=3449) to work on /opt/airflow/dags/dag_with_postgres_operator.py
[2023-08-31 13:22:30,305] {scheduler_job.py:629} INFO - Processing file /opt/airflow/dags/dag_with_postgres_operator.py for tasks to queue
[2023-08-31 13:22:30,309] {logging_mixin.py:104} INFO - [2023-08-31 13:22:30,308] {dagbag.py:448} INFO - Filling up the DagBag from /opt/airflow/dags/dag_with_postgres_operator.py
[2023-08-31 13:22:30,396] {scheduler_job.py:639} INFO - DAG(s) dict_keys(['dag_with_postgres_operator_v03']) retrieved from /opt/airflow/dags/dag_with_postgres_operator.py
[2023-08-31 13:22:30,440] {logging_mixin.py:104} INFO - [2023-08-31 13:22:30,440] {dag.py:1818} INFO - Sync 1 DAGs
[2023-08-31 13:22:30,558] {logging_mixin.py:104} INFO - [2023-08-31 13:22:30,558] {dag.py:2273} INFO - Setting next_dagrun for dag_with_postgres_operator_v03 to 2021-12-19T00:00:00+00:00
[2023-08-31 13:22:30,597] {scheduler_job.py:190} INFO - Processing /opt/airflow/dags/dag_with_postgres_operator.py took 0.308 seconds
[2023-08-31 13:22:41,523] {scheduler_job.py:182} INFO - Started process (PID=3822) to work on /opt/airflow/dags/dag_with_postgres_operator.py
[2023-08-31 13:22:41,526] {scheduler_job.py:629} INFO - Processing file /opt/airflow/dags/dag_with_postgres_operator.py for tasks to queue
[2023-08-31 13:22:41,532] {logging_mixin.py:104} INFO - [2023-08-31 13:22:41,528] {dagbag.py:448} INFO - Filling up the DagBag from /opt/airflow/dags/dag_with_postgres_operator.py
[2023-08-31 13:22:41,640] {scheduler_job.py:639} INFO - DAG(s) dict_keys(['dag_with_postgres_operator_v03']) retrieved from /opt/airflow/dags/dag_with_postgres_operator.py
[2023-08-31 13:22:41,699] {logging_mixin.py:104} INFO - [2023-08-31 13:22:41,698] {dag.py:1818} INFO - Sync 1 DAGs
[2023-08-31 13:22:41,825] {logging_mixin.py:104} INFO - [2023-08-31 13:22:41,825] {dag.py:2273} INFO - Setting next_dagrun for dag_with_postgres_operator_v03 to 2021-12-19T00:00:00+00:00
[2023-08-31 13:22:41,862] {scheduler_job.py:190} INFO - Processing /opt/airflow/dags/dag_with_postgres_operator.py took 0.347 seconds
[2023-08-31 13:22:52,185] {scheduler_job.py:182} INFO - Started process (PID=4168) to work on /opt/airflow/dags/dag_with_postgres_operator.py
[2023-08-31 13:22:52,190] {scheduler_job.py:629} INFO - Processing file /opt/airflow/dags/dag_with_postgres_operator.py for tasks to queue
[2023-08-31 13:22:52,193] {logging_mixin.py:104} INFO - [2023-08-31 13:22:52,191] {dagbag.py:448} INFO - Filling up the DagBag from /opt/airflow/dags/dag_with_postgres_operator.py
[2023-08-31 13:22:52,344] {scheduler_job.py:639} INFO - DAG(s) dict_keys(['dag_with_postgres_operator_v03']) retrieved from /opt/airflow/dags/dag_with_postgres_operator.py
[2023-08-31 13:22:52,424] {logging_mixin.py:104} INFO - [2023-08-31 13:22:52,424] {dag.py:1818} INFO - Sync 1 DAGs
[2023-08-31 13:22:52,562] {logging_mixin.py:104} INFO - [2023-08-31 13:22:52,562] {dag.py:2273} INFO - Setting next_dagrun for dag_with_postgres_operator_v03 to 2021-12-19T00:00:00+00:00
[2023-08-31 13:22:52,594] {scheduler_job.py:190} INFO - Processing /opt/airflow/dags/dag_with_postgres_operator.py took 0.415 seconds
[2023-08-31 13:23:03,146] {scheduler_job.py:182} INFO - Started process (PID=4529) to work on /opt/airflow/dags/dag_with_postgres_operator.py
[2023-08-31 13:23:03,154] {scheduler_job.py:629} INFO - Processing file /opt/airflow/dags/dag_with_postgres_operator.py for tasks to queue
[2023-08-31 13:23:03,159] {logging_mixin.py:104} INFO - [2023-08-31 13:23:03,159] {dagbag.py:448} INFO - Filling up the DagBag from /opt/airflow/dags/dag_with_postgres_operator.py
[2023-08-31 13:23:03,278] {scheduler_job.py:639} INFO - DAG(s) dict_keys(['dag_with_postgres_operator_v03']) retrieved from /opt/airflow/dags/dag_with_postgres_operator.py
[2023-08-31 13:23:03,357] {logging_mixin.py:104} INFO - [2023-08-31 13:23:03,357] {dag.py:1818} INFO - Sync 1 DAGs
[2023-08-31 13:23:03,460] {logging_mixin.py:104} INFO - [2023-08-31 13:23:03,460] {dag.py:2273} INFO - Setting next_dagrun for dag_with_postgres_operator_v03 to 2021-12-19T00:00:00+00:00
[2023-08-31 13:23:03,496] {scheduler_job.py:190} INFO - Processing /opt/airflow/dags/dag_with_postgres_operator.py took 0.358 seconds
[2023-08-31 13:23:13,826] {scheduler_job.py:182} INFO - Started process (PID=4869) to work on /opt/airflow/dags/dag_with_postgres_operator.py
[2023-08-31 13:23:13,835] {scheduler_job.py:629} INFO - Processing file /opt/airflow/dags/dag_with_postgres_operator.py for tasks to queue
[2023-08-31 13:23:13,842] {logging_mixin.py:104} INFO - [2023-08-31 13:23:13,842] {dagbag.py:448} INFO - Filling up the DagBag from /opt/airflow/dags/dag_with_postgres_operator.py
[2023-08-31 13:23:14,044] {scheduler_job.py:639} INFO - DAG(s) dict_keys(['dag_with_postgres_operator_v03']) retrieved from /opt/airflow/dags/dag_with_postgres_operator.py
[2023-08-31 13:23:14,168] {logging_mixin.py:104} INFO - [2023-08-31 13:23:14,168] {dag.py:1818} INFO - Sync 1 DAGs
[2023-08-31 13:23:14,304] {logging_mixin.py:104} INFO - [2023-08-31 13:23:14,304] {dag.py:2273} INFO - Setting next_dagrun for dag_with_postgres_operator_v03 to 2021-12-19T00:00:00+00:00
[2023-08-31 13:23:14,333] {scheduler_job.py:190} INFO - Processing /opt/airflow/dags/dag_with_postgres_operator.py took 0.513 seconds
[2023-08-31 13:23:24,526] {scheduler_job.py:182} INFO - Started process (PID=5222) to work on /opt/airflow/dags/dag_with_postgres_operator.py
[2023-08-31 13:23:24,529] {scheduler_job.py:629} INFO - Processing file /opt/airflow/dags/dag_with_postgres_operator.py for tasks to queue
[2023-08-31 13:23:24,532] {logging_mixin.py:104} INFO - [2023-08-31 13:23:24,532] {dagbag.py:448} INFO - Filling up the DagBag from /opt/airflow/dags/dag_with_postgres_operator.py
[2023-08-31 13:23:24,733] {scheduler_job.py:639} INFO - DAG(s) dict_keys(['dag_with_postgres_operator_v03']) retrieved from /opt/airflow/dags/dag_with_postgres_operator.py
[2023-08-31 13:23:24,809] {logging_mixin.py:104} INFO - [2023-08-31 13:23:24,809] {dag.py:1818} INFO - Sync 1 DAGs
[2023-08-31 13:23:24,960] {logging_mixin.py:104} INFO - [2023-08-31 13:23:24,960] {dag.py:2273} INFO - Setting next_dagrun for dag_with_postgres_operator_v03 to 2021-12-19T00:00:00+00:00
[2023-08-31 13:23:24,994] {scheduler_job.py:190} INFO - Processing /opt/airflow/dags/dag_with_postgres_operator.py took 0.473 seconds
[2023-08-31 13:23:35,140] {scheduler_job.py:182} INFO - Started process (PID=5567) to work on /opt/airflow/dags/dag_with_postgres_operator.py
[2023-08-31 13:23:35,143] {scheduler_job.py:629} INFO - Processing file /opt/airflow/dags/dag_with_postgres_operator.py for tasks to queue
[2023-08-31 13:23:35,148] {logging_mixin.py:104} INFO - [2023-08-31 13:23:35,148] {dagbag.py:448} INFO - Filling up the DagBag from /opt/airflow/dags/dag_with_postgres_operator.py
[2023-08-31 13:23:35,269] {scheduler_job.py:639} INFO - DAG(s) dict_keys(['dag_with_postgres_operator_v03']) retrieved from /opt/airflow/dags/dag_with_postgres_operator.py
[2023-08-31 13:23:35,371] {logging_mixin.py:104} INFO - [2023-08-31 13:23:35,370] {dag.py:1818} INFO - Sync 1 DAGs
[2023-08-31 13:23:35,509] {logging_mixin.py:104} INFO - [2023-08-31 13:23:35,509] {dag.py:2273} INFO - Setting next_dagrun for dag_with_postgres_operator_v03 to 2021-12-19T00:00:00+00:00
[2023-08-31 13:23:35,552] {scheduler_job.py:190} INFO - Processing /opt/airflow/dags/dag_with_postgres_operator.py took 0.417 seconds
[2023-08-31 13:23:45,817] {scheduler_job.py:182} INFO - Started process (PID=5920) to work on /opt/airflow/dags/dag_with_postgres_operator.py
[2023-08-31 13:23:45,822] {scheduler_job.py:629} INFO - Processing file /opt/airflow/dags/dag_with_postgres_operator.py for tasks to queue
[2023-08-31 13:23:45,827] {logging_mixin.py:104} INFO - [2023-08-31 13:23:45,827] {dagbag.py:448} INFO - Filling up the DagBag from /opt/airflow/dags/dag_with_postgres_operator.py
[2023-08-31 13:23:45,947] {scheduler_job.py:639} INFO - DAG(s) dict_keys(['dag_with_postgres_operator_v03']) retrieved from /opt/airflow/dags/dag_with_postgres_operator.py
[2023-08-31 13:23:45,998] {logging_mixin.py:104} INFO - [2023-08-31 13:23:45,998] {dag.py:1818} INFO - Sync 1 DAGs
[2023-08-31 13:23:46,089] {logging_mixin.py:104} INFO - [2023-08-31 13:23:46,089] {dag.py:2273} INFO - Setting next_dagrun for dag_with_postgres_operator_v03 to 2021-12-19T00:00:00+00:00
[2023-08-31 13:23:46,118] {scheduler_job.py:190} INFO - Processing /opt/airflow/dags/dag_with_postgres_operator.py took 0.312 seconds
[2023-08-31 13:23:56,449] {scheduler_job.py:182} INFO - Started process (PID=6151) to work on /opt/airflow/dags/dag_with_postgres_operator.py
[2023-08-31 13:23:56,452] {scheduler_job.py:629} INFO - Processing file /opt/airflow/dags/dag_with_postgres_operator.py for tasks to queue
[2023-08-31 13:23:56,454] {logging_mixin.py:104} INFO - [2023-08-31 13:23:56,454] {dagbag.py:448} INFO - Filling up the DagBag from /opt/airflow/dags/dag_with_postgres_operator.py
[2023-08-31 13:23:56,505] {scheduler_job.py:639} INFO - DAG(s) dict_keys(['dag_with_postgres_operator_v03']) retrieved from /opt/airflow/dags/dag_with_postgres_operator.py
[2023-08-31 13:23:56,541] {logging_mixin.py:104} INFO - [2023-08-31 13:23:56,541] {dag.py:1818} INFO - Sync 1 DAGs
[2023-08-31 13:23:56,593] {logging_mixin.py:104} INFO - [2023-08-31 13:23:56,593] {dag.py:2273} INFO - Setting next_dagrun for dag_with_postgres_operator_v03 to 2021-12-19T00:00:00+00:00
[2023-08-31 13:23:56,605] {scheduler_job.py:190} INFO - Processing /opt/airflow/dags/dag_with_postgres_operator.py took 0.162 seconds
[2023-08-31 13:24:06,739] {scheduler_job.py:182} INFO - Started process (PID=6205) to work on /opt/airflow/dags/dag_with_postgres_operator.py
[2023-08-31 13:24:06,742] {scheduler_job.py:629} INFO - Processing file /opt/airflow/dags/dag_with_postgres_operator.py for tasks to queue
[2023-08-31 13:24:06,744] {logging_mixin.py:104} INFO - [2023-08-31 13:24:06,744] {dagbag.py:448} INFO - Filling up the DagBag from /opt/airflow/dags/dag_with_postgres_operator.py
[2023-08-31 13:24:06,793] {scheduler_job.py:639} INFO - DAG(s) dict_keys(['dag_with_postgres_operator_v03']) retrieved from /opt/airflow/dags/dag_with_postgres_operator.py
[2023-08-31 13:24:06,829] {logging_mixin.py:104} INFO - [2023-08-31 13:24:06,829] {dag.py:1818} INFO - Sync 1 DAGs
[2023-08-31 13:24:06,884] {logging_mixin.py:104} INFO - [2023-08-31 13:24:06,883] {dag.py:2273} INFO - Setting next_dagrun for dag_with_postgres_operator_v03 to 2021-12-19T00:00:00+00:00
[2023-08-31 13:24:06,896] {scheduler_job.py:190} INFO - Processing /opt/airflow/dags/dag_with_postgres_operator.py took 0.163 seconds
