[2023-08-31 13:17:39,023] {scheduler_job.py:182} INFO - Started process (PID=245) to work on /opt/airflow/dags/dag_with_catchup_and_backfill.py
[2023-08-31 13:17:39,025] {scheduler_job.py:629} INFO - Processing file /opt/airflow/dags/dag_with_catchup_and_backfill.py for tasks to queue
[2023-08-31 13:17:39,027] {logging_mixin.py:104} INFO - [2023-08-31 13:17:39,027] {dagbag.py:448} INFO - Filling up the DagBag from /opt/airflow/dags/dag_with_catchup_and_backfill.py
[2023-08-31 13:17:39,051] {scheduler_job.py:639} INFO - DAG(s) dict_keys(['dag_with_catchup_backfill_v02']) retrieved from /opt/airflow/dags/dag_with_catchup_and_backfill.py
[2023-08-31 13:17:39,090] {logging_mixin.py:104} INFO - [2023-08-31 13:17:39,090] {dag.py:1818} INFO - Sync 1 DAGs
[2023-08-31 13:17:39,113] {logging_mixin.py:104} INFO - [2023-08-31 13:17:39,112] {dag.py:1837} INFO - Creating ORM DAG for dag_with_catchup_backfill_v02
[2023-08-31 13:17:39,161] {logging_mixin.py:104} INFO - [2023-08-31 13:17:39,161] {dag.py:2273} INFO - Setting next_dagrun for dag_with_catchup_backfill_v02 to 2023-08-30 00:00:00+00:00
[2023-08-31 13:17:39,185] {scheduler_job.py:190} INFO - Processing /opt/airflow/dags/dag_with_catchup_and_backfill.py took 0.167 seconds
[2023-08-31 13:17:50,352] {scheduler_job.py:182} INFO - Started process (PID=305) to work on /opt/airflow/dags/dag_with_catchup_and_backfill.py
[2023-08-31 13:17:50,355] {scheduler_job.py:629} INFO - Processing file /opt/airflow/dags/dag_with_catchup_and_backfill.py for tasks to queue
[2023-08-31 13:17:50,359] {logging_mixin.py:104} INFO - [2023-08-31 13:17:50,359] {dagbag.py:448} INFO - Filling up the DagBag from /opt/airflow/dags/dag_with_catchup_and_backfill.py
[2023-08-31 13:17:50,413] {scheduler_job.py:639} INFO - DAG(s) dict_keys(['dag_with_catchup_backfill_v02']) retrieved from /opt/airflow/dags/dag_with_catchup_and_backfill.py
[2023-08-31 13:17:50,440] {logging_mixin.py:104} INFO - [2023-08-31 13:17:50,439] {dag.py:1818} INFO - Sync 1 DAGs
[2023-08-31 13:17:50,571] {logging_mixin.py:104} INFO - [2023-08-31 13:17:50,571] {dag.py:2273} INFO - Setting next_dagrun for dag_with_catchup_backfill_v02 to 2023-08-30 00:00:00+00:00
[2023-08-31 13:17:50,597] {scheduler_job.py:190} INFO - Processing /opt/airflow/dags/dag_with_catchup_and_backfill.py took 0.255 seconds
[2023-08-31 13:18:01,074] {scheduler_job.py:182} INFO - Started process (PID=361) to work on /opt/airflow/dags/dag_with_catchup_and_backfill.py
[2023-08-31 13:18:01,077] {scheduler_job.py:629} INFO - Processing file /opt/airflow/dags/dag_with_catchup_and_backfill.py for tasks to queue
[2023-08-31 13:18:01,080] {logging_mixin.py:104} INFO - [2023-08-31 13:18:01,080] {dagbag.py:448} INFO - Filling up the DagBag from /opt/airflow/dags/dag_with_catchup_and_backfill.py
[2023-08-31 13:18:01,110] {scheduler_job.py:639} INFO - DAG(s) dict_keys(['dag_with_catchup_backfill_v02']) retrieved from /opt/airflow/dags/dag_with_catchup_and_backfill.py
[2023-08-31 13:18:01,128] {logging_mixin.py:104} INFO - [2023-08-31 13:18:01,128] {dag.py:1818} INFO - Sync 1 DAGs
[2023-08-31 13:18:01,201] {logging_mixin.py:104} INFO - [2023-08-31 13:18:01,200] {dag.py:2273} INFO - Setting next_dagrun for dag_with_catchup_backfill_v02 to 2023-08-30 00:00:00+00:00
[2023-08-31 13:18:01,214] {scheduler_job.py:190} INFO - Processing /opt/airflow/dags/dag_with_catchup_and_backfill.py took 0.145 seconds
[2023-08-31 13:18:11,469] {scheduler_job.py:182} INFO - Started process (PID=407) to work on /opt/airflow/dags/dag_with_catchup_and_backfill.py
[2023-08-31 13:18:11,472] {scheduler_job.py:629} INFO - Processing file /opt/airflow/dags/dag_with_catchup_and_backfill.py for tasks to queue
[2023-08-31 13:18:11,473] {logging_mixin.py:104} INFO - [2023-08-31 13:18:11,473] {dagbag.py:448} INFO - Filling up the DagBag from /opt/airflow/dags/dag_with_catchup_and_backfill.py
[2023-08-31 13:18:11,500] {scheduler_job.py:639} INFO - DAG(s) dict_keys(['dag_with_catchup_backfill_v02']) retrieved from /opt/airflow/dags/dag_with_catchup_and_backfill.py
[2023-08-31 13:18:11,532] {logging_mixin.py:104} INFO - [2023-08-31 13:18:11,532] {dag.py:1818} INFO - Sync 1 DAGs
[2023-08-31 13:18:11,605] {logging_mixin.py:104} INFO - [2023-08-31 13:18:11,605] {dag.py:2273} INFO - Setting next_dagrun for dag_with_catchup_backfill_v02 to 2023-08-30 00:00:00+00:00
[2023-08-31 13:18:11,617] {scheduler_job.py:190} INFO - Processing /opt/airflow/dags/dag_with_catchup_and_backfill.py took 0.153 seconds
[2023-08-31 13:18:22,564] {scheduler_job.py:182} INFO - Started process (PID=465) to work on /opt/airflow/dags/dag_with_catchup_and_backfill.py
[2023-08-31 13:18:22,566] {scheduler_job.py:629} INFO - Processing file /opt/airflow/dags/dag_with_catchup_and_backfill.py for tasks to queue
[2023-08-31 13:18:22,568] {logging_mixin.py:104} INFO - [2023-08-31 13:18:22,568] {dagbag.py:448} INFO - Filling up the DagBag from /opt/airflow/dags/dag_with_catchup_and_backfill.py
[2023-08-31 13:18:22,594] {scheduler_job.py:639} INFO - DAG(s) dict_keys(['dag_with_catchup_backfill_v02']) retrieved from /opt/airflow/dags/dag_with_catchup_and_backfill.py
[2023-08-31 13:18:22,632] {logging_mixin.py:104} INFO - [2023-08-31 13:18:22,632] {dag.py:1818} INFO - Sync 1 DAGs
[2023-08-31 13:18:22,702] {logging_mixin.py:104} INFO - [2023-08-31 13:18:22,701] {dag.py:2273} INFO - Setting next_dagrun for dag_with_catchup_backfill_v02 to 2023-08-30 00:00:00+00:00
[2023-08-31 13:18:22,713] {scheduler_job.py:190} INFO - Processing /opt/airflow/dags/dag_with_catchup_and_backfill.py took 0.153 seconds
[2023-08-31 13:18:33,784] {scheduler_job.py:182} INFO - Started process (PID=519) to work on /opt/airflow/dags/dag_with_catchup_and_backfill.py
[2023-08-31 13:18:33,786] {scheduler_job.py:629} INFO - Processing file /opt/airflow/dags/dag_with_catchup_and_backfill.py for tasks to queue
[2023-08-31 13:18:33,788] {logging_mixin.py:104} INFO - [2023-08-31 13:18:33,788] {dagbag.py:448} INFO - Filling up the DagBag from /opt/airflow/dags/dag_with_catchup_and_backfill.py
[2023-08-31 13:18:33,814] {scheduler_job.py:639} INFO - DAG(s) dict_keys(['dag_with_catchup_backfill_v02']) retrieved from /opt/airflow/dags/dag_with_catchup_and_backfill.py
[2023-08-31 13:18:33,850] {logging_mixin.py:104} INFO - [2023-08-31 13:18:33,850] {dag.py:1818} INFO - Sync 1 DAGs
[2023-08-31 13:18:33,918] {logging_mixin.py:104} INFO - [2023-08-31 13:18:33,918] {dag.py:2273} INFO - Setting next_dagrun for dag_with_catchup_backfill_v02 to 2023-08-30 00:00:00+00:00
[2023-08-31 13:18:33,930] {scheduler_job.py:190} INFO - Processing /opt/airflow/dags/dag_with_catchup_and_backfill.py took 0.151 seconds
[2023-08-31 13:18:44,916] {scheduler_job.py:182} INFO - Started process (PID=573) to work on /opt/airflow/dags/dag_with_catchup_and_backfill.py
[2023-08-31 13:18:44,918] {scheduler_job.py:629} INFO - Processing file /opt/airflow/dags/dag_with_catchup_and_backfill.py for tasks to queue
[2023-08-31 13:18:44,920] {logging_mixin.py:104} INFO - [2023-08-31 13:18:44,920] {dagbag.py:448} INFO - Filling up the DagBag from /opt/airflow/dags/dag_with_catchup_and_backfill.py
[2023-08-31 13:18:44,946] {scheduler_job.py:639} INFO - DAG(s) dict_keys(['dag_with_catchup_backfill_v02']) retrieved from /opt/airflow/dags/dag_with_catchup_and_backfill.py
[2023-08-31 13:18:44,981] {logging_mixin.py:104} INFO - [2023-08-31 13:18:44,981] {dag.py:1818} INFO - Sync 1 DAGs
[2023-08-31 13:18:45,051] {logging_mixin.py:104} INFO - [2023-08-31 13:18:45,051] {dag.py:2273} INFO - Setting next_dagrun for dag_with_catchup_backfill_v02 to 2023-08-30 00:00:00+00:00
[2023-08-31 13:18:45,063] {scheduler_job.py:190} INFO - Processing /opt/airflow/dags/dag_with_catchup_and_backfill.py took 0.152 seconds
[2023-08-31 13:18:56,155] {scheduler_job.py:182} INFO - Started process (PID=627) to work on /opt/airflow/dags/dag_with_catchup_and_backfill.py
[2023-08-31 13:18:56,157] {scheduler_job.py:629} INFO - Processing file /opt/airflow/dags/dag_with_catchup_and_backfill.py for tasks to queue
[2023-08-31 13:18:56,159] {logging_mixin.py:104} INFO - [2023-08-31 13:18:56,159] {dagbag.py:448} INFO - Filling up the DagBag from /opt/airflow/dags/dag_with_catchup_and_backfill.py
[2023-08-31 13:18:56,186] {scheduler_job.py:639} INFO - DAG(s) dict_keys(['dag_with_catchup_backfill_v02']) retrieved from /opt/airflow/dags/dag_with_catchup_and_backfill.py
[2023-08-31 13:18:56,226] {logging_mixin.py:104} INFO - [2023-08-31 13:18:56,225] {dag.py:1818} INFO - Sync 1 DAGs
[2023-08-31 13:18:56,295] {logging_mixin.py:104} INFO - [2023-08-31 13:18:56,294] {dag.py:2273} INFO - Setting next_dagrun for dag_with_catchup_backfill_v02 to 2023-08-30 00:00:00+00:00
[2023-08-31 13:18:56,307] {scheduler_job.py:190} INFO - Processing /opt/airflow/dags/dag_with_catchup_and_backfill.py took 0.157 seconds
[2023-08-31 13:19:07,421] {scheduler_job.py:182} INFO - Started process (PID=683) to work on /opt/airflow/dags/dag_with_catchup_and_backfill.py
[2023-08-31 13:19:07,424] {scheduler_job.py:629} INFO - Processing file /opt/airflow/dags/dag_with_catchup_and_backfill.py for tasks to queue
[2023-08-31 13:19:07,425] {logging_mixin.py:104} INFO - [2023-08-31 13:19:07,425] {dagbag.py:448} INFO - Filling up the DagBag from /opt/airflow/dags/dag_with_catchup_and_backfill.py
[2023-08-31 13:19:07,452] {scheduler_job.py:639} INFO - DAG(s) dict_keys(['dag_with_catchup_backfill_v02']) retrieved from /opt/airflow/dags/dag_with_catchup_and_backfill.py
[2023-08-31 13:19:07,487] {logging_mixin.py:104} INFO - [2023-08-31 13:19:07,487] {dag.py:1818} INFO - Sync 1 DAGs
[2023-08-31 13:19:07,555] {logging_mixin.py:104} INFO - [2023-08-31 13:19:07,555] {dag.py:2273} INFO - Setting next_dagrun for dag_with_catchup_backfill_v02 to 2023-08-30 00:00:00+00:00
[2023-08-31 13:19:07,567] {scheduler_job.py:190} INFO - Processing /opt/airflow/dags/dag_with_catchup_and_backfill.py took 0.151 seconds
[2023-08-31 13:19:18,581] {scheduler_job.py:182} INFO - Started process (PID=735) to work on /opt/airflow/dags/dag_with_catchup_and_backfill.py
[2023-08-31 13:19:18,584] {scheduler_job.py:629} INFO - Processing file /opt/airflow/dags/dag_with_catchup_and_backfill.py for tasks to queue
[2023-08-31 13:19:18,586] {logging_mixin.py:104} INFO - [2023-08-31 13:19:18,585] {dagbag.py:448} INFO - Filling up the DagBag from /opt/airflow/dags/dag_with_catchup_and_backfill.py
[2023-08-31 13:19:18,612] {scheduler_job.py:639} INFO - DAG(s) dict_keys(['dag_with_catchup_backfill_v02']) retrieved from /opt/airflow/dags/dag_with_catchup_and_backfill.py
[2023-08-31 13:19:18,646] {logging_mixin.py:104} INFO - [2023-08-31 13:19:18,646] {dag.py:1818} INFO - Sync 1 DAGs
[2023-08-31 13:19:18,715] {logging_mixin.py:104} INFO - [2023-08-31 13:19:18,715] {dag.py:2273} INFO - Setting next_dagrun for dag_with_catchup_backfill_v02 to 2023-08-30 00:00:00+00:00
[2023-08-31 13:19:18,727] {scheduler_job.py:190} INFO - Processing /opt/airflow/dags/dag_with_catchup_and_backfill.py took 0.151 seconds
[2023-08-31 13:19:29,773] {scheduler_job.py:182} INFO - Started process (PID=789) to work on /opt/airflow/dags/dag_with_catchup_and_backfill.py
[2023-08-31 13:19:29,775] {scheduler_job.py:629} INFO - Processing file /opt/airflow/dags/dag_with_catchup_and_backfill.py for tasks to queue
[2023-08-31 13:19:29,777] {logging_mixin.py:104} INFO - [2023-08-31 13:19:29,776] {dagbag.py:448} INFO - Filling up the DagBag from /opt/airflow/dags/dag_with_catchup_and_backfill.py
[2023-08-31 13:19:29,802] {scheduler_job.py:639} INFO - DAG(s) dict_keys(['dag_with_catchup_backfill_v02']) retrieved from /opt/airflow/dags/dag_with_catchup_and_backfill.py
[2023-08-31 13:19:29,837] {logging_mixin.py:104} INFO - [2023-08-31 13:19:29,837] {dag.py:1818} INFO - Sync 1 DAGs
[2023-08-31 13:19:29,905] {logging_mixin.py:104} INFO - [2023-08-31 13:19:29,905] {dag.py:2273} INFO - Setting next_dagrun for dag_with_catchup_backfill_v02 to 2023-08-30 00:00:00+00:00
[2023-08-31 13:19:29,917] {scheduler_job.py:190} INFO - Processing /opt/airflow/dags/dag_with_catchup_and_backfill.py took 0.149 seconds
[2023-08-31 13:19:41,143] {scheduler_job.py:182} INFO - Started process (PID=843) to work on /opt/airflow/dags/dag_with_catchup_and_backfill.py
[2023-08-31 13:19:41,145] {scheduler_job.py:629} INFO - Processing file /opt/airflow/dags/dag_with_catchup_and_backfill.py for tasks to queue
[2023-08-31 13:19:41,147] {logging_mixin.py:104} INFO - [2023-08-31 13:19:41,147] {dagbag.py:448} INFO - Filling up the DagBag from /opt/airflow/dags/dag_with_catchup_and_backfill.py
[2023-08-31 13:19:41,173] {scheduler_job.py:639} INFO - DAG(s) dict_keys(['dag_with_catchup_backfill_v02']) retrieved from /opt/airflow/dags/dag_with_catchup_and_backfill.py
[2023-08-31 13:19:41,207] {logging_mixin.py:104} INFO - [2023-08-31 13:19:41,207] {dag.py:1818} INFO - Sync 1 DAGs
[2023-08-31 13:19:41,277] {logging_mixin.py:104} INFO - [2023-08-31 13:19:41,277] {dag.py:2273} INFO - Setting next_dagrun for dag_with_catchup_backfill_v02 to 2023-08-30 00:00:00+00:00
[2023-08-31 13:19:41,290] {scheduler_job.py:190} INFO - Processing /opt/airflow/dags/dag_with_catchup_and_backfill.py took 0.152 seconds
[2023-08-31 13:19:52,342] {scheduler_job.py:182} INFO - Started process (PID=897) to work on /opt/airflow/dags/dag_with_catchup_and_backfill.py
[2023-08-31 13:19:52,344] {scheduler_job.py:629} INFO - Processing file /opt/airflow/dags/dag_with_catchup_and_backfill.py for tasks to queue
[2023-08-31 13:19:52,346] {logging_mixin.py:104} INFO - [2023-08-31 13:19:52,346] {dagbag.py:448} INFO - Filling up the DagBag from /opt/airflow/dags/dag_with_catchup_and_backfill.py
[2023-08-31 13:19:52,372] {scheduler_job.py:639} INFO - DAG(s) dict_keys(['dag_with_catchup_backfill_v02']) retrieved from /opt/airflow/dags/dag_with_catchup_and_backfill.py
[2023-08-31 13:19:52,408] {logging_mixin.py:104} INFO - [2023-08-31 13:19:52,407] {dag.py:1818} INFO - Sync 1 DAGs
[2023-08-31 13:19:52,476] {logging_mixin.py:104} INFO - [2023-08-31 13:19:52,476] {dag.py:2273} INFO - Setting next_dagrun for dag_with_catchup_backfill_v02 to 2023-08-30 00:00:00+00:00
[2023-08-31 13:19:52,489] {scheduler_job.py:190} INFO - Processing /opt/airflow/dags/dag_with_catchup_and_backfill.py took 0.152 seconds
[2023-08-31 13:20:03,552] {scheduler_job.py:182} INFO - Started process (PID=951) to work on /opt/airflow/dags/dag_with_catchup_and_backfill.py
[2023-08-31 13:20:03,554] {scheduler_job.py:629} INFO - Processing file /opt/airflow/dags/dag_with_catchup_and_backfill.py for tasks to queue
[2023-08-31 13:20:03,556] {logging_mixin.py:104} INFO - [2023-08-31 13:20:03,555] {dagbag.py:448} INFO - Filling up the DagBag from /opt/airflow/dags/dag_with_catchup_and_backfill.py
[2023-08-31 13:20:03,581] {scheduler_job.py:639} INFO - DAG(s) dict_keys(['dag_with_catchup_backfill_v02']) retrieved from /opt/airflow/dags/dag_with_catchup_and_backfill.py
[2023-08-31 13:20:03,615] {logging_mixin.py:104} INFO - [2023-08-31 13:20:03,614] {dag.py:1818} INFO - Sync 1 DAGs
[2023-08-31 13:20:03,683] {logging_mixin.py:104} INFO - [2023-08-31 13:20:03,683] {dag.py:2273} INFO - Setting next_dagrun for dag_with_catchup_backfill_v02 to 2023-08-30 00:00:00+00:00
[2023-08-31 13:20:03,696] {scheduler_job.py:190} INFO - Processing /opt/airflow/dags/dag_with_catchup_and_backfill.py took 0.149 seconds
[2023-08-31 13:20:14,759] {scheduler_job.py:182} INFO - Started process (PID=1013) to work on /opt/airflow/dags/dag_with_catchup_and_backfill.py
[2023-08-31 13:20:14,763] {scheduler_job.py:629} INFO - Processing file /opt/airflow/dags/dag_with_catchup_and_backfill.py for tasks to queue
[2023-08-31 13:20:14,765] {logging_mixin.py:104} INFO - [2023-08-31 13:20:14,764] {dagbag.py:448} INFO - Filling up the DagBag from /opt/airflow/dags/dag_with_catchup_and_backfill.py
[2023-08-31 13:20:14,790] {scheduler_job.py:639} INFO - DAG(s) dict_keys(['dag_with_catchup_backfill_v02']) retrieved from /opt/airflow/dags/dag_with_catchup_and_backfill.py
[2023-08-31 13:20:14,832] {logging_mixin.py:104} INFO - [2023-08-31 13:20:14,831] {dag.py:1818} INFO - Sync 1 DAGs
[2023-08-31 13:20:14,904] {logging_mixin.py:104} INFO - [2023-08-31 13:20:14,904] {dag.py:2273} INFO - Setting next_dagrun for dag_with_catchup_backfill_v02 to 2023-08-30 00:00:00+00:00
[2023-08-31 13:20:14,917] {scheduler_job.py:190} INFO - Processing /opt/airflow/dags/dag_with_catchup_and_backfill.py took 0.162 seconds
[2023-08-31 13:20:25,897] {scheduler_job.py:182} INFO - Started process (PID=1067) to work on /opt/airflow/dags/dag_with_catchup_and_backfill.py
[2023-08-31 13:20:25,901] {scheduler_job.py:629} INFO - Processing file /opt/airflow/dags/dag_with_catchup_and_backfill.py for tasks to queue
[2023-08-31 13:20:25,902] {logging_mixin.py:104} INFO - [2023-08-31 13:20:25,902] {dagbag.py:448} INFO - Filling up the DagBag from /opt/airflow/dags/dag_with_catchup_and_backfill.py
[2023-08-31 13:20:25,928] {scheduler_job.py:639} INFO - DAG(s) dict_keys(['dag_with_catchup_backfill_v02']) retrieved from /opt/airflow/dags/dag_with_catchup_and_backfill.py
[2023-08-31 13:20:25,963] {logging_mixin.py:104} INFO - [2023-08-31 13:20:25,962] {dag.py:1818} INFO - Sync 1 DAGs
[2023-08-31 13:20:26,033] {logging_mixin.py:104} INFO - [2023-08-31 13:20:26,033] {dag.py:2273} INFO - Setting next_dagrun for dag_with_catchup_backfill_v02 to 2023-08-30 00:00:00+00:00
[2023-08-31 13:20:26,045] {scheduler_job.py:190} INFO - Processing /opt/airflow/dags/dag_with_catchup_and_backfill.py took 0.152 seconds
[2023-08-31 13:20:37,060] {scheduler_job.py:182} INFO - Started process (PID=1123) to work on /opt/airflow/dags/dag_with_catchup_and_backfill.py
[2023-08-31 13:20:37,063] {scheduler_job.py:629} INFO - Processing file /opt/airflow/dags/dag_with_catchup_and_backfill.py for tasks to queue
[2023-08-31 13:20:37,065] {logging_mixin.py:104} INFO - [2023-08-31 13:20:37,064] {dagbag.py:448} INFO - Filling up the DagBag from /opt/airflow/dags/dag_with_catchup_and_backfill.py
[2023-08-31 13:20:37,090] {scheduler_job.py:639} INFO - DAG(s) dict_keys(['dag_with_catchup_backfill_v02']) retrieved from /opt/airflow/dags/dag_with_catchup_and_backfill.py
[2023-08-31 13:20:37,124] {logging_mixin.py:104} INFO - [2023-08-31 13:20:37,124] {dag.py:1818} INFO - Sync 1 DAGs
[2023-08-31 13:20:37,194] {logging_mixin.py:104} INFO - [2023-08-31 13:20:37,193] {dag.py:2273} INFO - Setting next_dagrun for dag_with_catchup_backfill_v02 to 2023-08-30 00:00:00+00:00
[2023-08-31 13:20:37,206] {scheduler_job.py:190} INFO - Processing /opt/airflow/dags/dag_with_catchup_and_backfill.py took 0.151 seconds
[2023-08-31 13:20:48,215] {scheduler_job.py:182} INFO - Started process (PID=1177) to work on /opt/airflow/dags/dag_with_catchup_and_backfill.py
[2023-08-31 13:20:48,218] {scheduler_job.py:629} INFO - Processing file /opt/airflow/dags/dag_with_catchup_and_backfill.py for tasks to queue
[2023-08-31 13:20:48,219] {logging_mixin.py:104} INFO - [2023-08-31 13:20:48,219] {dagbag.py:448} INFO - Filling up the DagBag from /opt/airflow/dags/dag_with_catchup_and_backfill.py
[2023-08-31 13:20:48,246] {scheduler_job.py:639} INFO - DAG(s) dict_keys(['dag_with_catchup_backfill_v02']) retrieved from /opt/airflow/dags/dag_with_catchup_and_backfill.py
[2023-08-31 13:20:48,282] {logging_mixin.py:104} INFO - [2023-08-31 13:20:48,281] {dag.py:1818} INFO - Sync 1 DAGs
[2023-08-31 13:20:48,355] {logging_mixin.py:104} INFO - [2023-08-31 13:20:48,355] {dag.py:2273} INFO - Setting next_dagrun for dag_with_catchup_backfill_v02 to 2023-08-30 00:00:00+00:00
[2023-08-31 13:20:48,371] {scheduler_job.py:190} INFO - Processing /opt/airflow/dags/dag_with_catchup_and_backfill.py took 0.161 seconds
[2023-08-31 13:20:59,492] {scheduler_job.py:182} INFO - Started process (PID=1231) to work on /opt/airflow/dags/dag_with_catchup_and_backfill.py
[2023-08-31 13:20:59,495] {scheduler_job.py:629} INFO - Processing file /opt/airflow/dags/dag_with_catchup_and_backfill.py for tasks to queue
[2023-08-31 13:20:59,496] {logging_mixin.py:104} INFO - [2023-08-31 13:20:59,496] {dagbag.py:448} INFO - Filling up the DagBag from /opt/airflow/dags/dag_with_catchup_and_backfill.py
[2023-08-31 13:20:59,523] {scheduler_job.py:639} INFO - DAG(s) dict_keys(['dag_with_catchup_backfill_v02']) retrieved from /opt/airflow/dags/dag_with_catchup_and_backfill.py
[2023-08-31 13:20:59,559] {logging_mixin.py:104} INFO - [2023-08-31 13:20:59,558] {dag.py:1818} INFO - Sync 1 DAGs
[2023-08-31 13:20:59,628] {logging_mixin.py:104} INFO - [2023-08-31 13:20:59,628] {dag.py:2273} INFO - Setting next_dagrun for dag_with_catchup_backfill_v02 to 2023-08-30 00:00:00+00:00
[2023-08-31 13:20:59,641] {scheduler_job.py:190} INFO - Processing /opt/airflow/dags/dag_with_catchup_and_backfill.py took 0.154 seconds
[2023-08-31 13:21:10,533] {scheduler_job.py:182} INFO - Started process (PID=1283) to work on /opt/airflow/dags/dag_with_catchup_and_backfill.py
[2023-08-31 13:21:10,535] {scheduler_job.py:629} INFO - Processing file /opt/airflow/dags/dag_with_catchup_and_backfill.py for tasks to queue
[2023-08-31 13:21:10,537] {logging_mixin.py:104} INFO - [2023-08-31 13:21:10,537] {dagbag.py:448} INFO - Filling up the DagBag from /opt/airflow/dags/dag_with_catchup_and_backfill.py
[2023-08-31 13:21:10,567] {scheduler_job.py:639} INFO - DAG(s) dict_keys(['dag_with_catchup_backfill_v02']) retrieved from /opt/airflow/dags/dag_with_catchup_and_backfill.py
[2023-08-31 13:21:10,605] {logging_mixin.py:104} INFO - [2023-08-31 13:21:10,604] {dag.py:1818} INFO - Sync 1 DAGs
[2023-08-31 13:21:10,675] {logging_mixin.py:104} INFO - [2023-08-31 13:21:10,675] {dag.py:2273} INFO - Setting next_dagrun for dag_with_catchup_backfill_v02 to 2023-08-30 00:00:00+00:00
[2023-08-31 13:21:10,688] {scheduler_job.py:190} INFO - Processing /opt/airflow/dags/dag_with_catchup_and_backfill.py took 0.159 seconds
[2023-08-31 13:21:21,803] {scheduler_job.py:182} INFO - Started process (PID=1339) to work on /opt/airflow/dags/dag_with_catchup_and_backfill.py
[2023-08-31 13:21:21,806] {scheduler_job.py:629} INFO - Processing file /opt/airflow/dags/dag_with_catchup_and_backfill.py for tasks to queue
[2023-08-31 13:21:21,807] {logging_mixin.py:104} INFO - [2023-08-31 13:21:21,807] {dagbag.py:448} INFO - Filling up the DagBag from /opt/airflow/dags/dag_with_catchup_and_backfill.py
[2023-08-31 13:21:21,833] {scheduler_job.py:639} INFO - DAG(s) dict_keys(['dag_with_catchup_backfill_v02']) retrieved from /opt/airflow/dags/dag_with_catchup_and_backfill.py
[2023-08-31 13:21:21,871] {logging_mixin.py:104} INFO - [2023-08-31 13:21:21,870] {dag.py:1818} INFO - Sync 1 DAGs
[2023-08-31 13:21:21,939] {logging_mixin.py:104} INFO - [2023-08-31 13:21:21,939] {dag.py:2273} INFO - Setting next_dagrun for dag_with_catchup_backfill_v02 to 2023-08-30 00:00:00+00:00
[2023-08-31 13:21:21,952] {scheduler_job.py:190} INFO - Processing /opt/airflow/dags/dag_with_catchup_and_backfill.py took 0.154 seconds
[2023-08-31 13:21:33,790] {scheduler_job.py:182} INFO - Started process (PID=1666) to work on /opt/airflow/dags/dag_with_catchup_and_backfill.py
[2023-08-31 13:21:33,793] {scheduler_job.py:629} INFO - Processing file /opt/airflow/dags/dag_with_catchup_and_backfill.py for tasks to queue
[2023-08-31 13:21:33,803] {logging_mixin.py:104} INFO - [2023-08-31 13:21:33,803] {dagbag.py:448} INFO - Filling up the DagBag from /opt/airflow/dags/dag_with_catchup_and_backfill.py
[2023-08-31 13:21:33,840] {scheduler_job.py:639} INFO - DAG(s) dict_keys(['dag_with_catchup_backfill_v02']) retrieved from /opt/airflow/dags/dag_with_catchup_and_backfill.py
[2023-08-31 13:21:33,927] {logging_mixin.py:104} INFO - [2023-08-31 13:21:33,919] {dag.py:1818} INFO - Sync 1 DAGs
[2023-08-31 13:21:34,042] {logging_mixin.py:104} INFO - [2023-08-31 13:21:34,041] {dag.py:2273} INFO - Setting next_dagrun for dag_with_catchup_backfill_v02 to 2023-08-30 00:00:00+00:00
[2023-08-31 13:21:34,077] {scheduler_job.py:190} INFO - Processing /opt/airflow/dags/dag_with_catchup_and_backfill.py took 0.292 seconds
[2023-08-31 13:21:45,342] {scheduler_job.py:182} INFO - Started process (PID=2036) to work on /opt/airflow/dags/dag_with_catchup_and_backfill.py
[2023-08-31 13:21:45,348] {scheduler_job.py:629} INFO - Processing file /opt/airflow/dags/dag_with_catchup_and_backfill.py for tasks to queue
[2023-08-31 13:21:45,353] {logging_mixin.py:104} INFO - [2023-08-31 13:21:45,352] {dagbag.py:448} INFO - Filling up the DagBag from /opt/airflow/dags/dag_with_catchup_and_backfill.py
[2023-08-31 13:21:45,442] {scheduler_job.py:639} INFO - DAG(s) dict_keys(['dag_with_catchup_backfill_v02']) retrieved from /opt/airflow/dags/dag_with_catchup_and_backfill.py
[2023-08-31 13:21:45,526] {logging_mixin.py:104} INFO - [2023-08-31 13:21:45,525] {dag.py:1818} INFO - Sync 1 DAGs
[2023-08-31 13:21:45,674] {logging_mixin.py:104} INFO - [2023-08-31 13:21:45,674] {dag.py:2273} INFO - Setting next_dagrun for dag_with_catchup_backfill_v02 to 2023-08-30 00:00:00+00:00
[2023-08-31 13:21:45,722] {scheduler_job.py:190} INFO - Processing /opt/airflow/dags/dag_with_catchup_and_backfill.py took 0.387 seconds
[2023-08-31 13:21:56,364] {scheduler_job.py:182} INFO - Started process (PID=2384) to work on /opt/airflow/dags/dag_with_catchup_and_backfill.py
[2023-08-31 13:21:56,367] {scheduler_job.py:629} INFO - Processing file /opt/airflow/dags/dag_with_catchup_and_backfill.py for tasks to queue
[2023-08-31 13:21:56,370] {logging_mixin.py:104} INFO - [2023-08-31 13:21:56,370] {dagbag.py:448} INFO - Filling up the DagBag from /opt/airflow/dags/dag_with_catchup_and_backfill.py
[2023-08-31 13:21:56,424] {scheduler_job.py:639} INFO - DAG(s) dict_keys(['dag_with_catchup_backfill_v02']) retrieved from /opt/airflow/dags/dag_with_catchup_and_backfill.py
[2023-08-31 13:21:56,490] {logging_mixin.py:104} INFO - [2023-08-31 13:21:56,489] {dag.py:1818} INFO - Sync 1 DAGs
[2023-08-31 13:21:56,584] {logging_mixin.py:104} INFO - [2023-08-31 13:21:56,583] {dag.py:2273} INFO - Setting next_dagrun for dag_with_catchup_backfill_v02 to 2023-08-30 00:00:00+00:00
[2023-08-31 13:21:56,601] {scheduler_job.py:190} INFO - Processing /opt/airflow/dags/dag_with_catchup_and_backfill.py took 0.242 seconds
[2023-08-31 13:22:07,137] {scheduler_job.py:182} INFO - Started process (PID=2708) to work on /opt/airflow/dags/dag_with_catchup_and_backfill.py
[2023-08-31 13:22:07,140] {scheduler_job.py:629} INFO - Processing file /opt/airflow/dags/dag_with_catchup_and_backfill.py for tasks to queue
[2023-08-31 13:22:07,142] {logging_mixin.py:104} INFO - [2023-08-31 13:22:07,142] {dagbag.py:448} INFO - Filling up the DagBag from /opt/airflow/dags/dag_with_catchup_and_backfill.py
[2023-08-31 13:22:07,243] {scheduler_job.py:639} INFO - DAG(s) dict_keys(['dag_with_catchup_backfill_v02']) retrieved from /opt/airflow/dags/dag_with_catchup_and_backfill.py
[2023-08-31 13:22:07,371] {logging_mixin.py:104} INFO - [2023-08-31 13:22:07,371] {dag.py:1818} INFO - Sync 1 DAGs
[2023-08-31 13:22:07,660] {logging_mixin.py:104} INFO - [2023-08-31 13:22:07,660] {dag.py:2273} INFO - Setting next_dagrun for dag_with_catchup_backfill_v02 to 2023-08-30 00:00:00+00:00
[2023-08-31 13:22:07,692] {scheduler_job.py:190} INFO - Processing /opt/airflow/dags/dag_with_catchup_and_backfill.py took 0.571 seconds
[2023-08-31 13:22:18,863] {scheduler_job.py:182} INFO - Started process (PID=3081) to work on /opt/airflow/dags/dag_with_catchup_and_backfill.py
[2023-08-31 13:22:18,866] {scheduler_job.py:629} INFO - Processing file /opt/airflow/dags/dag_with_catchup_and_backfill.py for tasks to queue
[2023-08-31 13:22:18,868] {logging_mixin.py:104} INFO - [2023-08-31 13:22:18,868] {dagbag.py:448} INFO - Filling up the DagBag from /opt/airflow/dags/dag_with_catchup_and_backfill.py
[2023-08-31 13:22:18,932] {scheduler_job.py:639} INFO - DAG(s) dict_keys(['dag_with_catchup_backfill_v02']) retrieved from /opt/airflow/dags/dag_with_catchup_and_backfill.py
[2023-08-31 13:22:19,001] {logging_mixin.py:104} INFO - [2023-08-31 13:22:19,000] {dag.py:1818} INFO - Sync 1 DAGs
[2023-08-31 13:22:19,174] {logging_mixin.py:104} INFO - [2023-08-31 13:22:19,174] {dag.py:2273} INFO - Setting next_dagrun for dag_with_catchup_backfill_v02 to 2023-08-30 00:00:00+00:00
[2023-08-31 13:22:19,231] {scheduler_job.py:190} INFO - Processing /opt/airflow/dags/dag_with_catchup_and_backfill.py took 0.372 seconds
[2023-08-31 13:22:30,161] {scheduler_job.py:182} INFO - Started process (PID=3441) to work on /opt/airflow/dags/dag_with_catchup_and_backfill.py
[2023-08-31 13:22:30,171] {scheduler_job.py:629} INFO - Processing file /opt/airflow/dags/dag_with_catchup_and_backfill.py for tasks to queue
[2023-08-31 13:22:30,177] {logging_mixin.py:104} INFO - [2023-08-31 13:22:30,176] {dagbag.py:448} INFO - Filling up the DagBag from /opt/airflow/dags/dag_with_catchup_and_backfill.py
[2023-08-31 13:22:30,269] {scheduler_job.py:639} INFO - DAG(s) dict_keys(['dag_with_catchup_backfill_v02']) retrieved from /opt/airflow/dags/dag_with_catchup_and_backfill.py
[2023-08-31 13:22:30,386] {logging_mixin.py:104} INFO - [2023-08-31 13:22:30,386] {dag.py:1818} INFO - Sync 1 DAGs
[2023-08-31 13:22:30,688] {logging_mixin.py:104} INFO - [2023-08-31 13:22:30,687] {dag.py:2273} INFO - Setting next_dagrun for dag_with_catchup_backfill_v02 to 2023-08-30 00:00:00+00:00
[2023-08-31 13:22:30,745] {scheduler_job.py:190} INFO - Processing /opt/airflow/dags/dag_with_catchup_and_backfill.py took 0.589 seconds
[2023-08-31 13:22:41,008] {scheduler_job.py:182} INFO - Started process (PID=3806) to work on /opt/airflow/dags/dag_with_catchup_and_backfill.py
[2023-08-31 13:22:41,019] {scheduler_job.py:629} INFO - Processing file /opt/airflow/dags/dag_with_catchup_and_backfill.py for tasks to queue
[2023-08-31 13:22:41,035] {logging_mixin.py:104} INFO - [2023-08-31 13:22:41,034] {dagbag.py:448} INFO - Filling up the DagBag from /opt/airflow/dags/dag_with_catchup_and_backfill.py
[2023-08-31 13:22:41,162] {scheduler_job.py:639} INFO - DAG(s) dict_keys(['dag_with_catchup_backfill_v02']) retrieved from /opt/airflow/dags/dag_with_catchup_and_backfill.py
[2023-08-31 13:22:41,257] {logging_mixin.py:104} INFO - [2023-08-31 13:22:41,257] {dag.py:1818} INFO - Sync 1 DAGs
[2023-08-31 13:22:41,409] {logging_mixin.py:104} INFO - [2023-08-31 13:22:41,408] {dag.py:2273} INFO - Setting next_dagrun for dag_with_catchup_backfill_v02 to 2023-08-30 00:00:00+00:00
[2023-08-31 13:22:41,441] {scheduler_job.py:190} INFO - Processing /opt/airflow/dags/dag_with_catchup_and_backfill.py took 0.437 seconds
[2023-08-31 13:22:51,611] {scheduler_job.py:182} INFO - Started process (PID=4148) to work on /opt/airflow/dags/dag_with_catchup_and_backfill.py
[2023-08-31 13:22:51,615] {scheduler_job.py:629} INFO - Processing file /opt/airflow/dags/dag_with_catchup_and_backfill.py for tasks to queue
[2023-08-31 13:22:51,617] {logging_mixin.py:104} INFO - [2023-08-31 13:22:51,617] {dagbag.py:448} INFO - Filling up the DagBag from /opt/airflow/dags/dag_with_catchup_and_backfill.py
[2023-08-31 13:22:51,713] {scheduler_job.py:639} INFO - DAG(s) dict_keys(['dag_with_catchup_backfill_v02']) retrieved from /opt/airflow/dags/dag_with_catchup_and_backfill.py
[2023-08-31 13:22:51,863] {logging_mixin.py:104} INFO - [2023-08-31 13:22:51,862] {dag.py:1818} INFO - Sync 1 DAGs
[2023-08-31 13:22:52,041] {logging_mixin.py:104} INFO - [2023-08-31 13:22:52,035] {dag.py:2273} INFO - Setting next_dagrun for dag_with_catchup_backfill_v02 to 2023-08-30 00:00:00+00:00
[2023-08-31 13:22:52,072] {scheduler_job.py:190} INFO - Processing /opt/airflow/dags/dag_with_catchup_and_backfill.py took 0.466 seconds
[2023-08-31 13:23:02,655] {scheduler_job.py:182} INFO - Started process (PID=4508) to work on /opt/airflow/dags/dag_with_catchup_and_backfill.py
[2023-08-31 13:23:02,660] {scheduler_job.py:629} INFO - Processing file /opt/airflow/dags/dag_with_catchup_and_backfill.py for tasks to queue
[2023-08-31 13:23:02,662] {logging_mixin.py:104} INFO - [2023-08-31 13:23:02,662] {dagbag.py:448} INFO - Filling up the DagBag from /opt/airflow/dags/dag_with_catchup_and_backfill.py
[2023-08-31 13:23:02,737] {scheduler_job.py:639} INFO - DAG(s) dict_keys(['dag_with_catchup_backfill_v02']) retrieved from /opt/airflow/dags/dag_with_catchup_and_backfill.py
[2023-08-31 13:23:02,822] {logging_mixin.py:104} INFO - [2023-08-31 13:23:02,821] {dag.py:1818} INFO - Sync 1 DAGs
[2023-08-31 13:23:03,017] {logging_mixin.py:104} INFO - [2023-08-31 13:23:03,017] {dag.py:2273} INFO - Setting next_dagrun for dag_with_catchup_backfill_v02 to 2023-08-30 00:00:00+00:00
[2023-08-31 13:23:03,056] {scheduler_job.py:190} INFO - Processing /opt/airflow/dags/dag_with_catchup_and_backfill.py took 0.406 seconds
[2023-08-31 13:23:13,424] {scheduler_job.py:182} INFO - Started process (PID=4857) to work on /opt/airflow/dags/dag_with_catchup_and_backfill.py
[2023-08-31 13:23:13,441] {scheduler_job.py:629} INFO - Processing file /opt/airflow/dags/dag_with_catchup_and_backfill.py for tasks to queue
[2023-08-31 13:23:13,446] {logging_mixin.py:104} INFO - [2023-08-31 13:23:13,445] {dagbag.py:448} INFO - Filling up the DagBag from /opt/airflow/dags/dag_with_catchup_and_backfill.py
[2023-08-31 13:23:13,549] {scheduler_job.py:639} INFO - DAG(s) dict_keys(['dag_with_catchup_backfill_v02']) retrieved from /opt/airflow/dags/dag_with_catchup_and_backfill.py
[2023-08-31 13:23:13,627] {logging_mixin.py:104} INFO - [2023-08-31 13:23:13,627] {dag.py:1818} INFO - Sync 1 DAGs
[2023-08-31 13:23:13,719] {logging_mixin.py:104} INFO - [2023-08-31 13:23:13,719] {dag.py:2273} INFO - Setting next_dagrun for dag_with_catchup_backfill_v02 to 2023-08-30 00:00:00+00:00
[2023-08-31 13:23:13,733] {scheduler_job.py:190} INFO - Processing /opt/airflow/dags/dag_with_catchup_and_backfill.py took 0.317 seconds
[2023-08-31 13:23:24,073] {scheduler_job.py:182} INFO - Started process (PID=5202) to work on /opt/airflow/dags/dag_with_catchup_and_backfill.py
[2023-08-31 13:23:24,080] {scheduler_job.py:629} INFO - Processing file /opt/airflow/dags/dag_with_catchup_and_backfill.py for tasks to queue
[2023-08-31 13:23:24,086] {logging_mixin.py:104} INFO - [2023-08-31 13:23:24,086] {dagbag.py:448} INFO - Filling up the DagBag from /opt/airflow/dags/dag_with_catchup_and_backfill.py
[2023-08-31 13:23:24,176] {scheduler_job.py:639} INFO - DAG(s) dict_keys(['dag_with_catchup_backfill_v02']) retrieved from /opt/airflow/dags/dag_with_catchup_and_backfill.py
[2023-08-31 13:23:24,255] {logging_mixin.py:104} INFO - [2023-08-31 13:23:24,254] {dag.py:1818} INFO - Sync 1 DAGs
[2023-08-31 13:23:24,364] {logging_mixin.py:104} INFO - [2023-08-31 13:23:24,364] {dag.py:2273} INFO - Setting next_dagrun for dag_with_catchup_backfill_v02 to 2023-08-30 00:00:00+00:00
[2023-08-31 13:23:24,389] {scheduler_job.py:190} INFO - Processing /opt/airflow/dags/dag_with_catchup_and_backfill.py took 0.322 seconds
[2023-08-31 13:23:34,629] {scheduler_job.py:182} INFO - Started process (PID=5549) to work on /opt/airflow/dags/dag_with_catchup_and_backfill.py
[2023-08-31 13:23:34,631] {scheduler_job.py:629} INFO - Processing file /opt/airflow/dags/dag_with_catchup_and_backfill.py for tasks to queue
[2023-08-31 13:23:34,633] {logging_mixin.py:104} INFO - [2023-08-31 13:23:34,633] {dagbag.py:448} INFO - Filling up the DagBag from /opt/airflow/dags/dag_with_catchup_and_backfill.py
[2023-08-31 13:23:34,713] {scheduler_job.py:639} INFO - DAG(s) dict_keys(['dag_with_catchup_backfill_v02']) retrieved from /opt/airflow/dags/dag_with_catchup_and_backfill.py
[2023-08-31 13:23:34,788] {logging_mixin.py:104} INFO - [2023-08-31 13:23:34,787] {dag.py:1818} INFO - Sync 1 DAGs
[2023-08-31 13:23:34,982] {logging_mixin.py:104} INFO - [2023-08-31 13:23:34,982] {dag.py:2273} INFO - Setting next_dagrun for dag_with_catchup_backfill_v02 to 2023-08-30 00:00:00+00:00
[2023-08-31 13:23:35,017] {scheduler_job.py:190} INFO - Processing /opt/airflow/dags/dag_with_catchup_and_backfill.py took 0.394 seconds
[2023-08-31 13:23:45,214] {scheduler_job.py:182} INFO - Started process (PID=5894) to work on /opt/airflow/dags/dag_with_catchup_and_backfill.py
[2023-08-31 13:23:45,216] {scheduler_job.py:629} INFO - Processing file /opt/airflow/dags/dag_with_catchup_and_backfill.py for tasks to queue
[2023-08-31 13:23:45,226] {logging_mixin.py:104} INFO - [2023-08-31 13:23:45,226] {dagbag.py:448} INFO - Filling up the DagBag from /opt/airflow/dags/dag_with_catchup_and_backfill.py
[2023-08-31 13:23:45,347] {scheduler_job.py:639} INFO - DAG(s) dict_keys(['dag_with_catchup_backfill_v02']) retrieved from /opt/airflow/dags/dag_with_catchup_and_backfill.py
[2023-08-31 13:23:45,440] {logging_mixin.py:104} INFO - [2023-08-31 13:23:45,440] {dag.py:1818} INFO - Sync 1 DAGs
[2023-08-31 13:23:45,676] {logging_mixin.py:104} INFO - [2023-08-31 13:23:45,675] {dag.py:2273} INFO - Setting next_dagrun for dag_with_catchup_backfill_v02 to 2023-08-30 00:00:00+00:00
[2023-08-31 13:23:45,698] {scheduler_job.py:190} INFO - Processing /opt/airflow/dags/dag_with_catchup_and_backfill.py took 0.490 seconds
[2023-08-31 13:23:56,446] {scheduler_job.py:182} INFO - Started process (PID=6149) to work on /opt/airflow/dags/dag_with_catchup_and_backfill.py
[2023-08-31 13:23:56,448] {scheduler_job.py:629} INFO - Processing file /opt/airflow/dags/dag_with_catchup_and_backfill.py for tasks to queue
[2023-08-31 13:23:56,450] {logging_mixin.py:104} INFO - [2023-08-31 13:23:56,450] {dagbag.py:448} INFO - Filling up the DagBag from /opt/airflow/dags/dag_with_catchup_and_backfill.py
[2023-08-31 13:23:56,482] {scheduler_job.py:639} INFO - DAG(s) dict_keys(['dag_with_catchup_backfill_v02']) retrieved from /opt/airflow/dags/dag_with_catchup_and_backfill.py
[2023-08-31 13:23:56,518] {logging_mixin.py:104} INFO - [2023-08-31 13:23:56,517] {dag.py:1818} INFO - Sync 1 DAGs
[2023-08-31 13:23:56,586] {logging_mixin.py:104} INFO - [2023-08-31 13:23:56,586] {dag.py:2273} INFO - Setting next_dagrun for dag_with_catchup_backfill_v02 to 2023-08-30 00:00:00+00:00
[2023-08-31 13:23:56,599] {scheduler_job.py:190} INFO - Processing /opt/airflow/dags/dag_with_catchup_and_backfill.py took 0.160 seconds
[2023-08-31 13:24:06,739] {scheduler_job.py:182} INFO - Started process (PID=6203) to work on /opt/airflow/dags/dag_with_catchup_and_backfill.py
[2023-08-31 13:24:06,742] {scheduler_job.py:629} INFO - Processing file /opt/airflow/dags/dag_with_catchup_and_backfill.py for tasks to queue
[2023-08-31 13:24:06,744] {logging_mixin.py:104} INFO - [2023-08-31 13:24:06,743] {dagbag.py:448} INFO - Filling up the DagBag from /opt/airflow/dags/dag_with_catchup_and_backfill.py
[2023-08-31 13:24:06,774] {scheduler_job.py:639} INFO - DAG(s) dict_keys(['dag_with_catchup_backfill_v02']) retrieved from /opt/airflow/dags/dag_with_catchup_and_backfill.py
[2023-08-31 13:24:06,811] {logging_mixin.py:104} INFO - [2023-08-31 13:24:06,811] {dag.py:1818} INFO - Sync 1 DAGs
[2023-08-31 13:24:06,878] {logging_mixin.py:104} INFO - [2023-08-31 13:24:06,877] {dag.py:2273} INFO - Setting next_dagrun for dag_with_catchup_backfill_v02 to 2023-08-30 00:00:00+00:00
[2023-08-31 13:24:06,890] {scheduler_job.py:190} INFO - Processing /opt/airflow/dags/dag_with_catchup_and_backfill.py took 0.158 seconds
