[2023-08-31 13:17:37,992] {scheduler_job.py:182} INFO - Started process (PID=231) to work on /opt/airflow/dags/dag_with_minio_s3.py
[2023-08-31 13:17:37,994] {scheduler_job.py:629} INFO - Processing file /opt/airflow/dags/dag_with_minio_s3.py for tasks to queue
[2023-08-31 13:17:37,996] {logging_mixin.py:104} INFO - [2023-08-31 13:17:37,995] {dagbag.py:448} INFO - Filling up the DagBag from /opt/airflow/dags/dag_with_minio_s3.py
[2023-08-31 13:17:38,854] {scheduler_job.py:639} INFO - DAG(s) dict_keys(['dag_with_minio_s3_v02']) retrieved from /opt/airflow/dags/dag_with_minio_s3.py
[2023-08-31 13:17:38,894] {logging_mixin.py:104} INFO - [2023-08-31 13:17:38,894] {dag.py:1818} INFO - Sync 1 DAGs
[2023-08-31 13:17:38,918] {logging_mixin.py:104} INFO - [2023-08-31 13:17:38,917] {dag.py:1837} INFO - Creating ORM DAG for dag_with_minio_s3_v02
[2023-08-31 13:17:38,951] {logging_mixin.py:104} INFO - [2023-08-31 13:17:38,951] {dag.py:2273} INFO - Setting next_dagrun for dag_with_minio_s3_v02 to 2022-02-12T00:00:00+00:00
[2023-08-31 13:17:38,975] {scheduler_job.py:190} INFO - Processing /opt/airflow/dags/dag_with_minio_s3.py took 0.988 seconds
[2023-08-31 13:17:49,629] {scheduler_job.py:182} INFO - Started process (PID=285) to work on /opt/airflow/dags/dag_with_minio_s3.py
[2023-08-31 13:17:49,632] {scheduler_job.py:629} INFO - Processing file /opt/airflow/dags/dag_with_minio_s3.py for tasks to queue
[2023-08-31 13:17:49,633] {logging_mixin.py:104} INFO - [2023-08-31 13:17:49,633] {dagbag.py:448} INFO - Filling up the DagBag from /opt/airflow/dags/dag_with_minio_s3.py
[2023-08-31 13:17:49,903] {scheduler_job.py:639} INFO - DAG(s) dict_keys(['dag_with_minio_s3_v02']) retrieved from /opt/airflow/dags/dag_with_minio_s3.py
[2023-08-31 13:17:49,938] {logging_mixin.py:104} INFO - [2023-08-31 13:17:49,938] {dag.py:1818} INFO - Sync 1 DAGs
[2023-08-31 13:17:50,029] {logging_mixin.py:104} INFO - [2023-08-31 13:17:50,029] {dag.py:2273} INFO - Setting next_dagrun for dag_with_minio_s3_v02 to 2022-02-12T00:00:00+00:00
[2023-08-31 13:17:50,054] {scheduler_job.py:190} INFO - Processing /opt/airflow/dags/dag_with_minio_s3.py took 0.430 seconds
[2023-08-31 13:18:00,217] {scheduler_job.py:182} INFO - Started process (PID=340) to work on /opt/airflow/dags/dag_with_minio_s3.py
[2023-08-31 13:18:00,225] {scheduler_job.py:629} INFO - Processing file /opt/airflow/dags/dag_with_minio_s3.py for tasks to queue
[2023-08-31 13:18:00,229] {logging_mixin.py:104} INFO - [2023-08-31 13:18:00,229] {dagbag.py:448} INFO - Filling up the DagBag from /opt/airflow/dags/dag_with_minio_s3.py
[2023-08-31 13:18:00,610] {scheduler_job.py:639} INFO - DAG(s) dict_keys(['dag_with_minio_s3_v02']) retrieved from /opt/airflow/dags/dag_with_minio_s3.py
[2023-08-31 13:18:00,640] {logging_mixin.py:104} INFO - [2023-08-31 13:18:00,640] {dag.py:1818} INFO - Sync 1 DAGs
[2023-08-31 13:18:00,725] {logging_mixin.py:104} INFO - [2023-08-31 13:18:00,725] {dag.py:2273} INFO - Setting next_dagrun for dag_with_minio_s3_v02 to 2022-02-12T00:00:00+00:00
[2023-08-31 13:18:00,760] {scheduler_job.py:190} INFO - Processing /opt/airflow/dags/dag_with_minio_s3.py took 0.553 seconds
[2023-08-31 13:18:10,866] {scheduler_job.py:182} INFO - Started process (PID=393) to work on /opt/airflow/dags/dag_with_minio_s3.py
[2023-08-31 13:18:10,875] {scheduler_job.py:629} INFO - Processing file /opt/airflow/dags/dag_with_minio_s3.py for tasks to queue
[2023-08-31 13:18:10,879] {logging_mixin.py:104} INFO - [2023-08-31 13:18:10,879] {dagbag.py:448} INFO - Filling up the DagBag from /opt/airflow/dags/dag_with_minio_s3.py
[2023-08-31 13:18:11,257] {scheduler_job.py:639} INFO - DAG(s) dict_keys(['dag_with_minio_s3_v02']) retrieved from /opt/airflow/dags/dag_with_minio_s3.py
[2023-08-31 13:18:11,300] {logging_mixin.py:104} INFO - [2023-08-31 13:18:11,300] {dag.py:1818} INFO - Sync 1 DAGs
[2023-08-31 13:18:11,365] {logging_mixin.py:104} INFO - [2023-08-31 13:18:11,365] {dag.py:2273} INFO - Setting next_dagrun for dag_with_minio_s3_v02 to 2022-02-12T00:00:00+00:00
[2023-08-31 13:18:11,379] {scheduler_job.py:190} INFO - Processing /opt/airflow/dags/dag_with_minio_s3.py took 0.518 seconds
[2023-08-31 13:18:22,031] {scheduler_job.py:182} INFO - Started process (PID=447) to work on /opt/airflow/dags/dag_with_minio_s3.py
[2023-08-31 13:18:22,034] {scheduler_job.py:629} INFO - Processing file /opt/airflow/dags/dag_with_minio_s3.py for tasks to queue
[2023-08-31 13:18:22,035] {logging_mixin.py:104} INFO - [2023-08-31 13:18:22,035] {dagbag.py:448} INFO - Filling up the DagBag from /opt/airflow/dags/dag_with_minio_s3.py
[2023-08-31 13:18:22,271] {scheduler_job.py:639} INFO - DAG(s) dict_keys(['dag_with_minio_s3_v02']) retrieved from /opt/airflow/dags/dag_with_minio_s3.py
[2023-08-31 13:18:22,304] {logging_mixin.py:104} INFO - [2023-08-31 13:18:22,304] {dag.py:1818} INFO - Sync 1 DAGs
[2023-08-31 13:18:22,358] {logging_mixin.py:104} INFO - [2023-08-31 13:18:22,358] {dag.py:2273} INFO - Setting next_dagrun for dag_with_minio_s3_v02 to 2022-02-12T00:00:00+00:00
[2023-08-31 13:18:22,370] {scheduler_job.py:190} INFO - Processing /opt/airflow/dags/dag_with_minio_s3.py took 0.343 seconds
[2023-08-31 13:18:33,252] {scheduler_job.py:182} INFO - Started process (PID=501) to work on /opt/airflow/dags/dag_with_minio_s3.py
[2023-08-31 13:18:33,255] {scheduler_job.py:629} INFO - Processing file /opt/airflow/dags/dag_with_minio_s3.py for tasks to queue
[2023-08-31 13:18:33,256] {logging_mixin.py:104} INFO - [2023-08-31 13:18:33,256] {dagbag.py:448} INFO - Filling up the DagBag from /opt/airflow/dags/dag_with_minio_s3.py
[2023-08-31 13:18:33,485] {scheduler_job.py:639} INFO - DAG(s) dict_keys(['dag_with_minio_s3_v02']) retrieved from /opt/airflow/dags/dag_with_minio_s3.py
[2023-08-31 13:18:33,519] {logging_mixin.py:104} INFO - [2023-08-31 13:18:33,519] {dag.py:1818} INFO - Sync 1 DAGs
[2023-08-31 13:18:33,573] {logging_mixin.py:104} INFO - [2023-08-31 13:18:33,572] {dag.py:2273} INFO - Setting next_dagrun for dag_with_minio_s3_v02 to 2022-02-12T00:00:00+00:00
[2023-08-31 13:18:33,585] {scheduler_job.py:190} INFO - Processing /opt/airflow/dags/dag_with_minio_s3.py took 0.338 seconds
[2023-08-31 13:18:44,381] {scheduler_job.py:182} INFO - Started process (PID=556) to work on /opt/airflow/dags/dag_with_minio_s3.py
[2023-08-31 13:18:44,384] {scheduler_job.py:629} INFO - Processing file /opt/airflow/dags/dag_with_minio_s3.py for tasks to queue
[2023-08-31 13:18:44,386] {logging_mixin.py:104} INFO - [2023-08-31 13:18:44,386] {dagbag.py:448} INFO - Filling up the DagBag from /opt/airflow/dags/dag_with_minio_s3.py
[2023-08-31 13:18:44,616] {scheduler_job.py:639} INFO - DAG(s) dict_keys(['dag_with_minio_s3_v02']) retrieved from /opt/airflow/dags/dag_with_minio_s3.py
[2023-08-31 13:18:44,651] {logging_mixin.py:104} INFO - [2023-08-31 13:18:44,650] {dag.py:1818} INFO - Sync 1 DAGs
[2023-08-31 13:18:44,705] {logging_mixin.py:104} INFO - [2023-08-31 13:18:44,704] {dag.py:2273} INFO - Setting next_dagrun for dag_with_minio_s3_v02 to 2022-02-12T00:00:00+00:00
[2023-08-31 13:18:44,717] {scheduler_job.py:190} INFO - Processing /opt/airflow/dags/dag_with_minio_s3.py took 0.343 seconds
[2023-08-31 13:18:55,622] {scheduler_job.py:182} INFO - Started process (PID=610) to work on /opt/airflow/dags/dag_with_minio_s3.py
[2023-08-31 13:18:55,625] {scheduler_job.py:629} INFO - Processing file /opt/airflow/dags/dag_with_minio_s3.py for tasks to queue
[2023-08-31 13:18:55,628] {logging_mixin.py:104} INFO - [2023-08-31 13:18:55,627] {dagbag.py:448} INFO - Filling up the DagBag from /opt/airflow/dags/dag_with_minio_s3.py
[2023-08-31 13:18:55,863] {scheduler_job.py:639} INFO - DAG(s) dict_keys(['dag_with_minio_s3_v02']) retrieved from /opt/airflow/dags/dag_with_minio_s3.py
[2023-08-31 13:18:55,895] {logging_mixin.py:104} INFO - [2023-08-31 13:18:55,895] {dag.py:1818} INFO - Sync 1 DAGs
[2023-08-31 13:18:55,949] {logging_mixin.py:104} INFO - [2023-08-31 13:18:55,949] {dag.py:2273} INFO - Setting next_dagrun for dag_with_minio_s3_v02 to 2022-02-12T00:00:00+00:00
[2023-08-31 13:18:55,961] {scheduler_job.py:190} INFO - Processing /opt/airflow/dags/dag_with_minio_s3.py took 0.348 seconds
[2023-08-31 13:19:06,888] {scheduler_job.py:182} INFO - Started process (PID=663) to work on /opt/airflow/dags/dag_with_minio_s3.py
[2023-08-31 13:19:06,892] {scheduler_job.py:629} INFO - Processing file /opt/airflow/dags/dag_with_minio_s3.py for tasks to queue
[2023-08-31 13:19:06,894] {logging_mixin.py:104} INFO - [2023-08-31 13:19:06,893] {dagbag.py:448} INFO - Filling up the DagBag from /opt/airflow/dags/dag_with_minio_s3.py
[2023-08-31 13:19:07,125] {scheduler_job.py:639} INFO - DAG(s) dict_keys(['dag_with_minio_s3_v02']) retrieved from /opt/airflow/dags/dag_with_minio_s3.py
[2023-08-31 13:19:07,159] {logging_mixin.py:104} INFO - [2023-08-31 13:19:07,159] {dag.py:1818} INFO - Sync 1 DAGs
[2023-08-31 13:19:07,213] {logging_mixin.py:104} INFO - [2023-08-31 13:19:07,213] {dag.py:2273} INFO - Setting next_dagrun for dag_with_minio_s3_v02 to 2022-02-12T00:00:00+00:00
[2023-08-31 13:19:07,225] {scheduler_job.py:190} INFO - Processing /opt/airflow/dags/dag_with_minio_s3.py took 0.347 seconds
[2023-08-31 13:19:18,039] {scheduler_job.py:182} INFO - Started process (PID=717) to work on /opt/airflow/dags/dag_with_minio_s3.py
[2023-08-31 13:19:18,043] {scheduler_job.py:629} INFO - Processing file /opt/airflow/dags/dag_with_minio_s3.py for tasks to queue
[2023-08-31 13:19:18,045] {logging_mixin.py:104} INFO - [2023-08-31 13:19:18,045] {dagbag.py:448} INFO - Filling up the DagBag from /opt/airflow/dags/dag_with_minio_s3.py
[2023-08-31 13:19:18,284] {scheduler_job.py:639} INFO - DAG(s) dict_keys(['dag_with_minio_s3_v02']) retrieved from /opt/airflow/dags/dag_with_minio_s3.py
[2023-08-31 13:19:18,319] {logging_mixin.py:104} INFO - [2023-08-31 13:19:18,319] {dag.py:1818} INFO - Sync 1 DAGs
[2023-08-31 13:19:18,371] {logging_mixin.py:104} INFO - [2023-08-31 13:19:18,371] {dag.py:2273} INFO - Setting next_dagrun for dag_with_minio_s3_v02 to 2022-02-12T00:00:00+00:00
[2023-08-31 13:19:18,383] {scheduler_job.py:190} INFO - Processing /opt/airflow/dags/dag_with_minio_s3.py took 0.352 seconds
[2023-08-31 13:19:29,241] {scheduler_job.py:182} INFO - Started process (PID=772) to work on /opt/airflow/dags/dag_with_minio_s3.py
[2023-08-31 13:19:29,245] {scheduler_job.py:629} INFO - Processing file /opt/airflow/dags/dag_with_minio_s3.py for tasks to queue
[2023-08-31 13:19:29,247] {logging_mixin.py:104} INFO - [2023-08-31 13:19:29,247] {dagbag.py:448} INFO - Filling up the DagBag from /opt/airflow/dags/dag_with_minio_s3.py
[2023-08-31 13:19:29,481] {scheduler_job.py:639} INFO - DAG(s) dict_keys(['dag_with_minio_s3_v02']) retrieved from /opt/airflow/dags/dag_with_minio_s3.py
[2023-08-31 13:19:29,515] {logging_mixin.py:104} INFO - [2023-08-31 13:19:29,515] {dag.py:1818} INFO - Sync 1 DAGs
[2023-08-31 13:19:29,574] {logging_mixin.py:104} INFO - [2023-08-31 13:19:29,574] {dag.py:2273} INFO - Setting next_dagrun for dag_with_minio_s3_v02 to 2022-02-12T00:00:00+00:00
[2023-08-31 13:19:29,585] {scheduler_job.py:190} INFO - Processing /opt/airflow/dags/dag_with_minio_s3.py took 0.352 seconds
[2023-08-31 13:19:40,596] {scheduler_job.py:182} INFO - Started process (PID=826) to work on /opt/airflow/dags/dag_with_minio_s3.py
[2023-08-31 13:19:40,599] {scheduler_job.py:629} INFO - Processing file /opt/airflow/dags/dag_with_minio_s3.py for tasks to queue
[2023-08-31 13:19:40,601] {logging_mixin.py:104} INFO - [2023-08-31 13:19:40,601] {dagbag.py:448} INFO - Filling up the DagBag from /opt/airflow/dags/dag_with_minio_s3.py
[2023-08-31 13:19:40,834] {scheduler_job.py:639} INFO - DAG(s) dict_keys(['dag_with_minio_s3_v02']) retrieved from /opt/airflow/dags/dag_with_minio_s3.py
[2023-08-31 13:19:40,868] {logging_mixin.py:104} INFO - [2023-08-31 13:19:40,868] {dag.py:1818} INFO - Sync 1 DAGs
[2023-08-31 13:19:40,922] {logging_mixin.py:104} INFO - [2023-08-31 13:19:40,922] {dag.py:2273} INFO - Setting next_dagrun for dag_with_minio_s3_v02 to 2022-02-12T00:00:00+00:00
[2023-08-31 13:19:40,935] {scheduler_job.py:190} INFO - Processing /opt/airflow/dags/dag_with_minio_s3.py took 0.347 seconds
[2023-08-31 13:19:51,784] {scheduler_job.py:182} INFO - Started process (PID=879) to work on /opt/airflow/dags/dag_with_minio_s3.py
[2023-08-31 13:19:51,788] {scheduler_job.py:629} INFO - Processing file /opt/airflow/dags/dag_with_minio_s3.py for tasks to queue
[2023-08-31 13:19:51,791] {logging_mixin.py:104} INFO - [2023-08-31 13:19:51,790] {dagbag.py:448} INFO - Filling up the DagBag from /opt/airflow/dags/dag_with_minio_s3.py
[2023-08-31 13:19:52,033] {scheduler_job.py:639} INFO - DAG(s) dict_keys(['dag_with_minio_s3_v02']) retrieved from /opt/airflow/dags/dag_with_minio_s3.py
[2023-08-31 13:19:52,067] {logging_mixin.py:104} INFO - [2023-08-31 13:19:52,067] {dag.py:1818} INFO - Sync 1 DAGs
[2023-08-31 13:19:52,121] {logging_mixin.py:104} INFO - [2023-08-31 13:19:52,120] {dag.py:2273} INFO - Setting next_dagrun for dag_with_minio_s3_v02 to 2022-02-12T00:00:00+00:00
[2023-08-31 13:19:52,133] {scheduler_job.py:190} INFO - Processing /opt/airflow/dags/dag_with_minio_s3.py took 0.355 seconds
[2023-08-31 13:20:03,015] {scheduler_job.py:182} INFO - Started process (PID=933) to work on /opt/airflow/dags/dag_with_minio_s3.py
[2023-08-31 13:20:03,019] {scheduler_job.py:629} INFO - Processing file /opt/airflow/dags/dag_with_minio_s3.py for tasks to queue
[2023-08-31 13:20:03,021] {logging_mixin.py:104} INFO - [2023-08-31 13:20:03,021] {dagbag.py:448} INFO - Filling up the DagBag from /opt/airflow/dags/dag_with_minio_s3.py
[2023-08-31 13:20:03,255] {scheduler_job.py:639} INFO - DAG(s) dict_keys(['dag_with_minio_s3_v02']) retrieved from /opt/airflow/dags/dag_with_minio_s3.py
[2023-08-31 13:20:03,290] {logging_mixin.py:104} INFO - [2023-08-31 13:20:03,290] {dag.py:1818} INFO - Sync 1 DAGs
[2023-08-31 13:20:03,343] {logging_mixin.py:104} INFO - [2023-08-31 13:20:03,343] {dag.py:2273} INFO - Setting next_dagrun for dag_with_minio_s3_v02 to 2022-02-12T00:00:00+00:00
[2023-08-31 13:20:03,355] {scheduler_job.py:190} INFO - Processing /opt/airflow/dags/dag_with_minio_s3.py took 0.347 seconds
[2023-08-31 13:20:14,368] {scheduler_job.py:182} INFO - Started process (PID=1001) to work on /opt/airflow/dags/dag_with_minio_s3.py
[2023-08-31 13:20:14,371] {scheduler_job.py:629} INFO - Processing file /opt/airflow/dags/dag_with_minio_s3.py for tasks to queue
[2023-08-31 13:20:14,375] {logging_mixin.py:104} INFO - [2023-08-31 13:20:14,375] {dagbag.py:448} INFO - Filling up the DagBag from /opt/airflow/dags/dag_with_minio_s3.py
[2023-08-31 13:20:14,628] {scheduler_job.py:639} INFO - DAG(s) dict_keys(['dag_with_minio_s3_v02']) retrieved from /opt/airflow/dags/dag_with_minio_s3.py
[2023-08-31 13:20:14,661] {logging_mixin.py:104} INFO - [2023-08-31 13:20:14,661] {dag.py:1818} INFO - Sync 1 DAGs
[2023-08-31 13:20:14,715] {logging_mixin.py:104} INFO - [2023-08-31 13:20:14,715] {dag.py:2273} INFO - Setting next_dagrun for dag_with_minio_s3_v02 to 2022-02-12T00:00:00+00:00
[2023-08-31 13:20:14,727] {scheduler_job.py:190} INFO - Processing /opt/airflow/dags/dag_with_minio_s3.py took 0.366 seconds
[2023-08-31 13:20:25,733] {scheduler_job.py:182} INFO - Started process (PID=1057) to work on /opt/airflow/dags/dag_with_minio_s3.py
[2023-08-31 13:20:25,736] {scheduler_job.py:629} INFO - Processing file /opt/airflow/dags/dag_with_minio_s3.py for tasks to queue
[2023-08-31 13:20:25,738] {logging_mixin.py:104} INFO - [2023-08-31 13:20:25,737] {dagbag.py:448} INFO - Filling up the DagBag from /opt/airflow/dags/dag_with_minio_s3.py
[2023-08-31 13:20:25,979] {scheduler_job.py:639} INFO - DAG(s) dict_keys(['dag_with_minio_s3_v02']) retrieved from /opt/airflow/dags/dag_with_minio_s3.py
[2023-08-31 13:20:26,013] {logging_mixin.py:104} INFO - [2023-08-31 13:20:26,012] {dag.py:1818} INFO - Sync 1 DAGs
[2023-08-31 13:20:26,068] {logging_mixin.py:104} INFO - [2023-08-31 13:20:26,068] {dag.py:2273} INFO - Setting next_dagrun for dag_with_minio_s3_v02 to 2022-02-12T00:00:00+00:00
[2023-08-31 13:20:26,081] {scheduler_job.py:190} INFO - Processing /opt/airflow/dags/dag_with_minio_s3.py took 0.353 seconds
[2023-08-31 13:20:36,505] {scheduler_job.py:182} INFO - Started process (PID=1107) to work on /opt/airflow/dags/dag_with_minio_s3.py
[2023-08-31 13:20:36,509] {scheduler_job.py:629} INFO - Processing file /opt/airflow/dags/dag_with_minio_s3.py for tasks to queue
[2023-08-31 13:20:36,511] {logging_mixin.py:104} INFO - [2023-08-31 13:20:36,510] {dagbag.py:448} INFO - Filling up the DagBag from /opt/airflow/dags/dag_with_minio_s3.py
[2023-08-31 13:20:36,752] {scheduler_job.py:639} INFO - DAG(s) dict_keys(['dag_with_minio_s3_v02']) retrieved from /opt/airflow/dags/dag_with_minio_s3.py
[2023-08-31 13:20:36,792] {logging_mixin.py:104} INFO - [2023-08-31 13:20:36,792] {dag.py:1818} INFO - Sync 1 DAGs
[2023-08-31 13:20:36,852] {logging_mixin.py:104} INFO - [2023-08-31 13:20:36,851] {dag.py:2273} INFO - Setting next_dagrun for dag_with_minio_s3_v02 to 2022-02-12T00:00:00+00:00
[2023-08-31 13:20:36,865] {scheduler_job.py:190} INFO - Processing /opt/airflow/dags/dag_with_minio_s3.py took 0.365 seconds
[2023-08-31 13:20:47,662] {scheduler_job.py:182} INFO - Started process (PID=1161) to work on /opt/airflow/dags/dag_with_minio_s3.py
[2023-08-31 13:20:47,664] {scheduler_job.py:629} INFO - Processing file /opt/airflow/dags/dag_with_minio_s3.py for tasks to queue
[2023-08-31 13:20:47,666] {logging_mixin.py:104} INFO - [2023-08-31 13:20:47,666] {dagbag.py:448} INFO - Filling up the DagBag from /opt/airflow/dags/dag_with_minio_s3.py
[2023-08-31 13:20:47,906] {scheduler_job.py:639} INFO - DAG(s) dict_keys(['dag_with_minio_s3_v02']) retrieved from /opt/airflow/dags/dag_with_minio_s3.py
[2023-08-31 13:20:47,945] {logging_mixin.py:104} INFO - [2023-08-31 13:20:47,945] {dag.py:1818} INFO - Sync 1 DAGs
[2023-08-31 13:20:48,000] {logging_mixin.py:104} INFO - [2023-08-31 13:20:48,000] {dag.py:2273} INFO - Setting next_dagrun for dag_with_minio_s3_v02 to 2022-02-12T00:00:00+00:00
[2023-08-31 13:20:48,013] {scheduler_job.py:190} INFO - Processing /opt/airflow/dags/dag_with_minio_s3.py took 0.356 seconds
[2023-08-31 13:20:58,953] {scheduler_job.py:182} INFO - Started process (PID=1216) to work on /opt/airflow/dags/dag_with_minio_s3.py
[2023-08-31 13:20:58,957] {scheduler_job.py:629} INFO - Processing file /opt/airflow/dags/dag_with_minio_s3.py for tasks to queue
[2023-08-31 13:20:58,959] {logging_mixin.py:104} INFO - [2023-08-31 13:20:58,959] {dagbag.py:448} INFO - Filling up the DagBag from /opt/airflow/dags/dag_with_minio_s3.py
[2023-08-31 13:20:59,195] {scheduler_job.py:639} INFO - DAG(s) dict_keys(['dag_with_minio_s3_v02']) retrieved from /opt/airflow/dags/dag_with_minio_s3.py
[2023-08-31 13:20:59,230] {logging_mixin.py:104} INFO - [2023-08-31 13:20:59,229] {dag.py:1818} INFO - Sync 1 DAGs
[2023-08-31 13:20:59,283] {logging_mixin.py:104} INFO - [2023-08-31 13:20:59,283] {dag.py:2273} INFO - Setting next_dagrun for dag_with_minio_s3_v02 to 2022-02-12T00:00:00+00:00
[2023-08-31 13:20:59,295] {scheduler_job.py:190} INFO - Processing /opt/airflow/dags/dag_with_minio_s3.py took 0.349 seconds
[2023-08-31 13:21:10,099] {scheduler_job.py:182} INFO - Started process (PID=1269) to work on /opt/airflow/dags/dag_with_minio_s3.py
[2023-08-31 13:21:10,101] {scheduler_job.py:629} INFO - Processing file /opt/airflow/dags/dag_with_minio_s3.py for tasks to queue
[2023-08-31 13:21:10,103] {logging_mixin.py:104} INFO - [2023-08-31 13:21:10,103] {dagbag.py:448} INFO - Filling up the DagBag from /opt/airflow/dags/dag_with_minio_s3.py
[2023-08-31 13:21:10,372] {scheduler_job.py:639} INFO - DAG(s) dict_keys(['dag_with_minio_s3_v02']) retrieved from /opt/airflow/dags/dag_with_minio_s3.py
[2023-08-31 13:21:10,408] {logging_mixin.py:104} INFO - [2023-08-31 13:21:10,408] {dag.py:1818} INFO - Sync 1 DAGs
[2023-08-31 13:21:10,465] {logging_mixin.py:104} INFO - [2023-08-31 13:21:10,465] {dag.py:2273} INFO - Setting next_dagrun for dag_with_minio_s3_v02 to 2022-02-12T00:00:00+00:00
[2023-08-31 13:21:10,478] {scheduler_job.py:190} INFO - Processing /opt/airflow/dags/dag_with_minio_s3.py took 0.384 seconds
[2023-08-31 13:21:21,273] {scheduler_job.py:182} INFO - Started process (PID=1323) to work on /opt/airflow/dags/dag_with_minio_s3.py
[2023-08-31 13:21:21,276] {scheduler_job.py:629} INFO - Processing file /opt/airflow/dags/dag_with_minio_s3.py for tasks to queue
[2023-08-31 13:21:21,278] {logging_mixin.py:104} INFO - [2023-08-31 13:21:21,278] {dagbag.py:448} INFO - Filling up the DagBag from /opt/airflow/dags/dag_with_minio_s3.py
[2023-08-31 13:21:21,508] {scheduler_job.py:639} INFO - DAG(s) dict_keys(['dag_with_minio_s3_v02']) retrieved from /opt/airflow/dags/dag_with_minio_s3.py
[2023-08-31 13:21:21,541] {logging_mixin.py:104} INFO - [2023-08-31 13:21:21,540] {dag.py:1818} INFO - Sync 1 DAGs
[2023-08-31 13:21:21,593] {logging_mixin.py:104} INFO - [2023-08-31 13:21:21,593] {dag.py:2273} INFO - Setting next_dagrun for dag_with_minio_s3_v02 to 2022-02-12T00:00:00+00:00
[2023-08-31 13:21:21,606] {scheduler_job.py:190} INFO - Processing /opt/airflow/dags/dag_with_minio_s3.py took 0.338 seconds
[2023-08-31 13:21:31,950] {scheduler_job.py:182} INFO - Started process (PID=1590) to work on /opt/airflow/dags/dag_with_minio_s3.py
[2023-08-31 13:21:31,956] {scheduler_job.py:629} INFO - Processing file /opt/airflow/dags/dag_with_minio_s3.py for tasks to queue
[2023-08-31 13:21:31,963] {logging_mixin.py:104} INFO - [2023-08-31 13:21:31,962] {dagbag.py:448} INFO - Filling up the DagBag from /opt/airflow/dags/dag_with_minio_s3.py
[2023-08-31 13:21:32,454] {scheduler_job.py:639} INFO - DAG(s) dict_keys(['dag_with_minio_s3_v02']) retrieved from /opt/airflow/dags/dag_with_minio_s3.py
[2023-08-31 13:21:32,553] {logging_mixin.py:104} INFO - [2023-08-31 13:21:32,553] {dag.py:1818} INFO - Sync 1 DAGs
[2023-08-31 13:21:32,753] {logging_mixin.py:104} INFO - [2023-08-31 13:21:32,752] {dag.py:2273} INFO - Setting next_dagrun for dag_with_minio_s3_v02 to 2022-02-12T00:00:00+00:00
[2023-08-31 13:21:32,795] {scheduler_job.py:190} INFO - Processing /opt/airflow/dags/dag_with_minio_s3.py took 0.855 seconds
[2023-08-31 13:21:42,922] {scheduler_job.py:182} INFO - Started process (PID=1954) to work on /opt/airflow/dags/dag_with_minio_s3.py
[2023-08-31 13:21:42,924] {scheduler_job.py:629} INFO - Processing file /opt/airflow/dags/dag_with_minio_s3.py for tasks to queue
[2023-08-31 13:21:42,925] {logging_mixin.py:104} INFO - [2023-08-31 13:21:42,925] {dagbag.py:448} INFO - Filling up the DagBag from /opt/airflow/dags/dag_with_minio_s3.py
[2023-08-31 13:21:43,487] {scheduler_job.py:639} INFO - DAG(s) dict_keys(['dag_with_minio_s3_v02']) retrieved from /opt/airflow/dags/dag_with_minio_s3.py
[2023-08-31 13:21:43,547] {logging_mixin.py:104} INFO - [2023-08-31 13:21:43,546] {dag.py:1818} INFO - Sync 1 DAGs
[2023-08-31 13:21:43,712] {logging_mixin.py:104} INFO - [2023-08-31 13:21:43,712] {dag.py:2273} INFO - Setting next_dagrun for dag_with_minio_s3_v02 to 2022-02-12T00:00:00+00:00
[2023-08-31 13:21:43,745] {scheduler_job.py:190} INFO - Processing /opt/airflow/dags/dag_with_minio_s3.py took 0.828 seconds
[2023-08-31 13:21:53,941] {scheduler_job.py:182} INFO - Started process (PID=2295) to work on /opt/airflow/dags/dag_with_minio_s3.py
[2023-08-31 13:21:53,944] {scheduler_job.py:629} INFO - Processing file /opt/airflow/dags/dag_with_minio_s3.py for tasks to queue
[2023-08-31 13:21:53,946] {logging_mixin.py:104} INFO - [2023-08-31 13:21:53,946] {dagbag.py:448} INFO - Filling up the DagBag from /opt/airflow/dags/dag_with_minio_s3.py
[2023-08-31 13:21:54,803] {scheduler_job.py:639} INFO - DAG(s) dict_keys(['dag_with_minio_s3_v02']) retrieved from /opt/airflow/dags/dag_with_minio_s3.py
[2023-08-31 13:21:54,898] {logging_mixin.py:104} INFO - [2023-08-31 13:21:54,897] {dag.py:1818} INFO - Sync 1 DAGs
[2023-08-31 13:21:55,073] {logging_mixin.py:104} INFO - [2023-08-31 13:21:55,072] {dag.py:2273} INFO - Setting next_dagrun for dag_with_minio_s3_v02 to 2022-02-12T00:00:00+00:00
[2023-08-31 13:21:55,135] {scheduler_job.py:190} INFO - Processing /opt/airflow/dags/dag_with_minio_s3.py took 1.199 seconds
[2023-08-31 13:22:05,288] {scheduler_job.py:182} INFO - Started process (PID=2639) to work on /opt/airflow/dags/dag_with_minio_s3.py
[2023-08-31 13:22:05,298] {scheduler_job.py:629} INFO - Processing file /opt/airflow/dags/dag_with_minio_s3.py for tasks to queue
[2023-08-31 13:22:05,305] {logging_mixin.py:104} INFO - [2023-08-31 13:22:05,304] {dagbag.py:448} INFO - Filling up the DagBag from /opt/airflow/dags/dag_with_minio_s3.py
[2023-08-31 13:22:06,099] {scheduler_job.py:639} INFO - DAG(s) dict_keys(['dag_with_minio_s3_v02']) retrieved from /opt/airflow/dags/dag_with_minio_s3.py
[2023-08-31 13:22:06,168] {logging_mixin.py:104} INFO - [2023-08-31 13:22:06,168] {dag.py:1818} INFO - Sync 1 DAGs
[2023-08-31 13:22:06,347] {logging_mixin.py:104} INFO - [2023-08-31 13:22:06,347] {dag.py:2273} INFO - Setting next_dagrun for dag_with_minio_s3_v02 to 2022-02-12T00:00:00+00:00
[2023-08-31 13:22:06,374] {scheduler_job.py:190} INFO - Processing /opt/airflow/dags/dag_with_minio_s3.py took 1.091 seconds
[2023-08-31 13:22:16,744] {scheduler_job.py:182} INFO - Started process (PID=3002) to work on /opt/airflow/dags/dag_with_minio_s3.py
[2023-08-31 13:22:16,757] {scheduler_job.py:629} INFO - Processing file /opt/airflow/dags/dag_with_minio_s3.py for tasks to queue
[2023-08-31 13:22:16,764] {logging_mixin.py:104} INFO - [2023-08-31 13:22:16,764] {dagbag.py:448} INFO - Filling up the DagBag from /opt/airflow/dags/dag_with_minio_s3.py
[2023-08-31 13:22:17,382] {scheduler_job.py:639} INFO - DAG(s) dict_keys(['dag_with_minio_s3_v02']) retrieved from /opt/airflow/dags/dag_with_minio_s3.py
[2023-08-31 13:22:17,427] {logging_mixin.py:104} INFO - [2023-08-31 13:22:17,426] {dag.py:1818} INFO - Sync 1 DAGs
[2023-08-31 13:22:17,558] {logging_mixin.py:104} INFO - [2023-08-31 13:22:17,557] {dag.py:2273} INFO - Setting next_dagrun for dag_with_minio_s3_v02 to 2022-02-12T00:00:00+00:00
[2023-08-31 13:22:17,611] {scheduler_job.py:190} INFO - Processing /opt/airflow/dags/dag_with_minio_s3.py took 0.876 seconds
[2023-08-31 13:22:27,808] {scheduler_job.py:182} INFO - Started process (PID=3356) to work on /opt/airflow/dags/dag_with_minio_s3.py
[2023-08-31 13:22:27,815] {scheduler_job.py:629} INFO - Processing file /opt/airflow/dags/dag_with_minio_s3.py for tasks to queue
[2023-08-31 13:22:27,827] {logging_mixin.py:104} INFO - [2023-08-31 13:22:27,827] {dagbag.py:448} INFO - Filling up the DagBag from /opt/airflow/dags/dag_with_minio_s3.py
[2023-08-31 13:22:28,224] {scheduler_job.py:639} INFO - DAG(s) dict_keys(['dag_with_minio_s3_v02']) retrieved from /opt/airflow/dags/dag_with_minio_s3.py
[2023-08-31 13:22:28,296] {logging_mixin.py:104} INFO - [2023-08-31 13:22:28,296] {dag.py:1818} INFO - Sync 1 DAGs
[2023-08-31 13:22:28,399] {logging_mixin.py:104} INFO - [2023-08-31 13:22:28,398] {dag.py:2273} INFO - Setting next_dagrun for dag_with_minio_s3_v02 to 2022-02-12T00:00:00+00:00
[2023-08-31 13:22:28,416] {scheduler_job.py:190} INFO - Processing /opt/airflow/dags/dag_with_minio_s3.py took 0.613 seconds
[2023-08-31 13:22:38,903] {scheduler_job.py:182} INFO - Started process (PID=3721) to work on /opt/airflow/dags/dag_with_minio_s3.py
[2023-08-31 13:22:38,906] {scheduler_job.py:629} INFO - Processing file /opt/airflow/dags/dag_with_minio_s3.py for tasks to queue
[2023-08-31 13:22:38,907] {logging_mixin.py:104} INFO - [2023-08-31 13:22:38,907] {dagbag.py:448} INFO - Filling up the DagBag from /opt/airflow/dags/dag_with_minio_s3.py
[2023-08-31 13:22:39,710] {scheduler_job.py:639} INFO - DAG(s) dict_keys(['dag_with_minio_s3_v02']) retrieved from /opt/airflow/dags/dag_with_minio_s3.py
[2023-08-31 13:22:39,786] {logging_mixin.py:104} INFO - [2023-08-31 13:22:39,785] {dag.py:1818} INFO - Sync 1 DAGs
[2023-08-31 13:22:39,922] {logging_mixin.py:104} INFO - [2023-08-31 13:22:39,921] {dag.py:2273} INFO - Setting next_dagrun for dag_with_minio_s3_v02 to 2022-02-12T00:00:00+00:00
[2023-08-31 13:22:39,975] {scheduler_job.py:190} INFO - Processing /opt/airflow/dags/dag_with_minio_s3.py took 1.080 seconds
[2023-08-31 13:22:50,317] {scheduler_job.py:182} INFO - Started process (PID=4094) to work on /opt/airflow/dags/dag_with_minio_s3.py
[2023-08-31 13:22:50,320] {scheduler_job.py:629} INFO - Processing file /opt/airflow/dags/dag_with_minio_s3.py for tasks to queue
[2023-08-31 13:22:50,323] {logging_mixin.py:104} INFO - [2023-08-31 13:22:50,322] {dagbag.py:448} INFO - Filling up the DagBag from /opt/airflow/dags/dag_with_minio_s3.py
[2023-08-31 13:22:50,867] {scheduler_job.py:639} INFO - DAG(s) dict_keys(['dag_with_minio_s3_v02']) retrieved from /opt/airflow/dags/dag_with_minio_s3.py
[2023-08-31 13:22:50,976] {logging_mixin.py:104} INFO - [2023-08-31 13:22:50,976] {dag.py:1818} INFO - Sync 1 DAGs
[2023-08-31 13:22:51,176] {logging_mixin.py:104} INFO - [2023-08-31 13:22:51,175] {dag.py:2273} INFO - Setting next_dagrun for dag_with_minio_s3_v02 to 2022-02-12T00:00:00+00:00
[2023-08-31 13:22:51,206] {scheduler_job.py:190} INFO - Processing /opt/airflow/dags/dag_with_minio_s3.py took 0.894 seconds
[2023-08-31 13:23:01,718] {scheduler_job.py:182} INFO - Started process (PID=4467) to work on /opt/airflow/dags/dag_with_minio_s3.py
[2023-08-31 13:23:01,726] {scheduler_job.py:629} INFO - Processing file /opt/airflow/dags/dag_with_minio_s3.py for tasks to queue
[2023-08-31 13:23:01,729] {logging_mixin.py:104} INFO - [2023-08-31 13:23:01,729] {dagbag.py:448} INFO - Filling up the DagBag from /opt/airflow/dags/dag_with_minio_s3.py
[2023-08-31 13:23:02,264] {scheduler_job.py:639} INFO - DAG(s) dict_keys(['dag_with_minio_s3_v02']) retrieved from /opt/airflow/dags/dag_with_minio_s3.py
[2023-08-31 13:23:02,357] {logging_mixin.py:104} INFO - [2023-08-31 13:23:02,355] {dag.py:1818} INFO - Sync 1 DAGs
[2023-08-31 13:23:02,494] {logging_mixin.py:104} INFO - [2023-08-31 13:23:02,494] {dag.py:2273} INFO - Setting next_dagrun for dag_with_minio_s3_v02 to 2022-02-12T00:00:00+00:00
[2023-08-31 13:23:02,537] {scheduler_job.py:190} INFO - Processing /opt/airflow/dags/dag_with_minio_s3.py took 0.826 seconds
[2023-08-31 13:23:12,752] {scheduler_job.py:182} INFO - Started process (PID=4825) to work on /opt/airflow/dags/dag_with_minio_s3.py
[2023-08-31 13:23:12,768] {scheduler_job.py:629} INFO - Processing file /opt/airflow/dags/dag_with_minio_s3.py for tasks to queue
[2023-08-31 13:23:12,770] {logging_mixin.py:104} INFO - [2023-08-31 13:23:12,770] {dagbag.py:448} INFO - Filling up the DagBag from /opt/airflow/dags/dag_with_minio_s3.py
[2023-08-31 13:23:13,820] {scheduler_job.py:639} INFO - DAG(s) dict_keys(['dag_with_minio_s3_v02']) retrieved from /opt/airflow/dags/dag_with_minio_s3.py
[2023-08-31 13:23:13,923] {logging_mixin.py:104} INFO - [2023-08-31 13:23:13,923] {dag.py:1818} INFO - Sync 1 DAGs
[2023-08-31 13:23:14,055] {logging_mixin.py:104} INFO - [2023-08-31 13:23:14,054] {dag.py:2273} INFO - Setting next_dagrun for dag_with_minio_s3_v02 to 2022-02-12T00:00:00+00:00
[2023-08-31 13:23:14,097] {scheduler_job.py:190} INFO - Processing /opt/airflow/dags/dag_with_minio_s3.py took 1.351 seconds
[2023-08-31 13:23:24,510] {scheduler_job.py:182} INFO - Started process (PID=5221) to work on /opt/airflow/dags/dag_with_minio_s3.py
[2023-08-31 13:23:24,531] {scheduler_job.py:629} INFO - Processing file /opt/airflow/dags/dag_with_minio_s3.py for tasks to queue
[2023-08-31 13:23:24,541] {logging_mixin.py:104} INFO - [2023-08-31 13:23:24,537] {dagbag.py:448} INFO - Filling up the DagBag from /opt/airflow/dags/dag_with_minio_s3.py
[2023-08-31 13:23:25,438] {scheduler_job.py:639} INFO - DAG(s) dict_keys(['dag_with_minio_s3_v02']) retrieved from /opt/airflow/dags/dag_with_minio_s3.py
[2023-08-31 13:23:25,558] {logging_mixin.py:104} INFO - [2023-08-31 13:23:25,557] {dag.py:1818} INFO - Sync 1 DAGs
[2023-08-31 13:23:25,763] {logging_mixin.py:104} INFO - [2023-08-31 13:23:25,763] {dag.py:2273} INFO - Setting next_dagrun for dag_with_minio_s3_v02 to 2022-02-12T00:00:00+00:00
[2023-08-31 13:23:25,802] {scheduler_job.py:190} INFO - Processing /opt/airflow/dags/dag_with_minio_s3.py took 1.296 seconds
[2023-08-31 13:23:36,155] {scheduler_job.py:182} INFO - Started process (PID=5600) to work on /opt/airflow/dags/dag_with_minio_s3.py
[2023-08-31 13:23:36,160] {scheduler_job.py:629} INFO - Processing file /opt/airflow/dags/dag_with_minio_s3.py for tasks to queue
[2023-08-31 13:23:36,166] {logging_mixin.py:104} INFO - [2023-08-31 13:23:36,166] {dagbag.py:448} INFO - Filling up the DagBag from /opt/airflow/dags/dag_with_minio_s3.py
[2023-08-31 13:23:37,023] {scheduler_job.py:639} INFO - DAG(s) dict_keys(['dag_with_minio_s3_v02']) retrieved from /opt/airflow/dags/dag_with_minio_s3.py
[2023-08-31 13:23:37,127] {logging_mixin.py:104} INFO - [2023-08-31 13:23:37,126] {dag.py:1818} INFO - Sync 1 DAGs
[2023-08-31 13:23:37,263] {logging_mixin.py:104} INFO - [2023-08-31 13:23:37,263] {dag.py:2273} INFO - Setting next_dagrun for dag_with_minio_s3_v02 to 2022-02-12T00:00:00+00:00
[2023-08-31 13:23:37,301] {scheduler_job.py:190} INFO - Processing /opt/airflow/dags/dag_with_minio_s3.py took 1.156 seconds
[2023-08-31 13:23:47,761] {scheduler_job.py:182} INFO - Started process (PID=5992) to work on /opt/airflow/dags/dag_with_minio_s3.py
[2023-08-31 13:23:47,766] {scheduler_job.py:629} INFO - Processing file /opt/airflow/dags/dag_with_minio_s3.py for tasks to queue
[2023-08-31 13:23:47,770] {logging_mixin.py:104} INFO - [2023-08-31 13:23:47,770] {dagbag.py:448} INFO - Filling up the DagBag from /opt/airflow/dags/dag_with_minio_s3.py
[2023-08-31 13:23:48,716] {scheduler_job.py:639} INFO - DAG(s) dict_keys(['dag_with_minio_s3_v02']) retrieved from /opt/airflow/dags/dag_with_minio_s3.py
[2023-08-31 13:23:48,794] {logging_mixin.py:104} INFO - [2023-08-31 13:23:48,789] {dag.py:1818} INFO - Sync 1 DAGs
[2023-08-31 13:23:48,969] {logging_mixin.py:104} INFO - [2023-08-31 13:23:48,968] {dag.py:2273} INFO - Setting next_dagrun for dag_with_minio_s3_v02 to 2022-02-12T00:00:00+00:00
[2023-08-31 13:23:49,013] {scheduler_job.py:190} INFO - Processing /opt/airflow/dags/dag_with_minio_s3.py took 1.260 seconds
[2023-08-31 13:23:59,852] {scheduler_job.py:182} INFO - Started process (PID=6173) to work on /opt/airflow/dags/dag_with_minio_s3.py
[2023-08-31 13:23:59,855] {scheduler_job.py:629} INFO - Processing file /opt/airflow/dags/dag_with_minio_s3.py for tasks to queue
[2023-08-31 13:23:59,857] {logging_mixin.py:104} INFO - [2023-08-31 13:23:59,856] {dagbag.py:448} INFO - Filling up the DagBag from /opt/airflow/dags/dag_with_minio_s3.py
[2023-08-31 13:24:00,086] {scheduler_job.py:639} INFO - DAG(s) dict_keys(['dag_with_minio_s3_v02']) retrieved from /opt/airflow/dags/dag_with_minio_s3.py
[2023-08-31 13:24:00,121] {logging_mixin.py:104} INFO - [2023-08-31 13:24:00,121] {dag.py:1818} INFO - Sync 1 DAGs
[2023-08-31 13:24:00,173] {logging_mixin.py:104} INFO - [2023-08-31 13:24:00,173] {dag.py:2273} INFO - Setting next_dagrun for dag_with_minio_s3_v02 to 2022-02-12T00:00:00+00:00
[2023-08-31 13:24:00,185] {scheduler_job.py:190} INFO - Processing /opt/airflow/dags/dag_with_minio_s3.py took 0.339 seconds
