[2023-08-31 13:22:14,676] {taskinstance.py:851} INFO - Dependencies all met for <TaskInstance: our_first_dag_v5.first_task 2021-10-04T00:00:00+00:00 [queued]>
[2023-08-31 13:22:14,721] {taskinstance.py:851} INFO - Dependencies all met for <TaskInstance: our_first_dag_v5.first_task 2021-10-04T00:00:00+00:00 [queued]>
[2023-08-31 13:22:14,722] {taskinstance.py:1042} INFO - 
--------------------------------------------------------------------------------
[2023-08-31 13:22:14,723] {taskinstance.py:1043} INFO - Starting attempt 1 of 6
[2023-08-31 13:22:14,724] {taskinstance.py:1044} INFO - 
--------------------------------------------------------------------------------
[2023-08-31 13:22:14,750] {taskinstance.py:1063} INFO - Executing <Task(BashOperator): first_task> on 2021-10-04T00:00:00+00:00
[2023-08-31 13:22:14,759] {standard_task_runner.py:52} INFO - Started process 2948 to run task
[2023-08-31 13:22:14,812] {standard_task_runner.py:76} INFO - Running: ['airflow', 'tasks', 'run', 'our_first_dag_v5', 'first_task', '2021-10-04T00:00:00+00:00', '--job-id', '195', '--pool', 'default_pool', '--raw', '--subdir', 'DAGS_FOLDER/our_first_dag.py', '--cfg-path', '/tmp/tmp8q72a5k9', '--error-file', '/tmp/tmpi9otf8s6']
[2023-08-31 13:22:14,841] {standard_task_runner.py:77} INFO - Job 195: Subtask first_task
[2023-08-31 13:22:14,962] {logging_mixin.py:104} INFO - Running <TaskInstance: our_first_dag_v5.first_task 2021-10-04T00:00:00+00:00 [running]> on host e7718740c1e6
[2023-08-31 13:22:15,060] {taskinstance.py:1257} INFO - Exporting the following env vars:
AIRFLOW_CTX_DAG_OWNER=devendra
AIRFLOW_CTX_DAG_ID=our_first_dag_v5
AIRFLOW_CTX_TASK_ID=first_task
AIRFLOW_CTX_EXECUTION_DATE=2021-10-04T00:00:00+00:00
AIRFLOW_CTX_DAG_RUN_ID=scheduled__2021-10-04T00:00:00+00:00
[2023-08-31 13:22:15,064] {bash.py:135} INFO - Tmp dir root location: 
 /tmp
[2023-08-31 13:22:15,066] {bash.py:158} INFO - Running command: echo hello world, this is the first task!
[2023-08-31 13:22:15,077] {bash.py:169} INFO - Output:
[2023-08-31 13:22:15,132] {bash.py:173} INFO - hello world, this is the first task!
[2023-08-31 13:22:15,148] {bash.py:177} INFO - Command exited with return code 0
[2023-08-31 13:22:15,215] {taskinstance.py:1166} INFO - Marking task as SUCCESS. dag_id=our_first_dag_v5, task_id=first_task, execution_date=20211004T000000, start_date=20230831T132214, end_date=20230831T132215
[2023-08-31 13:22:15,337] {taskinstance.py:1220} INFO - 2 downstream tasks scheduled from follow-on schedule check
[2023-08-31 13:22:15,391] {local_task_job.py:146} INFO - Task exited with return code 0
