[2023-08-31 13:23:21,707] {taskinstance.py:851} INFO - Dependencies all met for <TaskInstance: our_first_dag_v5.first_task 2022-01-01T00:00:00+00:00 [queued]>
[2023-08-31 13:23:21,780] {taskinstance.py:851} INFO - Dependencies all met for <TaskInstance: our_first_dag_v5.first_task 2022-01-01T00:00:00+00:00 [queued]>
[2023-08-31 13:23:21,789] {taskinstance.py:1042} INFO - 
--------------------------------------------------------------------------------
[2023-08-31 13:23:21,790] {taskinstance.py:1043} INFO - Starting attempt 1 of 6
[2023-08-31 13:23:21,791] {taskinstance.py:1044} INFO - 
--------------------------------------------------------------------------------
[2023-08-31 13:23:21,841] {taskinstance.py:1063} INFO - Executing <Task(BashOperator): first_task> on 2022-01-01T00:00:00+00:00
[2023-08-31 13:23:21,852] {standard_task_runner.py:52} INFO - Started process 5132 to run task
[2023-08-31 13:23:21,876] {standard_task_runner.py:76} INFO - Running: ['airflow', 'tasks', 'run', 'our_first_dag_v5', 'first_task', '2022-01-01T00:00:00+00:00', '--job-id', '459', '--pool', 'default_pool', '--raw', '--subdir', 'DAGS_FOLDER/our_first_dag.py', '--cfg-path', '/tmp/tmp8zui_zjo', '--error-file', '/tmp/tmpb0o3tdd0']
[2023-08-31 13:23:21,880] {standard_task_runner.py:77} INFO - Job 459: Subtask first_task
[2023-08-31 13:23:22,046] {logging_mixin.py:104} INFO - Running <TaskInstance: our_first_dag_v5.first_task 2022-01-01T00:00:00+00:00 [running]> on host e7718740c1e6
[2023-08-31 13:23:22,207] {taskinstance.py:1257} INFO - Exporting the following env vars:
AIRFLOW_CTX_DAG_OWNER=devendra
AIRFLOW_CTX_DAG_ID=our_first_dag_v5
AIRFLOW_CTX_TASK_ID=first_task
AIRFLOW_CTX_EXECUTION_DATE=2022-01-01T00:00:00+00:00
AIRFLOW_CTX_DAG_RUN_ID=scheduled__2022-01-01T00:00:00+00:00
[2023-08-31 13:23:22,208] {bash.py:135} INFO - Tmp dir root location: 
 /tmp
[2023-08-31 13:23:22,212] {bash.py:158} INFO - Running command: echo hello world, this is the first task!
[2023-08-31 13:23:22,259] {bash.py:169} INFO - Output:
[2023-08-31 13:23:22,357] {bash.py:173} INFO - hello world, this is the first task!
[2023-08-31 13:23:22,377] {bash.py:177} INFO - Command exited with return code 0
[2023-08-31 13:23:22,448] {taskinstance.py:1166} INFO - Marking task as SUCCESS. dag_id=our_first_dag_v5, task_id=first_task, execution_date=20220101T000000, start_date=20230831T132321, end_date=20230831T132322
[2023-08-31 13:23:22,575] {taskinstance.py:1220} INFO - 2 downstream tasks scheduled from follow-on schedule check
[2023-08-31 13:23:22,607] {local_task_job.py:146} INFO - Task exited with return code 0
