[2023-08-31 13:23:34,928] {taskinstance.py:851} INFO - Dependencies all met for <TaskInstance: our_first_dag_v5.first_task 2022-01-18T00:00:00+00:00 [queued]>
[2023-08-31 13:23:35,001] {taskinstance.py:851} INFO - Dependencies all met for <TaskInstance: our_first_dag_v5.first_task 2022-01-18T00:00:00+00:00 [queued]>
[2023-08-31 13:23:35,002] {taskinstance.py:1042} INFO - 
--------------------------------------------------------------------------------
[2023-08-31 13:23:35,003] {taskinstance.py:1043} INFO - Starting attempt 1 of 6
[2023-08-31 13:23:35,006] {taskinstance.py:1044} INFO - 
--------------------------------------------------------------------------------
[2023-08-31 13:23:35,046] {taskinstance.py:1063} INFO - Executing <Task(BashOperator): first_task> on 2022-01-18T00:00:00+00:00
[2023-08-31 13:23:35,054] {standard_task_runner.py:52} INFO - Started process 5564 to run task
[2023-08-31 13:23:35,071] {standard_task_runner.py:76} INFO - Running: ['airflow', 'tasks', 'run', 'our_first_dag_v5', 'first_task', '2022-01-18T00:00:00+00:00', '--job-id', '512', '--pool', 'default_pool', '--raw', '--subdir', 'DAGS_FOLDER/our_first_dag.py', '--cfg-path', '/tmp/tmp7p3h9uke', '--error-file', '/tmp/tmpicj3bv3_']
[2023-08-31 13:23:35,081] {standard_task_runner.py:77} INFO - Job 512: Subtask first_task
[2023-08-31 13:23:35,271] {logging_mixin.py:104} INFO - Running <TaskInstance: our_first_dag_v5.first_task 2022-01-18T00:00:00+00:00 [running]> on host e7718740c1e6
[2023-08-31 13:23:35,417] {taskinstance.py:1257} INFO - Exporting the following env vars:
AIRFLOW_CTX_DAG_OWNER=devendra
AIRFLOW_CTX_DAG_ID=our_first_dag_v5
AIRFLOW_CTX_TASK_ID=first_task
AIRFLOW_CTX_EXECUTION_DATE=2022-01-18T00:00:00+00:00
AIRFLOW_CTX_DAG_RUN_ID=scheduled__2022-01-18T00:00:00+00:00
[2023-08-31 13:23:35,421] {bash.py:135} INFO - Tmp dir root location: 
 /tmp
[2023-08-31 13:23:35,423] {bash.py:158} INFO - Running command: echo hello world, this is the first task!
[2023-08-31 13:23:35,449] {bash.py:169} INFO - Output:
[2023-08-31 13:23:35,524] {bash.py:173} INFO - hello world, this is the first task!
[2023-08-31 13:23:35,532] {bash.py:177} INFO - Command exited with return code 0
[2023-08-31 13:23:35,610] {taskinstance.py:1166} INFO - Marking task as SUCCESS. dag_id=our_first_dag_v5, task_id=first_task, execution_date=20220118T000000, start_date=20230831T132334, end_date=20230831T132335
[2023-08-31 13:23:35,727] {taskinstance.py:1220} INFO - 2 downstream tasks scheduled from follow-on schedule check
[2023-08-31 13:23:35,762] {local_task_job.py:146} INFO - Task exited with return code 0
