[2023-08-31 13:23:04,388] {taskinstance.py:851} INFO - Dependencies all met for <TaskInstance: our_first_dag_v5.first_task 2021-12-09T00:00:00+00:00 [queued]>
[2023-08-31 13:23:04,457] {taskinstance.py:851} INFO - Dependencies all met for <TaskInstance: our_first_dag_v5.first_task 2021-12-09T00:00:00+00:00 [queued]>
[2023-08-31 13:23:04,458] {taskinstance.py:1042} INFO - 
--------------------------------------------------------------------------------
[2023-08-31 13:23:04,458] {taskinstance.py:1043} INFO - Starting attempt 1 of 6
[2023-08-31 13:23:04,459] {taskinstance.py:1044} INFO - 
--------------------------------------------------------------------------------
[2023-08-31 13:23:04,504] {taskinstance.py:1063} INFO - Executing <Task(BashOperator): first_task> on 2021-12-09T00:00:00+00:00
[2023-08-31 13:23:04,523] {standard_task_runner.py:52} INFO - Started process 4581 to run task
[2023-08-31 13:23:04,559] {standard_task_runner.py:76} INFO - Running: ['airflow', 'tasks', 'run', 'our_first_dag_v5', 'first_task', '2021-12-09T00:00:00+00:00', '--job-id', '391', '--pool', 'default_pool', '--raw', '--subdir', 'DAGS_FOLDER/our_first_dag.py', '--cfg-path', '/tmp/tmpovl7d01m', '--error-file', '/tmp/tmptjobzg2w']
[2023-08-31 13:23:04,586] {standard_task_runner.py:77} INFO - Job 391: Subtask first_task
[2023-08-31 13:23:04,796] {logging_mixin.py:104} INFO - Running <TaskInstance: our_first_dag_v5.first_task 2021-12-09T00:00:00+00:00 [running]> on host e7718740c1e6
[2023-08-31 13:23:04,938] {taskinstance.py:1257} INFO - Exporting the following env vars:
AIRFLOW_CTX_DAG_OWNER=devendra
AIRFLOW_CTX_DAG_ID=our_first_dag_v5
AIRFLOW_CTX_TASK_ID=first_task
AIRFLOW_CTX_EXECUTION_DATE=2021-12-09T00:00:00+00:00
AIRFLOW_CTX_DAG_RUN_ID=scheduled__2021-12-09T00:00:00+00:00
[2023-08-31 13:23:04,939] {bash.py:135} INFO - Tmp dir root location: 
 /tmp
[2023-08-31 13:23:04,941] {bash.py:158} INFO - Running command: echo hello world, this is the first task!
[2023-08-31 13:23:04,967] {bash.py:169} INFO - Output:
[2023-08-31 13:23:05,062] {bash.py:173} INFO - hello world, this is the first task!
[2023-08-31 13:23:05,075] {bash.py:177} INFO - Command exited with return code 0
[2023-08-31 13:23:05,164] {taskinstance.py:1166} INFO - Marking task as SUCCESS. dag_id=our_first_dag_v5, task_id=first_task, execution_date=20211209T000000, start_date=20230831T132304, end_date=20230831T132305
[2023-08-31 13:23:05,356] {taskinstance.py:1220} INFO - 2 downstream tasks scheduled from follow-on schedule check
[2023-08-31 13:23:05,393] {local_task_job.py:146} INFO - Task exited with return code 0
