[2023-08-31 13:21:25,391] {taskinstance.py:851} INFO - Dependencies all met for <TaskInstance: our_first_dag_v5.first_task 2021-08-04T00:00:00+00:00 [queued]>
[2023-08-31 13:21:25,440] {taskinstance.py:851} INFO - Dependencies all met for <TaskInstance: our_first_dag_v5.first_task 2021-08-04T00:00:00+00:00 [queued]>
[2023-08-31 13:21:25,441] {taskinstance.py:1042} INFO - 
--------------------------------------------------------------------------------
[2023-08-31 13:21:25,442] {taskinstance.py:1043} INFO - Starting attempt 1 of 6
[2023-08-31 13:21:25,442] {taskinstance.py:1044} INFO - 
--------------------------------------------------------------------------------
[2023-08-31 13:21:25,473] {taskinstance.py:1063} INFO - Executing <Task(BashOperator): first_task> on 2021-08-04T00:00:00+00:00
[2023-08-31 13:21:25,491] {standard_task_runner.py:52} INFO - Started process 1413 to run task
[2023-08-31 13:21:25,517] {standard_task_runner.py:76} INFO - Running: ['airflow', 'tasks', 'run', 'our_first_dag_v5', 'first_task', '2021-08-04T00:00:00+00:00', '--job-id', '7', '--pool', 'default_pool', '--raw', '--subdir', 'DAGS_FOLDER/our_first_dag.py', '--cfg-path', '/tmp/tmpfa41w3k2', '--error-file', '/tmp/tmplu62a4em']
[2023-08-31 13:21:25,532] {standard_task_runner.py:77} INFO - Job 7: Subtask first_task
[2023-08-31 13:21:25,664] {logging_mixin.py:104} INFO - Running <TaskInstance: our_first_dag_v5.first_task 2021-08-04T00:00:00+00:00 [running]> on host e7718740c1e6
[2023-08-31 13:21:25,839] {taskinstance.py:1257} INFO - Exporting the following env vars:
AIRFLOW_CTX_DAG_OWNER=devendra
AIRFLOW_CTX_DAG_ID=our_first_dag_v5
AIRFLOW_CTX_TASK_ID=first_task
AIRFLOW_CTX_EXECUTION_DATE=2021-08-04T00:00:00+00:00
AIRFLOW_CTX_DAG_RUN_ID=scheduled__2021-08-04T00:00:00+00:00
[2023-08-31 13:21:25,840] {bash.py:135} INFO - Tmp dir root location: 
 /tmp
[2023-08-31 13:21:25,842] {bash.py:158} INFO - Running command: echo hello world, this is the first task!
[2023-08-31 13:21:25,883] {bash.py:169} INFO - Output:
[2023-08-31 13:21:25,990] {bash.py:173} INFO - hello world, this is the first task!
[2023-08-31 13:21:26,022] {bash.py:177} INFO - Command exited with return code 0
[2023-08-31 13:21:26,097] {taskinstance.py:1166} INFO - Marking task as SUCCESS. dag_id=our_first_dag_v5, task_id=first_task, execution_date=20210804T000000, start_date=20230831T132125, end_date=20230831T132126
[2023-08-31 13:21:26,596] {taskinstance.py:1220} INFO - 0 downstream tasks scheduled from follow-on schedule check
[2023-08-31 13:21:26,606] {local_task_job.py:146} INFO - Task exited with return code 0
