[2023-08-31 13:22:02,820] {taskinstance.py:851} INFO - Dependencies all met for <TaskInstance: our_first_dag_v5.thrid_task 2021-09-16T00:00:00+00:00 [queued]>
[2023-08-31 13:22:02,905] {taskinstance.py:851} INFO - Dependencies all met for <TaskInstance: our_first_dag_v5.thrid_task 2021-09-16T00:00:00+00:00 [queued]>
[2023-08-31 13:22:02,906] {taskinstance.py:1042} INFO - 
--------------------------------------------------------------------------------
[2023-08-31 13:22:02,906] {taskinstance.py:1043} INFO - Starting attempt 1 of 6
[2023-08-31 13:22:02,907] {taskinstance.py:1044} INFO - 
--------------------------------------------------------------------------------
[2023-08-31 13:22:02,982] {taskinstance.py:1063} INFO - Executing <Task(BashOperator): thrid_task> on 2021-09-16T00:00:00+00:00
[2023-08-31 13:22:02,991] {standard_task_runner.py:52} INFO - Started process 2585 to run task
[2023-08-31 13:22:03,004] {standard_task_runner.py:76} INFO - Running: ['airflow', 'tasks', 'run', 'our_first_dag_v5', 'thrid_task', '2021-09-16T00:00:00+00:00', '--job-id', '150', '--pool', 'default_pool', '--raw', '--subdir', 'DAGS_FOLDER/our_first_dag.py', '--cfg-path', '/tmp/tmpiuf9bhqp', '--error-file', '/tmp/tmpcwtz8j_0']
[2023-08-31 13:22:03,027] {standard_task_runner.py:77} INFO - Job 150: Subtask thrid_task
[2023-08-31 13:22:03,214] {logging_mixin.py:104} INFO - Running <TaskInstance: our_first_dag_v5.thrid_task 2021-09-16T00:00:00+00:00 [running]> on host e7718740c1e6
[2023-08-31 13:22:03,544] {taskinstance.py:1257} INFO - Exporting the following env vars:
AIRFLOW_CTX_DAG_OWNER=devendra
AIRFLOW_CTX_DAG_ID=our_first_dag_v5
AIRFLOW_CTX_TASK_ID=thrid_task
AIRFLOW_CTX_EXECUTION_DATE=2021-09-16T00:00:00+00:00
AIRFLOW_CTX_DAG_RUN_ID=scheduled__2021-09-16T00:00:00+00:00
[2023-08-31 13:22:03,545] {bash.py:135} INFO - Tmp dir root location: 
 /tmp
[2023-08-31 13:22:03,553] {bash.py:158} INFO - Running command: echo hey, I am task3 and will be running after task1 at the same time as task2!
[2023-08-31 13:22:03,619] {bash.py:169} INFO - Output:
[2023-08-31 13:22:03,700] {bash.py:173} INFO - hey, I am task3 and will be running after task1 at the same time as task2!
[2023-08-31 13:22:03,712] {bash.py:177} INFO - Command exited with return code 0
[2023-08-31 13:22:03,784] {taskinstance.py:1166} INFO - Marking task as SUCCESS. dag_id=our_first_dag_v5, task_id=thrid_task, execution_date=20210916T000000, start_date=20230831T132202, end_date=20230831T132203
[2023-08-31 13:22:03,958] {taskinstance.py:1220} INFO - 0 downstream tasks scheduled from follow-on schedule check
[2023-08-31 13:22:04,009] {local_task_job.py:146} INFO - Task exited with return code 0
