[2023-08-31 13:17:37,423] {dag_processing.py:590} INFO - Processing files using up to 2 processes at a time 
[2023-08-31 13:17:37,426] {dag_processing.py:591} INFO - Process each file at most once every 10 seconds
[2023-08-31 13:17:37,427] {dag_processing.py:593} INFO - Checking for new files in /opt/airflow/dags every 300 seconds
[2023-08-31 13:17:37,429] {dag_processing.py:731} INFO - Searching for files in /opt/airflow/dags
[2023-08-31 13:17:37,461] {dag_processing.py:734} INFO - There are 9 files in /opt/airflow/dags
[2023-08-31 13:17:37,528] {dag_processing.py:1071} INFO - Finding 'running' jobs without a recent heartbeat
[2023-08-31 13:17:37,531] {dag_processing.py:1075} INFO - Failing jobs without heartbeat after 2023-08-31 13:12:37.531169+00:00
[2023-08-31 13:17:37,595] {dag_processing.py:838} INFO - 
================================================================================
DAG File Processing Stats

File Path                                               PID  Runtime      # DAGs    # Errors  Last Runtime    Last Run
----------------------------------------------------  -----  ---------  --------  ----------  --------------  ----------
/opt/airflow/dags/create_dag_with_python_operator.py    214  0.06s             0           0
/opt/airflow/dags/dag_with_catchup_and_backfill.py                             0           0
/opt/airflow/dags/dag_with_cron_expression.py                                  0           0
/opt/airflow/dags/dag_with_minio_s3.py                                         0           0
/opt/airflow/dags/dag_with_postgres_hooks.py                                   0           0
/opt/airflow/dags/dag_with_postgres_operator.py                                0           0
/opt/airflow/dags/dag_with_python_dependencies.py                              0           0
/opt/airflow/dags/dag_with_taskflow_api.py              211  0.06s             0           0
/opt/airflow/dags/our_first_dag.py                                             0           0
================================================================================
[2023-08-31 13:17:48,396] {dag_processing.py:1071} INFO - Finding 'running' jobs without a recent heartbeat
[2023-08-31 13:17:48,397] {dag_processing.py:1075} INFO - Failing jobs without heartbeat after 2023-08-31 13:12:48.397699+00:00
[2023-08-31 13:17:58,642] {dag_processing.py:1071} INFO - Finding 'running' jobs without a recent heartbeat
[2023-08-31 13:17:58,644] {dag_processing.py:1075} INFO - Failing jobs without heartbeat after 2023-08-31 13:12:58.643957+00:00
[2023-08-31 13:18:08,257] {dag_processing.py:838} INFO - 
================================================================================
DAG File Processing Stats

File Path                                             PID    Runtime      # DAGs    # Errors  Last Runtime    Last Run
----------------------------------------------------  -----  ---------  --------  ----------  --------------  -------------------
/opt/airflow/dags/create_dag_with_python_operator.py                           1           0  0.31s           2023-08-31T13:17:58
/opt/airflow/dags/dag_with_catchup_and_backfill.py                             1           0  0.19s           2023-08-31T13:18:01
/opt/airflow/dags/dag_with_cron_expression.py                                  1           0  0.20s           2023-08-31T13:17:59
/opt/airflow/dags/dag_with_minio_s3.py                                         1           0  0.61s           2023-08-31T13:18:00
/opt/airflow/dags/dag_with_postgres_hooks.py                                   1           0  0.56s           2023-08-31T13:18:00
/opt/airflow/dags/dag_with_postgres_operator.py                                1           0  0.32s           2023-08-31T13:18:01
/opt/airflow/dags/dag_with_python_dependencies.py                              1           0  0.19s           2023-08-31T13:18:01
/opt/airflow/dags/dag_with_taskflow_api.py                                     1           0  0.29s           2023-08-31T13:17:58
/opt/airflow/dags/our_first_dag.py                                             1           0  0.25s           2023-08-31T13:18:01
================================================================================
[2023-08-31 13:18:09,262] {dag_processing.py:1071} INFO - Finding 'running' jobs without a recent heartbeat
[2023-08-31 13:18:09,264] {dag_processing.py:1075} INFO - Failing jobs without heartbeat after 2023-08-31 13:13:09.264710+00:00
[2023-08-31 13:18:19,804] {dag_processing.py:1071} INFO - Finding 'running' jobs without a recent heartbeat
[2023-08-31 13:18:19,807] {dag_processing.py:1075} INFO - Failing jobs without heartbeat after 2023-08-31 13:13:19.807053+00:00
[2023-08-31 13:18:29,963] {dag_processing.py:1071} INFO - Finding 'running' jobs without a recent heartbeat
[2023-08-31 13:18:29,972] {dag_processing.py:1075} INFO - Failing jobs without heartbeat after 2023-08-31 13:13:29.972152+00:00
[2023-08-31 13:18:39,030] {dag_processing.py:838} INFO - 
================================================================================
DAG File Processing Stats

File Path                                             PID    Runtime      # DAGs    # Errors  Last Runtime    Last Run
----------------------------------------------------  -----  ---------  --------  ----------  --------------  -------------------
/opt/airflow/dags/create_dag_with_python_operator.py                           1           0  0.18s           2023-08-31T13:18:30
/opt/airflow/dags/dag_with_catchup_and_backfill.py                             1           0  0.18s           2023-08-31T13:18:33
/opt/airflow/dags/dag_with_cron_expression.py                                  1           0  0.16s           2023-08-31T13:18:30
/opt/airflow/dags/dag_with_minio_s3.py                                         1           0  0.37s           2023-08-31T13:18:33
/opt/airflow/dags/dag_with_postgres_hooks.py                                   1           0  0.37s           2023-08-31T13:18:33
/opt/airflow/dags/dag_with_postgres_operator.py                                1           0  0.19s           2023-08-31T13:18:33
/opt/airflow/dags/dag_with_python_dependencies.py                              1           0  0.17s           2023-08-31T13:18:34
/opt/airflow/dags/dag_with_taskflow_api.py                                     1           0  0.18s           2023-08-31T13:18:30
/opt/airflow/dags/our_first_dag.py                                             1           0  0.16s           2023-08-31T13:18:33
================================================================================
[2023-08-31 13:18:40,040] {dag_processing.py:1071} INFO - Finding 'running' jobs without a recent heartbeat
[2023-08-31 13:18:40,049] {dag_processing.py:1075} INFO - Failing jobs without heartbeat after 2023-08-31 13:13:40.048645+00:00
[2023-08-31 13:18:50,122] {dag_processing.py:1071} INFO - Finding 'running' jobs without a recent heartbeat
[2023-08-31 13:18:50,128] {dag_processing.py:1075} INFO - Failing jobs without heartbeat after 2023-08-31 13:13:50.128349+00:00
[2023-08-31 13:19:00,374] {dag_processing.py:1071} INFO - Finding 'running' jobs without a recent heartbeat
[2023-08-31 13:19:00,384] {dag_processing.py:1075} INFO - Failing jobs without heartbeat after 2023-08-31 13:14:00.383641+00:00
[2023-08-31 13:19:09,634] {dag_processing.py:838} INFO - 
================================================================================
DAG File Processing Stats

File Path                                             PID    Runtime      # DAGs    # Errors  Last Runtime    Last Run
----------------------------------------------------  -----  ---------  --------  ----------  --------------  -------------------
/opt/airflow/dags/create_dag_with_python_operator.py                           1           0  0.20s           2023-08-31T13:19:01
/opt/airflow/dags/dag_with_catchup_and_backfill.py                             1           0  0.18s           2023-08-31T13:19:07
/opt/airflow/dags/dag_with_cron_expression.py                                  1           0  0.16s           2023-08-31T13:19:01
/opt/airflow/dags/dag_with_minio_s3.py                                         1           0  0.40s           2023-08-31T13:19:07
/opt/airflow/dags/dag_with_postgres_hooks.py                                   1           0  0.41s           2023-08-31T13:19:07
/opt/airflow/dags/dag_with_postgres_operator.py                                1           0  0.18s           2023-08-31T13:19:07
/opt/airflow/dags/dag_with_python_dependencies.py                              1           0  0.17s           2023-08-31T13:19:07
/opt/airflow/dags/dag_with_taskflow_api.py                                     1           0  0.20s           2023-08-31T13:19:01
/opt/airflow/dags/our_first_dag.py                                             1           0  0.16s           2023-08-31T13:19:07
================================================================================
[2023-08-31 13:19:10,647] {dag_processing.py:1071} INFO - Finding 'running' jobs without a recent heartbeat
[2023-08-31 13:19:10,653] {dag_processing.py:1075} INFO - Failing jobs without heartbeat after 2023-08-31 13:14:10.652942+00:00
[2023-08-31 13:19:20,765] {dag_processing.py:1071} INFO - Finding 'running' jobs without a recent heartbeat
[2023-08-31 13:19:20,773] {dag_processing.py:1075} INFO - Failing jobs without heartbeat after 2023-08-31 13:14:20.772611+00:00
[2023-08-31 13:19:30,940] {dag_processing.py:1071} INFO - Finding 'running' jobs without a recent heartbeat
[2023-08-31 13:19:30,949] {dag_processing.py:1075} INFO - Failing jobs without heartbeat after 2023-08-31 13:14:30.948541+00:00
[2023-08-31 13:19:40,579] {dag_processing.py:838} INFO - 
================================================================================
DAG File Processing Stats

File Path                                               PID  Runtime      # DAGs    # Errors  Last Runtime    Last Run
----------------------------------------------------  -----  ---------  --------  ----------  --------------  -------------------
/opt/airflow/dags/create_dag_with_python_operator.py                           1           0  0.17s           2023-08-31T13:19:33
/opt/airflow/dags/dag_with_catchup_and_backfill.py                             1           0  0.18s           2023-08-31T13:19:29
/opt/airflow/dags/dag_with_cron_expression.py                                  1           0  0.16s           2023-08-31T13:19:33
/opt/airflow/dags/dag_with_minio_s3.py                  826  0.01s             1           0  0.40s           2023-08-31T13:19:29
/opt/airflow/dags/dag_with_postgres_hooks.py            823  0.02s             1           0  0.41s           2023-08-31T13:19:29
/opt/airflow/dags/dag_with_postgres_operator.py                                1           0  0.18s           2023-08-31T13:19:29
/opt/airflow/dags/dag_with_python_dependencies.py                              1           0  0.17s           2023-08-31T13:19:30
/opt/airflow/dags/dag_with_taskflow_api.py                                     1           0  0.20s           2023-08-31T13:19:33
/opt/airflow/dags/our_first_dag.py                                             1           0  0.15s           2023-08-31T13:19:29
================================================================================
[2023-08-31 13:19:41,109] {dag_processing.py:1071} INFO - Finding 'running' jobs without a recent heartbeat
[2023-08-31 13:19:41,110] {dag_processing.py:1075} INFO - Failing jobs without heartbeat after 2023-08-31 13:14:41.110846+00:00
[2023-08-31 13:19:51,717] {dag_processing.py:1071} INFO - Finding 'running' jobs without a recent heartbeat
[2023-08-31 13:19:51,724] {dag_processing.py:1075} INFO - Failing jobs without heartbeat after 2023-08-31 13:14:51.724046+00:00
[2023-08-31 13:20:01,935] {dag_processing.py:1071} INFO - Finding 'running' jobs without a recent heartbeat
[2023-08-31 13:20:01,944] {dag_processing.py:1075} INFO - Failing jobs without heartbeat after 2023-08-31 13:15:01.943880+00:00
[2023-08-31 13:20:11,090] {dag_processing.py:838} INFO - 
================================================================================
DAG File Processing Stats

File Path                                             PID    Runtime      # DAGs    # Errors  Last Runtime    Last Run
----------------------------------------------------  -----  ---------  --------  ----------  --------------  -------------------
/opt/airflow/dags/create_dag_with_python_operator.py                           1           0  0.20s           2023-08-31T13:20:05
/opt/airflow/dags/dag_with_catchup_and_backfill.py                             1           0  0.18s           2023-08-31T13:20:03
/opt/airflow/dags/dag_with_cron_expression.py                                  1           0  0.16s           2023-08-31T13:20:04
/opt/airflow/dags/dag_with_minio_s3.py                                         1           0  0.39s           2023-08-31T13:20:03
/opt/airflow/dags/dag_with_postgres_hooks.py                                   1           0  0.40s           2023-08-31T13:20:03
/opt/airflow/dags/dag_with_postgres_operator.py                                1           0  0.18s           2023-08-31T13:20:03
/opt/airflow/dags/dag_with_python_dependencies.py                              1           0  0.17s           2023-08-31T13:20:03
/opt/airflow/dags/dag_with_taskflow_api.py                                     1           0  0.16s           2023-08-31T13:20:04
/opt/airflow/dags/our_first_dag.py                                             1           0  0.16s           2023-08-31T13:20:03
================================================================================
[2023-08-31 13:20:12,094] {dag_processing.py:1071} INFO - Finding 'running' jobs without a recent heartbeat
[2023-08-31 13:20:12,096] {dag_processing.py:1075} INFO - Failing jobs without heartbeat after 2023-08-31 13:15:12.096579+00:00
[2023-08-31 13:20:22,136] {dag_processing.py:1071} INFO - Finding 'running' jobs without a recent heartbeat
[2023-08-31 13:20:22,139] {dag_processing.py:1075} INFO - Failing jobs without heartbeat after 2023-08-31 13:15:22.139554+00:00
[2023-08-31 13:20:32,293] {dag_processing.py:1071} INFO - Finding 'running' jobs without a recent heartbeat
[2023-08-31 13:20:32,296] {dag_processing.py:1075} INFO - Failing jobs without heartbeat after 2023-08-31 13:15:32.296276+00:00
[2023-08-31 13:20:41,420] {dag_processing.py:838} INFO - 
================================================================================
DAG File Processing Stats

File Path                                             PID    Runtime      # DAGs    # Errors  Last Runtime    Last Run
----------------------------------------------------  -----  ---------  --------  ----------  --------------  -------------------
/opt/airflow/dags/create_dag_with_python_operator.py                           1           0  0.18s           2023-08-31T13:20:37
/opt/airflow/dags/dag_with_catchup_and_backfill.py                             1           0  0.18s           2023-08-31T13:20:37
/opt/airflow/dags/dag_with_cron_expression.py                                  1           0  0.16s           2023-08-31T13:20:35
/opt/airflow/dags/dag_with_minio_s3.py                                         1           0  0.39s           2023-08-31T13:20:36
/opt/airflow/dags/dag_with_postgres_hooks.py                                   1           0  0.40s           2023-08-31T13:20:36
/opt/airflow/dags/dag_with_postgres_operator.py                                1           0  0.18s           2023-08-31T13:20:37
/opt/airflow/dags/dag_with_python_dependencies.py                              1           0  0.17s           2023-08-31T13:20:37
/opt/airflow/dags/dag_with_taskflow_api.py                                     1           0  0.16s           2023-08-31T13:20:35
/opt/airflow/dags/our_first_dag.py                                             1           0  0.16s           2023-08-31T13:20:37
================================================================================
[2023-08-31 13:20:42,427] {dag_processing.py:1071} INFO - Finding 'running' jobs without a recent heartbeat
[2023-08-31 13:20:42,429] {dag_processing.py:1075} INFO - Failing jobs without heartbeat after 2023-08-31 13:15:42.429074+00:00
[2023-08-31 13:20:52,599] {dag_processing.py:1071} INFO - Finding 'running' jobs without a recent heartbeat
[2023-08-31 13:20:52,609] {dag_processing.py:1075} INFO - Failing jobs without heartbeat after 2023-08-31 13:15:52.608410+00:00
[2023-08-31 13:21:02,849] {dag_processing.py:1071} INFO - Finding 'running' jobs without a recent heartbeat
[2023-08-31 13:21:02,856] {dag_processing.py:1075} INFO - Failing jobs without heartbeat after 2023-08-31 13:16:02.855825+00:00
[2023-08-31 13:21:11,904] {dag_processing.py:838} INFO - 
================================================================================
DAG File Processing Stats

File Path                                             PID    Runtime      # DAGs    # Errors  Last Runtime    Last Run
----------------------------------------------------  -----  ---------  --------  ----------  --------------  -------------------
/opt/airflow/dags/create_dag_with_python_operator.py                           1           0  0.17s           2023-08-31T13:21:10
/opt/airflow/dags/dag_with_catchup_and_backfill.py                             1           0  0.19s           2023-08-31T13:21:10
/opt/airflow/dags/dag_with_cron_expression.py                                  1           0  0.18s           2023-08-31T13:21:07
/opt/airflow/dags/dag_with_minio_s3.py                                         1           0  0.41s           2023-08-31T13:21:10
/opt/airflow/dags/dag_with_postgres_hooks.py                                   1           0  0.44s           2023-08-31T13:21:10
/opt/airflow/dags/dag_with_postgres_operator.py                                1           0  0.18s           2023-08-31T13:21:10
/opt/airflow/dags/dag_with_python_dependencies.py                              1           0  0.17s           2023-08-31T13:21:11
/opt/airflow/dags/dag_with_taskflow_api.py                                     1           0  0.20s           2023-08-31T13:21:07
/opt/airflow/dags/our_first_dag.py                                             1           0  0.17s           2023-08-31T13:21:10
================================================================================
[2023-08-31 13:21:12,918] {dag_processing.py:1071} INFO - Finding 'running' jobs without a recent heartbeat
[2023-08-31 13:21:12,926] {dag_processing.py:1075} INFO - Failing jobs without heartbeat after 2023-08-31 13:16:12.925871+00:00
[2023-08-31 13:21:23,148] {dag_processing.py:1071} INFO - Finding 'running' jobs without a recent heartbeat
[2023-08-31 13:21:23,158] {dag_processing.py:1075} INFO - Failing jobs without heartbeat after 2023-08-31 13:16:23.157900+00:00
[2023-08-31 13:21:33,224] {dag_processing.py:1071} INFO - Finding 'running' jobs without a recent heartbeat
[2023-08-31 13:21:33,226] {dag_processing.py:1075} INFO - Failing jobs without heartbeat after 2023-08-31 13:16:33.225948+00:00
[2023-08-31 13:21:42,778] {dag_processing.py:838} INFO - 
================================================================================
DAG File Processing Stats

File Path                                             PID    Runtime      # DAGs    # Errors  Last Runtime    Last Run
----------------------------------------------------  -----  ---------  --------  ----------  --------------  -------------------
/opt/airflow/dags/create_dag_with_python_operator.py                           1           0  0.63s           2023-08-31T13:21:33
/opt/airflow/dags/dag_with_catchup_and_backfill.py                             1           0  0.37s           2023-08-31T13:21:34
/opt/airflow/dags/dag_with_cron_expression.py                                  1           0  0.63s           2023-08-31T13:21:39
/opt/airflow/dags/dag_with_minio_s3.py                                         1           0  0.95s           2023-08-31T13:21:32
/opt/airflow/dags/dag_with_postgres_hooks.py                                   1           0  1.42s           2023-08-31T13:21:33
/opt/airflow/dags/dag_with_postgres_operator.py                                1           0  0.49s           2023-08-31T13:21:33
/opt/airflow/dags/dag_with_python_dependencies.py                              1           0  0.46s           2023-08-31T13:21:34
/opt/airflow/dags/dag_with_taskflow_api.py                                     1           0  0.44s           2023-08-31T13:21:39
/opt/airflow/dags/our_first_dag.py                                             1           0  0.40s           2023-08-31T13:21:33
================================================================================
[2023-08-31 13:21:43,783] {dag_processing.py:1071} INFO - Finding 'running' jobs without a recent heartbeat
[2023-08-31 13:21:43,785] {dag_processing.py:1075} INFO - Failing jobs without heartbeat after 2023-08-31 13:16:43.784917+00:00
[2023-08-31 13:21:53,833] {dag_processing.py:1071} INFO - Finding 'running' jobs without a recent heartbeat
[2023-08-31 13:21:53,834] {dag_processing.py:1075} INFO - Failing jobs without heartbeat after 2023-08-31 13:16:53.834762+00:00
[2023-08-31 13:22:03,930] {dag_processing.py:1071} INFO - Finding 'running' jobs without a recent heartbeat
[2023-08-31 13:22:03,934] {dag_processing.py:1075} INFO - Failing jobs without heartbeat after 2023-08-31 13:17:03.934129+00:00
[2023-08-31 13:22:13,657] {dag_processing.py:838} INFO - 
================================================================================
DAG File Processing Stats

File Path                                             PID    Runtime      # DAGs    # Errors  Last Runtime    Last Run
----------------------------------------------------  -----  ---------  --------  ----------  --------------  -------------------
/opt/airflow/dags/create_dag_with_python_operator.py                           1           0  0.56s           2023-08-31T13:22:07
/opt/airflow/dags/dag_with_catchup_and_backfill.py                             1           0  0.65s           2023-08-31T13:22:07
/opt/airflow/dags/dag_with_cron_expression.py                                  1           0  0.61s           2023-08-31T13:22:12
/opt/airflow/dags/dag_with_minio_s3.py                                         1           0  1.17s           2023-08-31T13:22:06
/opt/airflow/dags/dag_with_postgres_hooks.py                                   1           0  1.10s           2023-08-31T13:22:07
/opt/airflow/dags/dag_with_postgres_operator.py                                1           0  0.61s           2023-08-31T13:22:08
/opt/airflow/dags/dag_with_python_dependencies.py                              1           0  0.38s           2023-08-31T13:22:08
/opt/airflow/dags/dag_with_taskflow_api.py                                     1           0  0.67s           2023-08-31T13:22:12
/opt/airflow/dags/our_first_dag.py                                             1           0  0.43s           2023-08-31T13:22:06
================================================================================
[2023-08-31 13:22:14,663] {dag_processing.py:1071} INFO - Finding 'running' jobs without a recent heartbeat
[2023-08-31 13:22:14,665] {dag_processing.py:1075} INFO - Failing jobs without heartbeat after 2023-08-31 13:17:14.665062+00:00
[2023-08-31 13:22:24,692] {dag_processing.py:1071} INFO - Finding 'running' jobs without a recent heartbeat
[2023-08-31 13:22:24,693] {dag_processing.py:1075} INFO - Failing jobs without heartbeat after 2023-08-31 13:17:24.693555+00:00
[2023-08-31 13:22:34,797] {dag_processing.py:1071} INFO - Finding 'running' jobs without a recent heartbeat
[2023-08-31 13:22:34,799] {dag_processing.py:1075} INFO - Failing jobs without heartbeat after 2023-08-31 13:17:34.799367+00:00
[2023-08-31 13:22:37,659] {dag_processing.py:731} INFO - Searching for files in /opt/airflow/dags
[2023-08-31 13:22:37,692] {dag_processing.py:734} INFO - There are 9 files in /opt/airflow/dags
[2023-08-31 13:22:43,916] {dag_processing.py:838} INFO - 
================================================================================
DAG File Processing Stats

File Path                                               PID  Runtime      # DAGs    # Errors  Last Runtime    Last Run
----------------------------------------------------  -----  ---------  --------  ----------  --------------  -------------------
/opt/airflow/dags/create_dag_with_python_operator.py                           1           0  0.67s           2023-08-31T13:22:40
/opt/airflow/dags/dag_with_catchup_and_backfill.py                             1           0  0.55s           2023-08-31T13:22:41
/opt/airflow/dags/dag_with_cron_expression.py          3906  0.00s             1           0  0.41s           2023-08-31T13:22:33
/opt/airflow/dags/dag_with_minio_s3.py                                         1           0  1.19s           2023-08-31T13:22:40
/opt/airflow/dags/dag_with_postgres_hooks.py                                   1           0  1.07s           2023-08-31T13:22:41
/opt/airflow/dags/dag_with_postgres_operator.py                                1           0  0.42s           2023-08-31T13:22:41
/opt/airflow/dags/dag_with_python_dependencies.py                              1           0  0.44s           2023-08-31T13:22:42
/opt/airflow/dags/dag_with_taskflow_api.py                                     1           0  0.56s           2023-08-31T13:22:34
/opt/airflow/dags/our_first_dag.py                                             1           0  0.42s           2023-08-31T13:22:40
================================================================================
[2023-08-31 13:22:45,020] {dag_processing.py:1071} INFO - Finding 'running' jobs without a recent heartbeat
[2023-08-31 13:22:45,021] {dag_processing.py:1075} INFO - Failing jobs without heartbeat after 2023-08-31 13:17:45.021607+00:00
[2023-08-31 13:22:55,284] {dag_processing.py:1071} INFO - Finding 'running' jobs without a recent heartbeat
[2023-08-31 13:22:55,287] {dag_processing.py:1075} INFO - Failing jobs without heartbeat after 2023-08-31 13:17:55.287574+00:00
[2023-08-31 13:23:05,310] {dag_processing.py:1071} INFO - Finding 'running' jobs without a recent heartbeat
[2023-08-31 13:23:05,313] {dag_processing.py:1075} INFO - Failing jobs without heartbeat after 2023-08-31 13:18:05.313279+00:00
[2023-08-31 13:23:14,184] {dag_processing.py:838} INFO - 
================================================================================
DAG File Processing Stats

File Path                                               PID  Runtime      # DAGs    # Errors  Last Runtime    Last Run
----------------------------------------------------  -----  ---------  --------  ----------  --------------  -------------------
/opt/airflow/dags/create_dag_with_python_operator.py                           1           0  0.56s           2023-08-31T13:23:12
/opt/airflow/dags/dag_with_catchup_and_backfill.py                             1           0  0.38s           2023-08-31T13:23:13
/opt/airflow/dags/dag_with_cron_expression.py                                  1           0  0.41s           2023-08-31T13:23:05
/opt/airflow/dags/dag_with_minio_s3.py                                         1           0  1.49s           2023-08-31T13:23:14
/opt/airflow/dags/dag_with_postgres_hooks.py                                   1           0  1.46s           2023-08-31T13:23:04
/opt/airflow/dags/dag_with_postgres_operator.py        4869  0.40s             1           0  0.45s           2023-08-31T13:23:03
/opt/airflow/dags/dag_with_python_dependencies.py      4879  0.00s             1           0  0.33s           2023-08-31T13:23:03
/opt/airflow/dags/dag_with_taskflow_api.py                                     1           0  0.76s           2023-08-31T13:23:07
/opt/airflow/dags/our_first_dag.py                                             1           0  0.49s           2023-08-31T13:23:13
================================================================================
[2023-08-31 13:23:15,380] {dag_processing.py:1071} INFO - Finding 'running' jobs without a recent heartbeat
[2023-08-31 13:23:15,381] {dag_processing.py:1075} INFO - Failing jobs without heartbeat after 2023-08-31 13:18:15.381857+00:00
[2023-08-31 13:23:25,666] {dag_processing.py:1071} INFO - Finding 'running' jobs without a recent heartbeat
[2023-08-31 13:23:25,668] {dag_processing.py:1075} INFO - Failing jobs without heartbeat after 2023-08-31 13:18:25.668291+00:00
[2023-08-31 13:23:36,076] {dag_processing.py:1071} INFO - Finding 'running' jobs without a recent heartbeat
[2023-08-31 13:23:36,079] {dag_processing.py:1075} INFO - Failing jobs without heartbeat after 2023-08-31 13:18:36.078922+00:00
[2023-08-31 13:23:44,361] {dag_processing.py:838} INFO - 
================================================================================
DAG File Processing Stats

File Path                                               PID  Runtime      # DAGs    # Errors  Last Runtime    Last Run
----------------------------------------------------  -----  ---------  --------  ----------  --------------  -------------------
/opt/airflow/dags/create_dag_with_python_operator.py   5864  0.00s             1           0  0.43s           2023-08-31T13:23:34
/opt/airflow/dags/dag_with_catchup_and_backfill.py                             1           0  0.48s           2023-08-31T13:23:35
/opt/airflow/dags/dag_with_cron_expression.py                                  1           0  0.50s           2023-08-31T13:23:37
/opt/airflow/dags/dag_with_minio_s3.py                                         1           0  1.24s           2023-08-31T13:23:37
/opt/airflow/dags/dag_with_postgres_hooks.py                                   1           0  1.30s           2023-08-31T13:23:39
/opt/airflow/dags/dag_with_postgres_operator.py                                1           0  0.52s           2023-08-31T13:23:35
/opt/airflow/dags/dag_with_python_dependencies.py                              1           0  0.43s           2023-08-31T13:23:36
/opt/airflow/dags/dag_with_taskflow_api.py                                     1           0  0.43s           2023-08-31T13:23:39
/opt/airflow/dags/our_first_dag.py                                             1           0  0.39s           2023-08-31T13:23:34
================================================================================
[2023-08-31 13:23:46,160] {dag_processing.py:1071} INFO - Finding 'running' jobs without a recent heartbeat
[2023-08-31 13:23:46,163] {dag_processing.py:1075} INFO - Failing jobs without heartbeat after 2023-08-31 13:18:46.163735+00:00
[2023-08-31 13:23:56,370] {dag_processing.py:1071} INFO - Finding 'running' jobs without a recent heartbeat
[2023-08-31 13:23:56,379] {dag_processing.py:1075} INFO - Failing jobs without heartbeat after 2023-08-31 13:18:56.378866+00:00
[2023-08-31 13:24:06,666] {dag_processing.py:1071} INFO - Finding 'running' jobs without a recent heartbeat
[2023-08-31 13:24:06,674] {dag_processing.py:1075} INFO - Failing jobs without heartbeat after 2023-08-31 13:19:06.673768+00:00
[2023-08-31 13:24:10,120] {dag_processing.py:571} INFO - Exiting gracefully upon receiving signal 15
