[2023-08-31 13:21:24,436] {taskinstance.py:851} INFO - Dependencies all met for <TaskInstance: our_first_dag_v5.first_task 2021-07-31T00:00:00+00:00 [queued]>
[2023-08-31 13:21:24,466] {taskinstance.py:851} INFO - Dependencies all met for <TaskInstance: our_first_dag_v5.first_task 2021-07-31T00:00:00+00:00 [queued]>
[2023-08-31 13:21:24,467] {taskinstance.py:1042} INFO - 
--------------------------------------------------------------------------------
[2023-08-31 13:21:24,468] {taskinstance.py:1043} INFO - Starting attempt 1 of 6
[2023-08-31 13:21:24,468] {taskinstance.py:1044} INFO - 
--------------------------------------------------------------------------------
[2023-08-31 13:21:24,488] {taskinstance.py:1063} INFO - Executing <Task(BashOperator): first_task> on 2021-07-31T00:00:00+00:00
[2023-08-31 13:21:24,492] {standard_task_runner.py:52} INFO - Started process 1375 to run task
[2023-08-31 13:21:24,508] {standard_task_runner.py:76} INFO - Running: ['airflow', 'tasks', 'run', 'our_first_dag_v5', 'first_task', '2021-07-31T00:00:00+00:00', '--job-id', '3', '--pool', 'default_pool', '--raw', '--subdir', 'DAGS_FOLDER/our_first_dag.py', '--cfg-path', '/tmp/tmp4h1y6wg4', '--error-file', '/tmp/tmpi8wrndsd']
[2023-08-31 13:21:24,523] {standard_task_runner.py:77} INFO - Job 3: Subtask first_task
[2023-08-31 13:21:24,662] {logging_mixin.py:104} INFO - Running <TaskInstance: our_first_dag_v5.first_task 2021-07-31T00:00:00+00:00 [running]> on host e7718740c1e6
[2023-08-31 13:21:24,802] {taskinstance.py:1257} INFO - Exporting the following env vars:
AIRFLOW_CTX_DAG_OWNER=devendra
AIRFLOW_CTX_DAG_ID=our_first_dag_v5
AIRFLOW_CTX_TASK_ID=first_task
AIRFLOW_CTX_EXECUTION_DATE=2021-07-31T00:00:00+00:00
AIRFLOW_CTX_DAG_RUN_ID=scheduled__2021-07-31T00:00:00+00:00
[2023-08-31 13:21:24,806] {bash.py:135} INFO - Tmp dir root location: 
 /tmp
[2023-08-31 13:21:24,807] {bash.py:158} INFO - Running command: echo hello world, this is the first task!
[2023-08-31 13:21:24,839] {bash.py:169} INFO - Output:
[2023-08-31 13:21:24,922] {bash.py:173} INFO - hello world, this is the first task!
[2023-08-31 13:21:24,930] {bash.py:177} INFO - Command exited with return code 0
[2023-08-31 13:21:24,996] {taskinstance.py:1166} INFO - Marking task as SUCCESS. dag_id=our_first_dag_v5, task_id=first_task, execution_date=20210731T000000, start_date=20230831T132124, end_date=20230831T132124
[2023-08-31 13:21:25,126] {taskinstance.py:1220} INFO - 0 downstream tasks scheduled from follow-on schedule check
[2023-08-31 13:21:25,155] {local_task_job.py:146} INFO - Task exited with return code 0
