[2023-08-31 13:22:13,553] {taskinstance.py:851} INFO - Dependencies all met for <TaskInstance: our_first_dag_v5.thrid_task 2021-09-29T00:00:00+00:00 [queued]>
[2023-08-31 13:22:13,635] {taskinstance.py:851} INFO - Dependencies all met for <TaskInstance: our_first_dag_v5.thrid_task 2021-09-29T00:00:00+00:00 [queued]>
[2023-08-31 13:22:13,636] {taskinstance.py:1042} INFO - 
--------------------------------------------------------------------------------
[2023-08-31 13:22:13,637] {taskinstance.py:1043} INFO - Starting attempt 1 of 6
[2023-08-31 13:22:13,637] {taskinstance.py:1044} INFO - 
--------------------------------------------------------------------------------
[2023-08-31 13:22:13,705] {taskinstance.py:1063} INFO - Executing <Task(BashOperator): thrid_task> on 2021-09-29T00:00:00+00:00
[2023-08-31 13:22:13,711] {standard_task_runner.py:52} INFO - Started process 2916 to run task
[2023-08-31 13:22:13,752] {standard_task_runner.py:76} INFO - Running: ['airflow', 'tasks', 'run', 'our_first_dag_v5', 'thrid_task', '2021-09-29T00:00:00+00:00', '--job-id', '189', '--pool', 'default_pool', '--raw', '--subdir', 'DAGS_FOLDER/our_first_dag.py', '--cfg-path', '/tmp/tmp1eyobvwz', '--error-file', '/tmp/tmpkpmp8zx4']
[2023-08-31 13:22:13,763] {standard_task_runner.py:77} INFO - Job 189: Subtask thrid_task
[2023-08-31 13:22:14,133] {logging_mixin.py:104} INFO - Running <TaskInstance: our_first_dag_v5.thrid_task 2021-09-29T00:00:00+00:00 [running]> on host e7718740c1e6
[2023-08-31 13:22:14,285] {taskinstance.py:1257} INFO - Exporting the following env vars:
AIRFLOW_CTX_DAG_OWNER=devendra
AIRFLOW_CTX_DAG_ID=our_first_dag_v5
AIRFLOW_CTX_TASK_ID=thrid_task
AIRFLOW_CTX_EXECUTION_DATE=2021-09-29T00:00:00+00:00
AIRFLOW_CTX_DAG_RUN_ID=scheduled__2021-09-29T00:00:00+00:00
[2023-08-31 13:22:14,291] {bash.py:135} INFO - Tmp dir root location: 
 /tmp
[2023-08-31 13:22:14,292] {bash.py:158} INFO - Running command: echo hey, I am task3 and will be running after task1 at the same time as task2!
[2023-08-31 13:22:14,324] {bash.py:169} INFO - Output:
[2023-08-31 13:22:14,386] {bash.py:173} INFO - hey, I am task3 and will be running after task1 at the same time as task2!
[2023-08-31 13:22:14,398] {bash.py:177} INFO - Command exited with return code 0
[2023-08-31 13:22:14,486] {taskinstance.py:1166} INFO - Marking task as SUCCESS. dag_id=our_first_dag_v5, task_id=thrid_task, execution_date=20210929T000000, start_date=20230831T132213, end_date=20230831T132214
[2023-08-31 13:22:14,703] {taskinstance.py:1220} INFO - 0 downstream tasks scheduled from follow-on schedule check
[2023-08-31 13:22:14,758] {local_task_job.py:146} INFO - Task exited with return code 0
