[2023-08-31 13:23:30,302] {taskinstance.py:851} INFO - Dependencies all met for <TaskInstance: our_first_dag_v5.thrid_task 2022-01-08T00:00:00+00:00 [queued]>
[2023-08-31 13:23:30,393] {taskinstance.py:851} INFO - Dependencies all met for <TaskInstance: our_first_dag_v5.thrid_task 2022-01-08T00:00:00+00:00 [queued]>
[2023-08-31 13:23:30,394] {taskinstance.py:1042} INFO - 
--------------------------------------------------------------------------------
[2023-08-31 13:23:30,395] {taskinstance.py:1043} INFO - Starting attempt 1 of 6
[2023-08-31 13:23:30,395] {taskinstance.py:1044} INFO - 
--------------------------------------------------------------------------------
[2023-08-31 13:23:30,449] {taskinstance.py:1063} INFO - Executing <Task(BashOperator): thrid_task> on 2022-01-08T00:00:00+00:00
[2023-08-31 13:23:30,453] {standard_task_runner.py:52} INFO - Started process 5424 to run task
[2023-08-31 13:23:30,471] {standard_task_runner.py:76} INFO - Running: ['airflow', 'tasks', 'run', 'our_first_dag_v5', 'thrid_task', '2022-01-08T00:00:00+00:00', '--job-id', '494', '--pool', 'default_pool', '--raw', '--subdir', 'DAGS_FOLDER/our_first_dag.py', '--cfg-path', '/tmp/tmp3r65pj79', '--error-file', '/tmp/tmp95oi7nce']
[2023-08-31 13:23:30,488] {standard_task_runner.py:77} INFO - Job 494: Subtask thrid_task
[2023-08-31 13:23:30,711] {logging_mixin.py:104} INFO - Running <TaskInstance: our_first_dag_v5.thrid_task 2022-01-08T00:00:00+00:00 [running]> on host e7718740c1e6
[2023-08-31 13:23:30,831] {taskinstance.py:1257} INFO - Exporting the following env vars:
AIRFLOW_CTX_DAG_OWNER=devendra
AIRFLOW_CTX_DAG_ID=our_first_dag_v5
AIRFLOW_CTX_TASK_ID=thrid_task
AIRFLOW_CTX_EXECUTION_DATE=2022-01-08T00:00:00+00:00
AIRFLOW_CTX_DAG_RUN_ID=scheduled__2022-01-08T00:00:00+00:00
[2023-08-31 13:23:30,832] {bash.py:135} INFO - Tmp dir root location: 
 /tmp
[2023-08-31 13:23:30,836] {bash.py:158} INFO - Running command: echo hey, I am task3 and will be running after task1 at the same time as task2!
[2023-08-31 13:23:30,884] {bash.py:169} INFO - Output:
[2023-08-31 13:23:31,005] {bash.py:173} INFO - hey, I am task3 and will be running after task1 at the same time as task2!
[2023-08-31 13:23:31,023] {bash.py:177} INFO - Command exited with return code 0
[2023-08-31 13:23:31,104] {taskinstance.py:1166} INFO - Marking task as SUCCESS. dag_id=our_first_dag_v5, task_id=thrid_task, execution_date=20220108T000000, start_date=20230831T132330, end_date=20230831T132331
[2023-08-31 13:23:31,546] {taskinstance.py:1220} INFO - 0 downstream tasks scheduled from follow-on schedule check
[2023-08-31 13:23:31,574] {local_task_job.py:146} INFO - Task exited with return code 0
