[2023-08-31 13:23:39,146] {taskinstance.py:851} INFO - Dependencies all met for <TaskInstance: our_first_dag_v5.first_task 2022-01-23T00:00:00+00:00 [queued]>
[2023-08-31 13:23:39,217] {taskinstance.py:851} INFO - Dependencies all met for <TaskInstance: our_first_dag_v5.first_task 2022-01-23T00:00:00+00:00 [queued]>
[2023-08-31 13:23:39,221] {taskinstance.py:1042} INFO - 
--------------------------------------------------------------------------------
[2023-08-31 13:23:39,221] {taskinstance.py:1043} INFO - Starting attempt 1 of 6
[2023-08-31 13:23:39,222] {taskinstance.py:1044} INFO - 
--------------------------------------------------------------------------------
[2023-08-31 13:23:39,274] {taskinstance.py:1063} INFO - Executing <Task(BashOperator): first_task> on 2022-01-23T00:00:00+00:00
[2023-08-31 13:23:39,283] {standard_task_runner.py:52} INFO - Started process 5705 to run task
[2023-08-31 13:23:39,299] {standard_task_runner.py:76} INFO - Running: ['airflow', 'tasks', 'run', 'our_first_dag_v5', 'first_task', '2022-01-23T00:00:00+00:00', '--job-id', '527', '--pool', 'default_pool', '--raw', '--subdir', 'DAGS_FOLDER/our_first_dag.py', '--cfg-path', '/tmp/tmp8ele8quq', '--error-file', '/tmp/tmpv85zhdq_']
[2023-08-31 13:23:39,307] {standard_task_runner.py:77} INFO - Job 527: Subtask first_task
[2023-08-31 13:23:39,459] {logging_mixin.py:104} INFO - Running <TaskInstance: our_first_dag_v5.first_task 2022-01-23T00:00:00+00:00 [running]> on host e7718740c1e6
[2023-08-31 13:23:39,596] {taskinstance.py:1257} INFO - Exporting the following env vars:
AIRFLOW_CTX_DAG_OWNER=devendra
AIRFLOW_CTX_DAG_ID=our_first_dag_v5
AIRFLOW_CTX_TASK_ID=first_task
AIRFLOW_CTX_EXECUTION_DATE=2022-01-23T00:00:00+00:00
AIRFLOW_CTX_DAG_RUN_ID=scheduled__2022-01-23T00:00:00+00:00
[2023-08-31 13:23:39,608] {bash.py:135} INFO - Tmp dir root location: 
 /tmp
[2023-08-31 13:23:39,610] {bash.py:158} INFO - Running command: echo hello world, this is the first task!
[2023-08-31 13:23:39,622] {bash.py:169} INFO - Output:
[2023-08-31 13:23:39,687] {bash.py:173} INFO - hello world, this is the first task!
[2023-08-31 13:23:39,704] {bash.py:177} INFO - Command exited with return code 0
[2023-08-31 13:23:39,805] {taskinstance.py:1166} INFO - Marking task as SUCCESS. dag_id=our_first_dag_v5, task_id=first_task, execution_date=20220123T000000, start_date=20230831T132339, end_date=20230831T132339
[2023-08-31 13:23:40,208] {taskinstance.py:1220} INFO - 0 downstream tasks scheduled from follow-on schedule check
[2023-08-31 13:23:40,267] {local_task_job.py:146} INFO - Task exited with return code 0
