[2023-08-31 13:23:22,699] {taskinstance.py:851} INFO - Dependencies all met for <TaskInstance: our_first_dag_v5.thrid_task 2021-12-29T00:00:00+00:00 [queued]>
[2023-08-31 13:23:22,815] {taskinstance.py:851} INFO - Dependencies all met for <TaskInstance: our_first_dag_v5.thrid_task 2021-12-29T00:00:00+00:00 [queued]>
[2023-08-31 13:23:22,816] {taskinstance.py:1042} INFO - 
--------------------------------------------------------------------------------
[2023-08-31 13:23:22,816] {taskinstance.py:1043} INFO - Starting attempt 1 of 6
[2023-08-31 13:23:22,817] {taskinstance.py:1044} INFO - 
--------------------------------------------------------------------------------
[2023-08-31 13:23:22,866] {taskinstance.py:1063} INFO - Executing <Task(BashOperator): thrid_task> on 2021-12-29T00:00:00+00:00
[2023-08-31 13:23:22,870] {standard_task_runner.py:52} INFO - Started process 5163 to run task
[2023-08-31 13:23:22,892] {standard_task_runner.py:76} INFO - Running: ['airflow', 'tasks', 'run', 'our_first_dag_v5', 'thrid_task', '2021-12-29T00:00:00+00:00', '--job-id', '464', '--pool', 'default_pool', '--raw', '--subdir', 'DAGS_FOLDER/our_first_dag.py', '--cfg-path', '/tmp/tmpuswsiis6', '--error-file', '/tmp/tmpw5j72leo']
[2023-08-31 13:23:22,909] {standard_task_runner.py:77} INFO - Job 464: Subtask thrid_task
[2023-08-31 13:23:23,096] {logging_mixin.py:104} INFO - Running <TaskInstance: our_first_dag_v5.thrid_task 2021-12-29T00:00:00+00:00 [running]> on host e7718740c1e6
[2023-08-31 13:23:23,390] {taskinstance.py:1257} INFO - Exporting the following env vars:
AIRFLOW_CTX_DAG_OWNER=devendra
AIRFLOW_CTX_DAG_ID=our_first_dag_v5
AIRFLOW_CTX_TASK_ID=thrid_task
AIRFLOW_CTX_EXECUTION_DATE=2021-12-29T00:00:00+00:00
AIRFLOW_CTX_DAG_RUN_ID=scheduled__2021-12-29T00:00:00+00:00
[2023-08-31 13:23:23,392] {bash.py:135} INFO - Tmp dir root location: 
 /tmp
[2023-08-31 13:23:23,394] {bash.py:158} INFO - Running command: echo hey, I am task3 and will be running after task1 at the same time as task2!
[2023-08-31 13:23:23,433] {bash.py:169} INFO - Output:
[2023-08-31 13:23:23,510] {bash.py:173} INFO - hey, I am task3 and will be running after task1 at the same time as task2!
[2023-08-31 13:23:23,514] {bash.py:177} INFO - Command exited with return code 0
[2023-08-31 13:23:23,597] {taskinstance.py:1166} INFO - Marking task as SUCCESS. dag_id=our_first_dag_v5, task_id=thrid_task, execution_date=20211229T000000, start_date=20230831T132322, end_date=20230831T132323
[2023-08-31 13:23:24,066] {taskinstance.py:1220} INFO - 0 downstream tasks scheduled from follow-on schedule check
[2023-08-31 13:23:24,087] {local_task_job.py:146} INFO - Task exited with return code 0
