[2023-08-31 13:22:35,186] {taskinstance.py:851} INFO - Dependencies all met for <TaskInstance: our_first_dag_v5.first_task 2021-10-31T00:00:00+00:00 [queued]>
[2023-08-31 13:22:35,250] {taskinstance.py:851} INFO - Dependencies all met for <TaskInstance: our_first_dag_v5.first_task 2021-10-31T00:00:00+00:00 [queued]>
[2023-08-31 13:22:35,258] {taskinstance.py:1042} INFO - 
--------------------------------------------------------------------------------
[2023-08-31 13:22:35,259] {taskinstance.py:1043} INFO - Starting attempt 1 of 6
[2023-08-31 13:22:35,259] {taskinstance.py:1044} INFO - 
--------------------------------------------------------------------------------
[2023-08-31 13:22:35,319] {taskinstance.py:1063} INFO - Executing <Task(BashOperator): first_task> on 2021-10-31T00:00:00+00:00
[2023-08-31 13:22:35,326] {standard_task_runner.py:52} INFO - Started process 3624 to run task
[2023-08-31 13:22:35,354] {standard_task_runner.py:76} INFO - Running: ['airflow', 'tasks', 'run', 'our_first_dag_v5', 'first_task', '2021-10-31T00:00:00+00:00', '--job-id', '275', '--pool', 'default_pool', '--raw', '--subdir', 'DAGS_FOLDER/our_first_dag.py', '--cfg-path', '/tmp/tmpfiatym17', '--error-file', '/tmp/tmpzvbc6kiw']
[2023-08-31 13:22:35,376] {standard_task_runner.py:77} INFO - Job 275: Subtask first_task
[2023-08-31 13:22:35,556] {logging_mixin.py:104} INFO - Running <TaskInstance: our_first_dag_v5.first_task 2021-10-31T00:00:00+00:00 [running]> on host e7718740c1e6
[2023-08-31 13:22:35,709] {taskinstance.py:1257} INFO - Exporting the following env vars:
AIRFLOW_CTX_DAG_OWNER=devendra
AIRFLOW_CTX_DAG_ID=our_first_dag_v5
AIRFLOW_CTX_TASK_ID=first_task
AIRFLOW_CTX_EXECUTION_DATE=2021-10-31T00:00:00+00:00
AIRFLOW_CTX_DAG_RUN_ID=scheduled__2021-10-31T00:00:00+00:00
[2023-08-31 13:22:35,710] {bash.py:135} INFO - Tmp dir root location: 
 /tmp
[2023-08-31 13:22:35,712] {bash.py:158} INFO - Running command: echo hello world, this is the first task!
[2023-08-31 13:22:35,749] {bash.py:169} INFO - Output:
[2023-08-31 13:22:35,803] {bash.py:173} INFO - hello world, this is the first task!
[2023-08-31 13:22:35,820] {bash.py:177} INFO - Command exited with return code 0
[2023-08-31 13:22:35,891] {taskinstance.py:1166} INFO - Marking task as SUCCESS. dag_id=our_first_dag_v5, task_id=first_task, execution_date=20211031T000000, start_date=20230831T132235, end_date=20230831T132235
[2023-08-31 13:22:35,949] {taskinstance.py:1220} INFO - 2 downstream tasks scheduled from follow-on schedule check
[2023-08-31 13:22:35,968] {local_task_job.py:146} INFO - Task exited with return code 0
