[2023-08-31 13:21:31,846] {taskinstance.py:851} INFO - Dependencies all met for <TaskInstance: our_first_dag_v5.first_task 2021-08-11T00:00:00+00:00 [queued]>
[2023-08-31 13:21:31,922] {taskinstance.py:851} INFO - Dependencies all met for <TaskInstance: our_first_dag_v5.first_task 2021-08-11T00:00:00+00:00 [queued]>
[2023-08-31 13:21:31,924] {taskinstance.py:1042} INFO - 
--------------------------------------------------------------------------------
[2023-08-31 13:21:31,925] {taskinstance.py:1043} INFO - Starting attempt 1 of 6
[2023-08-31 13:21:31,925] {taskinstance.py:1044} INFO - 
--------------------------------------------------------------------------------
[2023-08-31 13:21:32,001] {taskinstance.py:1063} INFO - Executing <Task(BashOperator): first_task> on 2021-08-11T00:00:00+00:00
[2023-08-31 13:21:32,010] {standard_task_runner.py:52} INFO - Started process 1602 to run task
[2023-08-31 13:21:32,048] {standard_task_runner.py:76} INFO - Running: ['airflow', 'tasks', 'run', 'our_first_dag_v5', 'first_task', '2021-08-11T00:00:00+00:00', '--job-id', '33', '--pool', 'default_pool', '--raw', '--subdir', 'DAGS_FOLDER/our_first_dag.py', '--cfg-path', '/tmp/tmpzac__kzd', '--error-file', '/tmp/tmpuovnn6au']
[2023-08-31 13:21:32,065] {standard_task_runner.py:77} INFO - Job 33: Subtask first_task
[2023-08-31 13:21:32,287] {logging_mixin.py:104} INFO - Running <TaskInstance: our_first_dag_v5.first_task 2021-08-11T00:00:00+00:00 [running]> on host e7718740c1e6
[2023-08-31 13:21:32,545] {taskinstance.py:1257} INFO - Exporting the following env vars:
AIRFLOW_CTX_DAG_OWNER=devendra
AIRFLOW_CTX_DAG_ID=our_first_dag_v5
AIRFLOW_CTX_TASK_ID=first_task
AIRFLOW_CTX_EXECUTION_DATE=2021-08-11T00:00:00+00:00
AIRFLOW_CTX_DAG_RUN_ID=scheduled__2021-08-11T00:00:00+00:00
[2023-08-31 13:21:32,547] {bash.py:135} INFO - Tmp dir root location: 
 /tmp
[2023-08-31 13:21:32,549] {bash.py:158} INFO - Running command: echo hello world, this is the first task!
[2023-08-31 13:21:32,563] {bash.py:169} INFO - Output:
[2023-08-31 13:21:32,646] {bash.py:173} INFO - hello world, this is the first task!
[2023-08-31 13:21:32,678] {bash.py:177} INFO - Command exited with return code 0
[2023-08-31 13:21:32,788] {taskinstance.py:1166} INFO - Marking task as SUCCESS. dag_id=our_first_dag_v5, task_id=first_task, execution_date=20210811T000000, start_date=20230831T132131, end_date=20230831T132132
[2023-08-31 13:21:33,204] {taskinstance.py:1220} INFO - 0 downstream tasks scheduled from follow-on schedule check
[2023-08-31 13:21:33,250] {local_task_job.py:146} INFO - Task exited with return code 0
