[2023-08-31 13:22:28,467] {taskinstance.py:851} INFO - Dependencies all met for <TaskInstance: our_first_dag_v5.first_task 2021-10-22T00:00:00+00:00 [queued]>
[2023-08-31 13:22:28,549] {taskinstance.py:851} INFO - Dependencies all met for <TaskInstance: our_first_dag_v5.first_task 2021-10-22T00:00:00+00:00 [queued]>
[2023-08-31 13:22:28,553] {taskinstance.py:1042} INFO - 
--------------------------------------------------------------------------------
[2023-08-31 13:22:28,555] {taskinstance.py:1043} INFO - Starting attempt 1 of 6
[2023-08-31 13:22:28,556] {taskinstance.py:1044} INFO - 
--------------------------------------------------------------------------------
[2023-08-31 13:22:28,615] {taskinstance.py:1063} INFO - Executing <Task(BashOperator): first_task> on 2021-10-22T00:00:00+00:00
[2023-08-31 13:22:28,623] {standard_task_runner.py:52} INFO - Started process 3388 to run task
[2023-08-31 13:22:28,652] {standard_task_runner.py:76} INFO - Running: ['airflow', 'tasks', 'run', 'our_first_dag_v5', 'first_task', '2021-10-22T00:00:00+00:00', '--job-id', '248', '--pool', 'default_pool', '--raw', '--subdir', 'DAGS_FOLDER/our_first_dag.py', '--cfg-path', '/tmp/tmp6534ymer', '--error-file', '/tmp/tmp8ifnocmi']
[2023-08-31 13:22:28,671] {standard_task_runner.py:77} INFO - Job 248: Subtask first_task
[2023-08-31 13:22:28,854] {logging_mixin.py:104} INFO - Running <TaskInstance: our_first_dag_v5.first_task 2021-10-22T00:00:00+00:00 [running]> on host e7718740c1e6
[2023-08-31 13:22:29,029] {taskinstance.py:1257} INFO - Exporting the following env vars:
AIRFLOW_CTX_DAG_OWNER=devendra
AIRFLOW_CTX_DAG_ID=our_first_dag_v5
AIRFLOW_CTX_TASK_ID=first_task
AIRFLOW_CTX_EXECUTION_DATE=2021-10-22T00:00:00+00:00
AIRFLOW_CTX_DAG_RUN_ID=scheduled__2021-10-22T00:00:00+00:00
[2023-08-31 13:22:29,031] {bash.py:135} INFO - Tmp dir root location: 
 /tmp
[2023-08-31 13:22:29,032] {bash.py:158} INFO - Running command: echo hello world, this is the first task!
[2023-08-31 13:22:29,080] {bash.py:169} INFO - Output:
[2023-08-31 13:22:29,233] {bash.py:173} INFO - hello world, this is the first task!
[2023-08-31 13:22:29,244] {bash.py:177} INFO - Command exited with return code 0
[2023-08-31 13:22:29,333] {taskinstance.py:1166} INFO - Marking task as SUCCESS. dag_id=our_first_dag_v5, task_id=first_task, execution_date=20211022T000000, start_date=20230831T132228, end_date=20230831T132229
[2023-08-31 13:22:29,637] {taskinstance.py:1220} INFO - 0 downstream tasks scheduled from follow-on schedule check
[2023-08-31 13:22:29,689] {local_task_job.py:146} INFO - Task exited with return code 0
