[2023-08-31 13:21:50,833] {taskinstance.py:851} INFO - Dependencies all met for <TaskInstance: our_first_dag_v5.first_task 2021-09-05T00:00:00+00:00 [queued]>
[2023-08-31 13:21:50,921] {taskinstance.py:851} INFO - Dependencies all met for <TaskInstance: our_first_dag_v5.first_task 2021-09-05T00:00:00+00:00 [queued]>
[2023-08-31 13:21:50,923] {taskinstance.py:1042} INFO - 
--------------------------------------------------------------------------------
[2023-08-31 13:21:50,923] {taskinstance.py:1043} INFO - Starting attempt 1 of 6
[2023-08-31 13:21:50,924] {taskinstance.py:1044} INFO - 
--------------------------------------------------------------------------------
[2023-08-31 13:21:50,979] {taskinstance.py:1063} INFO - Executing <Task(BashOperator): first_task> on 2021-09-05T00:00:00+00:00
[2023-08-31 13:21:50,985] {standard_task_runner.py:52} INFO - Started process 2220 to run task
[2023-08-31 13:21:51,011] {standard_task_runner.py:76} INFO - Running: ['airflow', 'tasks', 'run', 'our_first_dag_v5', 'first_task', '2021-09-05T00:00:00+00:00', '--job-id', '107', '--pool', 'default_pool', '--raw', '--subdir', 'DAGS_FOLDER/our_first_dag.py', '--cfg-path', '/tmp/tmp5aa01ufx', '--error-file', '/tmp/tmp6_u04lvp']
[2023-08-31 13:21:51,019] {standard_task_runner.py:77} INFO - Job 107: Subtask first_task
[2023-08-31 13:21:51,194] {logging_mixin.py:104} INFO - Running <TaskInstance: our_first_dag_v5.first_task 2021-09-05T00:00:00+00:00 [running]> on host e7718740c1e6
[2023-08-31 13:21:51,396] {taskinstance.py:1257} INFO - Exporting the following env vars:
AIRFLOW_CTX_DAG_OWNER=devendra
AIRFLOW_CTX_DAG_ID=our_first_dag_v5
AIRFLOW_CTX_TASK_ID=first_task
AIRFLOW_CTX_EXECUTION_DATE=2021-09-05T00:00:00+00:00
AIRFLOW_CTX_DAG_RUN_ID=scheduled__2021-09-05T00:00:00+00:00
[2023-08-31 13:21:51,397] {bash.py:135} INFO - Tmp dir root location: 
 /tmp
[2023-08-31 13:21:51,399] {bash.py:158} INFO - Running command: echo hello world, this is the first task!
[2023-08-31 13:21:51,408] {bash.py:169} INFO - Output:
[2023-08-31 13:21:51,475] {bash.py:173} INFO - hello world, this is the first task!
[2023-08-31 13:21:51,478] {bash.py:177} INFO - Command exited with return code 0
[2023-08-31 13:21:51,536] {taskinstance.py:1166} INFO - Marking task as SUCCESS. dag_id=our_first_dag_v5, task_id=first_task, execution_date=20210905T000000, start_date=20230831T132150, end_date=20230831T132151
[2023-08-31 13:21:51,884] {taskinstance.py:1220} INFO - 0 downstream tasks scheduled from follow-on schedule check
[2023-08-31 13:21:51,932] {local_task_job.py:146} INFO - Task exited with return code 0
