[2023-08-31 13:23:01,897] {taskinstance.py:851} INFO - Dependencies all met for <TaskInstance: our_first_dag_v5.first_task 2021-12-06T00:00:00+00:00 [queued]>
[2023-08-31 13:23:01,966] {taskinstance.py:851} INFO - Dependencies all met for <TaskInstance: our_first_dag_v5.first_task 2021-12-06T00:00:00+00:00 [queued]>
[2023-08-31 13:23:01,967] {taskinstance.py:1042} INFO - 
--------------------------------------------------------------------------------
[2023-08-31 13:23:01,968] {taskinstance.py:1043} INFO - Starting attempt 1 of 6
[2023-08-31 13:23:01,968] {taskinstance.py:1044} INFO - 
--------------------------------------------------------------------------------
[2023-08-31 13:23:02,038] {taskinstance.py:1063} INFO - Executing <Task(BashOperator): first_task> on 2021-12-06T00:00:00+00:00
[2023-08-31 13:23:02,042] {standard_task_runner.py:52} INFO - Started process 4488 to run task
[2023-08-31 13:23:02,063] {standard_task_runner.py:76} INFO - Running: ['airflow', 'tasks', 'run', 'our_first_dag_v5', 'first_task', '2021-12-06T00:00:00+00:00', '--job-id', '382', '--pool', 'default_pool', '--raw', '--subdir', 'DAGS_FOLDER/our_first_dag.py', '--cfg-path', '/tmp/tmpgo2e35ct', '--error-file', '/tmp/tmpn6pxeo0t']
[2023-08-31 13:23:02,078] {standard_task_runner.py:77} INFO - Job 382: Subtask first_task
[2023-08-31 13:23:02,242] {logging_mixin.py:104} INFO - Running <TaskInstance: our_first_dag_v5.first_task 2021-12-06T00:00:00+00:00 [running]> on host e7718740c1e6
[2023-08-31 13:23:02,473] {taskinstance.py:1257} INFO - Exporting the following env vars:
AIRFLOW_CTX_DAG_OWNER=devendra
AIRFLOW_CTX_DAG_ID=our_first_dag_v5
AIRFLOW_CTX_TASK_ID=first_task
AIRFLOW_CTX_EXECUTION_DATE=2021-12-06T00:00:00+00:00
AIRFLOW_CTX_DAG_RUN_ID=scheduled__2021-12-06T00:00:00+00:00
[2023-08-31 13:23:02,475] {bash.py:135} INFO - Tmp dir root location: 
 /tmp
[2023-08-31 13:23:02,477] {bash.py:158} INFO - Running command: echo hello world, this is the first task!
[2023-08-31 13:23:02,517] {bash.py:169} INFO - Output:
[2023-08-31 13:23:02,642] {bash.py:173} INFO - hello world, this is the first task!
[2023-08-31 13:23:02,649] {bash.py:177} INFO - Command exited with return code 0
[2023-08-31 13:23:02,720] {taskinstance.py:1166} INFO - Marking task as SUCCESS. dag_id=our_first_dag_v5, task_id=first_task, execution_date=20211206T000000, start_date=20230831T132301, end_date=20230831T132302
[2023-08-31 13:23:02,879] {taskinstance.py:1220} INFO - 2 downstream tasks scheduled from follow-on schedule check
[2023-08-31 13:23:02,954] {local_task_job.py:146} INFO - Task exited with return code 0
